<?xml version="1.0" encoding="UTF-8"?>
<!-- Generated by org.testng.reporters.JUnitXMLReporter -->
<testsuite hostname="Aswinikumars-MacBook-Pro.local" name="Default test" tests="97" failures="0" timestamp="14 Mar 2023 12:37:38 GMT" time="3833.769" errors="0">
  <testcase name="preConditionsTest_for_USACCPA" time="321.794" classname="com.twc.ios.app.testcases.AndroidUSACCPAPrivacyTest"/>
  <testcase name="verify_enabling_Privacy_optin_for_USACCPA" time="250.05" classname="com.twc.ios.app.testcases.AndroidUSACCPAPrivacyTest"/>
  <testcase name="navigate_To_Feed_Cards_when_Privacy_optin_for_USACCPA" time="101.33" classname="com.twc.ios.app.testcases.AndroidUSACCPAPrivacyTest"/>
  <testcase name="validate_NextGen_IM_Adcall_sod_val_privacy_optin_for_USACCPA" time="0.154" classname="com.twc.ios.app.testcases.AndroidUSACCPAPrivacyTest"/>
  <testcase name="verify_Daily_details_call_sod_val_privacy_optin_for_USACCPA" time="0.073" classname="com.twc.ios.app.testcases.AndroidUSACCPAPrivacyTest"/>
  <testcase name="Verify_Amazon_Call_for_USACCPA" time="0.08" classname="com.twc.ios.app.testcases.AndroidUSACCPAPrivacyTest"/>
  <testcase name="Verify_Lotame_call_privacy_optin_for_USACCPA" time="0.08" classname="com.twc.ios.app.testcases.AndroidUSACCPAPrivacyTest"/>
  <testcase name="Verify_LocationWFXTriggers_Call_privacy_optin_for_USACCPA" time="0.1" classname="com.twc.ios.app.testcases.AndroidUSACCPAPrivacyTest"/>
  <testcase name="Verify_WFXTriggers_Call_privacy_optin_for_USACCPA" time="0.075" classname="com.twc.ios.app.testcases.AndroidUSACCPAPrivacyTest"/>
  <testcase name="validate_NextGen_IM_call_rdp_val_privacy_optin_for_USACCPA" time="0.083" classname="com.twc.ios.app.testcases.AndroidUSACCPAPrivacyTest"/>
  <testcase name="Verify_Criteo_SDK_inapp_v2_Call_privacy_optin_for_USACCPA" time="0.072" classname="com.twc.ios.app.testcases.AndroidUSACCPAPrivacyTest"/>
  <testcase name="Verify_Criteo_SDK_config_app_Call_privacy_optin_for_USACCPA" time="0.067" classname="com.twc.ios.app.testcases.AndroidUSACCPAPrivacyTest"/>
  <testcase name="derive_VideoCall_IU_when_Privacy_optin_for_USACCPA" time="76.058" classname="com.twc.ios.app.testcases.AndroidUSACCPAPrivacyTest"/>
  <testcase name="verify_PrerollAd_call_sod_val_privacy_optin_for_USACCPA" time="0.314" classname="com.twc.ios.app.testcases.AndroidUSACCPAPrivacyTest"/>
  <testcase name="validate_PrerollVideo_call_rdp_val_privacy_optin_for_USACCPA" time="0.122" classname="com.twc.ios.app.testcases.AndroidUSACCPAPrivacyTest"/>
  <testcase name="verify_enabling_Privacy_optout_for_USACCPA" time="263.846" classname="com.twc.ios.app.testcases.AndroidUSACCPAPrivacyTest"/>
  <testcase name="navigate_To_Feed_Cards_when_Privacy_optout_for_USACCPA" time="102.15" classname="com.twc.ios.app.testcases.AndroidUSACCPAPrivacyTest"/>
  <testcase name="validate_NextGen_IM_Adcall_sod_val_privacy_optout_for_USACCPA" time="0.055" classname="com.twc.ios.app.testcases.AndroidUSACCPAPrivacyTest"/>
  <testcase name="verify_Daily_details_call_sod_val_privacy_optout_for_USACCPA" time="0.056" classname="com.twc.ios.app.testcases.AndroidUSACCPAPrivacyTest"/>
  <testcase name="Verify_Amazon_Call_privacy_optout_for_USACCPA" time="0.056" classname="com.twc.ios.app.testcases.AndroidUSACCPAPrivacyTest"/>
  <testcase name="Verify_Lotame_Call_privacy_optout_for_USACCPA" time="0.063" classname="com.twc.ios.app.testcases.AndroidUSACCPAPrivacyTest"/>
  <testcase name="Verify_LocationWFXTriggers_Call_privacy_optout_for_USACCPA" time="0.06" classname="com.twc.ios.app.testcases.AndroidUSACCPAPrivacyTest"/>
  <testcase name="Verify_WFXTriggers_Call_privacy_optout_for_USACCPA" time="0.058" classname="com.twc.ios.app.testcases.AndroidUSACCPAPrivacyTest"/>
  <testcase name="validate_NextGen_IM_call_rdp_val_privacy_optout_for_USACCPA" time="0.062" classname="com.twc.ios.app.testcases.AndroidUSACCPAPrivacyTest"/>
  <testcase name="Verify_Criteo_SDK_inapp_v2_Call_privacy_optout_for_USACCPA" time="0.062" classname="com.twc.ios.app.testcases.AndroidUSACCPAPrivacyTest"/>
  <testcase name="Verify_Criteo_SDK_config_app_Call_privacy_optout_for_USACCPA" time="0.066" classname="com.twc.ios.app.testcases.AndroidUSACCPAPrivacyTest"/>
  <testcase name="derive_VideoCall_IU_when_Privacy_optout_for_USACCPA" time="75.287" classname="com.twc.ios.app.testcases.AndroidUSACCPAPrivacyTest"/>
  <testcase name="verify_PrerollAd_call_sod_val_privacy_optout_for_USACCPA" time="0.236" classname="com.twc.ios.app.testcases.AndroidUSACCPAPrivacyTest"/>
  <testcase name="validate_PrerollVideo_call_rdp_val_privacy_optout_for_USACCPA" time="240.088" classname="com.twc.ios.app.testcases.AndroidUSACCPAPrivacyTest"/>
  <testcase name="enable_PreConfiguration_for_USACCPA_To_LGPD_Travel_Scenario" time="161.234" classname="com.twc.ios.app.testcases.AndroidUSACCPAPrivacyTest"/>
  <testcase name="navigate_To_Feed_Cards_when_Privacy_optout_for_USACCPA_To_LGPD_Travel_Scenario" time="67.852" classname="com.twc.ios.app.testcases.AndroidUSACCPAPrivacyTest"/>
  <testcase name="validate_NextGen_IM_Adcall_sod_val_privacy_optout_for_USACCPA_To_LGPD_Travel_Scenario" time="0.022" classname="com.twc.ios.app.testcases.AndroidUSACCPAPrivacyTest"/>
  <testcase name="Verify_Amazon_Call_privacy_optout_for_USACCPA_To_LGPD_Travel_Scenario" time="0.02" classname="com.twc.ios.app.testcases.AndroidUSACCPAPrivacyTest"/>
  <testcase name="Verify_Lotame_Call_privacy_optout_for_USACCPA_To_LGPD_Travel_Scenario" time="0.019" classname="com.twc.ios.app.testcases.AndroidUSACCPAPrivacyTest"/>
  <testcase name="Verify_LocationWFXTriggers_Call_privacy_optout_for_USACCPA_To_LGPD_Travel_Scenario" time="0.022" classname="com.twc.ios.app.testcases.AndroidUSACCPAPrivacyTest"/>
  <testcase name="validate_NextGen_IM_call_rdp_val_privacy_optout_for_USACCPA_To_LGPD_Travel_Scenario" time="0.022" classname="com.twc.ios.app.testcases.AndroidUSACCPAPrivacyTest"/>
  <testcase name="validate_NextGen_IM_call_npa_val_privacy_optout_for_USACCPA_To_LGPD_Travel_Scenario" time="0.021" classname="com.twc.ios.app.testcases.AndroidUSACCPAPrivacyTest"/>
  <testcase name="Verify_Criteo_SDK_inapp_v2_Call_privacy_optout_for_USACCPA_To_LGPD_Travel_Scenario" time="0.022" classname="com.twc.ios.app.testcases.AndroidUSACCPAPrivacyTest"/>
  <testcase name="Verify_Criteo_SDK_config_app_Call_privacy_optout_for_USACCPA_To_LGPD_Travel_Scenario" time="0.022" classname="com.twc.ios.app.testcases.AndroidUSACCPAPrivacyTest"/>
  <testcase name="derive_VideoCall_IU_when_Privacy_optout_for_USACCPA_To_LGPD_Travel_Scenario" time="76.302" classname="com.twc.ios.app.testcases.AndroidUSACCPAPrivacyTest"/>
  <testcase name="verify_PrerollAd_call_sod_val_privacy_optout_for_USACCPA_To_LGPD_Travel_Scenario" time="0.288" classname="com.twc.ios.app.testcases.AndroidUSACCPAPrivacyTest"/>
  <testcase name="validate_Video_call_npa_val_privacy_optout_for_USACCPA_To_LGPD_Travel_Scenario" time="0.125" classname="com.twc.ios.app.testcases.AndroidUSACCPAPrivacyTest"/>
  <testcase name="validate_PrerollVideo_call_rdp_val_privacy_optout_for_USACCPA_To_LGPD_Travel_Scenario" time="240.119" classname="com.twc.ios.app.testcases.AndroidUSACCPAPrivacyTest"/>
  <testcase name="enable_PreConfiguration_for_USACCPA_To_GDPR_Travel_Scenario" time="65.093" classname="com.twc.ios.app.testcases.AndroidUSACCPAPrivacyTest"/>
  <testcase name="navigate_To_Feed_Cards_when_Privacy_optout_for_USACCPA_To_GDPR_Travel_Scenario" time="66.892" classname="com.twc.ios.app.testcases.AndroidUSACCPAPrivacyTest"/>
  <testcase name="validate_NextGen_IM_Adcall_sod_val_privacy_optout_for_USACCPA_To_GDPR_Travel_Scenario" time="0.164" classname="com.twc.ios.app.testcases.AndroidUSACCPAPrivacyTest"/>
  <testcase name="Verify_Amazon_Call_privacy_optout_for_USACCPA_To_GDPR_Travel_Scenario" time="0.021" classname="com.twc.ios.app.testcases.AndroidUSACCPAPrivacyTest"/>
  <testcase name="Verify_Lotame_Call_privacy_optout_for_USACCPA_To_GDPR_Travel_Scenario" time="0.022" classname="com.twc.ios.app.testcases.AndroidUSACCPAPrivacyTest"/>
  <testcase name="Verify_LocationWFXTriggers_Call_privacy_optout_for_USACCPA_To_GDPR_Travel_Scenario" time="0.021" classname="com.twc.ios.app.testcases.AndroidUSACCPAPrivacyTest"/>
  <testcase name="validate_NextGen_IM_call_rdp_val_privacy_optout_for_USACCPA_To_GDPR_Travel_Scenario" time="0.023" classname="com.twc.ios.app.testcases.AndroidUSACCPAPrivacyTest"/>
  <testcase name="validate_NextGen_IM_call_npa_val_privacy_optout_for_USACCPA_To_GDPR_Travel_Scenario" time="0.022" classname="com.twc.ios.app.testcases.AndroidUSACCPAPrivacyTest"/>
  <testcase name="Verify_Criteo_SDK_inapp_v2_Call_privacy_optout_for_USACCPA_To_GDPR_Travel_Scenario" time="0.023" classname="com.twc.ios.app.testcases.AndroidUSACCPAPrivacyTest"/>
  <testcase name="Verify_Criteo_SDK_config_app_Call_privacy_optout_for_USACCPA_To_GDPR_Travel_Scenario" time="0.024" classname="com.twc.ios.app.testcases.AndroidUSACCPAPrivacyTest"/>
  <testcase name="derive_VideoCall_IU_when_Privacy_optout_for_USACCPA_To_GDPR_Travel_Scenario" time="75.741" classname="com.twc.ios.app.testcases.AndroidUSACCPAPrivacyTest"/>
  <testcase name="verify_PrerollAd_call_sod_val_privacy_optout_for_USACCPA_To_GDPR_Travel_Scenario" time="0.098" classname="com.twc.ios.app.testcases.AndroidUSACCPAPrivacyTest"/>
  <testcase name="validate_Video_call_npa_val_privacy_optout_for_USACCPA_To_GDPR_Travel_Scenario" time="0.105" classname="com.twc.ios.app.testcases.AndroidUSACCPAPrivacyTest"/>
  <testcase name="validate_PrerollVideo_call_rdp_val_privacy_optout_for_USACCPA_To_GDPR_Travel_Scenario" time="240.089" classname="com.twc.ios.app.testcases.AndroidUSACCPAPrivacyTest"/>
  <testcase name="enable_PreConfiguration_for_USACCPA_To_SERBIA_Travel_Scenario" time="66.418" classname="com.twc.ios.app.testcases.AndroidUSACCPAPrivacyTest"/>
  <testcase name="navigate_To_Feed_Cards_when_Privacy_optout_for_USACCPA_To_SERBIA_Travel_Scenario" time="66.926" classname="com.twc.ios.app.testcases.AndroidUSACCPAPrivacyTest"/>
  <testcase name="validate_NextGen_IM_Adcall_sod_val_privacy_optout_for_USACCPA_To_SERBIA_Travel_Scenario" time="0.152" classname="com.twc.ios.app.testcases.AndroidUSACCPAPrivacyTest"/>
  <testcase name="Verify_Amazon_Call_privacy_optout_for_USACCPA_To_SERBIA_Travel_Scenario" time="0.021" classname="com.twc.ios.app.testcases.AndroidUSACCPAPrivacyTest"/>
  <testcase name="Verify_Lotame_Call_privacy_optout_for_USACCPA_To_SERBIA_Travel_Scenario" time="0.021" classname="com.twc.ios.app.testcases.AndroidUSACCPAPrivacyTest"/>
  <testcase name="Verify_LocationWFXTriggers_Call_privacy_optout_for_USACCPA_To_SERBIA_Travel_Scenario" time="0.021" classname="com.twc.ios.app.testcases.AndroidUSACCPAPrivacyTest"/>
  <testcase name="validate_NextGen_IM_call_rdp_val_privacy_optout_for_USACCPA_To_SERBIA_Travel_Scenario" time="0.021" classname="com.twc.ios.app.testcases.AndroidUSACCPAPrivacyTest"/>
  <testcase name="validate_NextGen_IM_call_npa_val_privacy_optout_for_USACCPA_To_SERBIA_Travel_Scenario" time="0.022" classname="com.twc.ios.app.testcases.AndroidUSACCPAPrivacyTest"/>
  <testcase name="Verify_Criteo_SDK_inapp_v2_Call_privacy_optout_for_USACCPA_To_SERBIA_Travel_Scenario" time="0.021" classname="com.twc.ios.app.testcases.AndroidUSACCPAPrivacyTest"/>
  <testcase name="Verify_Criteo_SDK_config_app_Call_privacy_optout_for_USACCPA_To_SERBIA_Travel_Scenario" time="0.021" classname="com.twc.ios.app.testcases.AndroidUSACCPAPrivacyTest"/>
  <testcase name="derive_VideoCall_IU_when_Privacy_optout_for_USACCPA_To_SERBIA_Travel_Scenario" time="76.284" classname="com.twc.ios.app.testcases.AndroidUSACCPAPrivacyTest"/>
  <testcase name="verify_PrerollAd_call_sod_val_privacy_optout_for_USACCPA_To_SERBIA_Travel_Scenario" time="0.148" classname="com.twc.ios.app.testcases.AndroidUSACCPAPrivacyTest"/>
  <testcase name="validate_Video_call_npa_val_privacy_optout_for_USACCPA_To_SERBIA_Travel_Scenario" time="0.146" classname="com.twc.ios.app.testcases.AndroidUSACCPAPrivacyTest"/>
  <testcase name="validate_PrerollVideo_call_rdp_val_privacy_optout_for_USACCPA_To_SERBIA_Travel_Scenario" time="240.154" classname="com.twc.ios.app.testcases.AndroidUSACCPAPrivacyTest"/>
  <testcase name="enable_PreConfiguration_for_USACCPA_To_LATAMCO_Travel_Scenario" time="68.747" classname="com.twc.ios.app.testcases.AndroidUSACCPAPrivacyTest"/>
  <testcase name="navigate_To_Feed_Cards_when_Privacy_optout_for_USACCPA_To_LATAMCO_Travel_Scenario" time="67.257" classname="com.twc.ios.app.testcases.AndroidUSACCPAPrivacyTest"/>
  <testcase name="validate_NextGen_IM_Adcall_sod_val_privacy_optout_for_USACCPA_To_LATAMCO_Travel_Scenario" time="0.201" classname="com.twc.ios.app.testcases.AndroidUSACCPAPrivacyTest"/>
  <testcase name="Verify_Amazon_Call_privacy_optout_for_USACCPA_To_LATAMCO_Travel_Scenario" time="0.032" classname="com.twc.ios.app.testcases.AndroidUSACCPAPrivacyTest"/>
  <testcase name="Verify_Lotame_Call_privacy_optout_for_USACCPA_To_LATAMCO_Travel_Scenario" time="0.034" classname="com.twc.ios.app.testcases.AndroidUSACCPAPrivacyTest"/>
  <testcase name="Verify_LocationWFXTriggers_Call_privacy_optout_for_USACCPA_To_LATAMCO_Travel_Scenario" time="0.035" classname="com.twc.ios.app.testcases.AndroidUSACCPAPrivacyTest"/>
  <testcase name="validate_NextGen_IM_call_rdp_val_privacy_optout_for_USACCPA_To_LATAMCO_Travel_Scenario" time="0.036" classname="com.twc.ios.app.testcases.AndroidUSACCPAPrivacyTest"/>
  <testcase name="validate_NextGen_IM_call_npa_val_privacy_optout_for_USACCPA_To_LATAMCO_Travel_Scenario" time="0.034" classname="com.twc.ios.app.testcases.AndroidUSACCPAPrivacyTest"/>
  <testcase name="Verify_Criteo_SDK_inapp_v2_Call_privacy_optout_for_USACCPA_To_LATAMCO_Travel_Scenario" time="0.033" classname="com.twc.ios.app.testcases.AndroidUSACCPAPrivacyTest"/>
  <testcase name="Verify_Criteo_SDK_config_app_Call_privacy_optout_for_USACCPA_To_LATAMCO_Travel_Scenario" time="0.035" classname="com.twc.ios.app.testcases.AndroidUSACCPAPrivacyTest"/>
  <testcase name="derive_VideoCall_IU_when_Privacy_optout_for_USACCPA_To_LATAMCO_Travel_Scenario" time="77.683" classname="com.twc.ios.app.testcases.AndroidUSACCPAPrivacyTest"/>
  <testcase name="verify_PrerollAd_call_sod_val_privacy_optout_for_USACCPA_To_LATAMCO_Travel_Scenario" time="0.111" classname="com.twc.ios.app.testcases.AndroidUSACCPAPrivacyTest"/>
  <testcase name="validate_Video_call_npa_val_privacy_optout_for_USACCPA_To_LATAMCO_Travel_Scenario" time="0.097" classname="com.twc.ios.app.testcases.AndroidUSACCPAPrivacyTest"/>
  <testcase name="validate_PrerollVideo_call_rdp_val_privacy_optout_for_USACCPA_To_LATAMCO_Travel_Scenario" time="240.091" classname="com.twc.ios.app.testcases.AndroidUSACCPAPrivacyTest"/>
  <testcase name="enable_PreConfiguration_for_USACCPA_To_USA_Travel_Scenario" time="86.397" classname="com.twc.ios.app.testcases.AndroidUSACCPAPrivacyTest"/>
  <testcase name="navigate_To_Feed_Cards_when_Privacy_optout_for_USACCPA_To_USA_Travel_Scenario" time="67.122" classname="com.twc.ios.app.testcases.AndroidUSACCPAPrivacyTest"/>
  <testcase name="validate_NextGen_IM_Adcall_sod_val_privacy_optout_for_USACCPA_To_USA_Travel_Scenario" time="0.208" classname="com.twc.ios.app.testcases.AndroidUSACCPAPrivacyTest"/>
  <testcase name="Verify_Amazon_Call_privacy_optout_for_USACCPA_To_USA_Travel_Scenario" time="0.044" classname="com.twc.ios.app.testcases.AndroidUSACCPAPrivacyTest"/>
  <testcase name="Verify_Lotame_Call_privacy_optout_for_USACCPA_To_USA_Travel_Scenario" time="0.047" classname="com.twc.ios.app.testcases.AndroidUSACCPAPrivacyTest"/>
  <testcase name="Verify_LocationWFXTriggers_Call_privacy_optout_for_USACCPA_To_USA_Travel_Scenario" time="0.047" classname="com.twc.ios.app.testcases.AndroidUSACCPAPrivacyTest"/>
  <testcase name="validate_NextGen_IM_call_rdp_val_privacy_optout_for_USACCPA_To_USA_Travel_Scenario" time="0.048" classname="com.twc.ios.app.testcases.AndroidUSACCPAPrivacyTest"/>
  <testcase name="Verify_Criteo_SDK_inapp_v2_Call_privacy_optout_for_USACCPA_To_USA_Travel_Scenario" time="0.048" classname="com.twc.ios.app.testcases.AndroidUSACCPAPrivacyTest"/>
  <testcase name="Verify_Criteo_SDK_config_app_Call_privacy_optout_for_USACCPA_To_USA_Travel_Scenario" time="0.047" classname="com.twc.ios.app.testcases.AndroidUSACCPAPrivacyTest"/>
  <testcase name="derive_VideoCall_IU_when_Privacy_optout_for_USACCPA_To_USA_Travel_Scenario" time="76.55" classname="com.twc.ios.app.testcases.AndroidUSACCPAPrivacyTest"/>
  <testcase name="verify_PrerollAd_call_sod_val_privacy_optout_for_USACCPA_To_USA_Travel_Scenario" time="0.13" classname="com.twc.ios.app.testcases.AndroidUSACCPAPrivacyTest"/>
  <testcase name="validate_PrerollVideo_call_rdp_val_privacy_optout_for_USACCPA_To_USA_Travel_Scenario" time="0.14" classname="com.twc.ios.app.testcases.AndroidUSACCPAPrivacyTest"/>
</testsuite> <!-- Default test -->
