<?xml version="1.0" encoding="UTF-8"?>
<testng-results skipped="0" failed="186" total="192" passed="6">
  <reporter-output>
  </reporter-output>
  <suite name="Default suite" duration-ms="102782" started-at="2023-01-25T10:40:06Z" finished-at="2023-01-25T10:41:49Z">
    <groups>
    </groups>
    <test name="Default test" duration-ms="102782" started-at="2023-01-25T10:40:06Z" finished-at="2023-01-25T10:41:49Z">
      <class name="com.twc.ios.app.testcases.SmokeTest">
        <test-method status="PASS" signature="beforeClass()[pri:0, instance:com.twc.ios.app.testcases.SmokeTest@4bee18dc]" name="beforeClass" is-config="true" duration-ms="30370" started-at="2023-01-25T16:10:06Z" finished-at="2023-01-25T16:10:36Z">
          <reporter-output>
          </reporter-output>
        </test-method> <!-- beforeClass -->
        <test-method status="FAIL" signature="beforeTest()[pri:0, instance:com.twc.ios.app.testcases.SmokeTest@4bee18dc]" name="beforeTest" duration-ms="42360" started-at="2023-01-25T16:10:36Z" finished-at="2023-01-25T16:11:19Z">
          <exception class="org.openqa.selenium.SessionNotCreatedException">
            <message>
              <![CDATA[Unable to create a new remote session. Please check the server log for more details. Original error: An unknown server-side error occurred while processing the command. Original error: Could not load a driver for automationName 'XCUITest' and platformName 'ios'. Please verify your Appium installation
Build info: version: '3.141.59', revision: 'e82be7d358', time: '2018-11-14T08:17:03'
System info: host: 'Aswinikumars-MacBook-Pro.local', ip: '2401:4900:1c26:297d:15e2:7bd6:b2f1:db1c%en0', os.name: 'Mac OS X', os.arch: 'x86_64', os.version: '10.16', java.version: '1.8.0_311'
Driver info: driver.version: IOSDriver
remote stacktrace: UnknownError: An unknown server-side error occurred while processing the command. Original error: Could not load a driver for automationName 'XCUITest' and platformName 'ios'. Please verify your Appium installation
    at getResponseForW3CError (/Applications/Appium Server GUI.app/Contents/Resources/app/node_modules/appium/node_modules/appium-base-driver/lib/protocol/errors.js:804:9)
    at asyncHandler (/Applications/Appium Server GUI.app/Contents/Resources/app/node_modules/appium/node_modules/appium-base-driver/lib/protocol/protocol.js:380:37)
Build info: version: '3.141.59', revision: 'e82be7d358', time: '2018-11-14T08:17:03'
System info: host: 'Aswinikumars-MacBook-Pro.local', ip: '2401:4900:1c26:297d:15e2:7bd6:b2f1:db1c%en0', os.name: 'Mac OS X', os.arch: 'x86_64', os.version: '10.16', java.version: '1.8.0_311'
Driver info: driver.version: IOSDriver]]>
            </message>
            <full-stacktrace>
              <![CDATA[org.openqa.selenium.SessionNotCreatedException: Unable to create a new remote session. Please check the server log for more details. Original error: An unknown server-side error occurred while processing the command. Original error: Could not load a driver for automationName 'XCUITest' and platformName 'ios'. Please verify your Appium installation
Build info: version: '3.141.59', revision: 'e82be7d358', time: '2018-11-14T08:17:03'
System info: host: 'Aswinikumars-MacBook-Pro.local', ip: '2401:4900:1c26:297d:15e2:7bd6:b2f1:db1c%en0', os.name: 'Mac OS X', os.arch: 'x86_64', os.version: '10.16', java.version: '1.8.0_311'
Driver info: driver.version: IOSDriver
remote stacktrace: UnknownError: An unknown server-side error occurred while processing the command. Original error: Could not load a driver for automationName 'XCUITest' and platformName 'ios'. Please verify your Appium installation
    at getResponseForW3CError (/Applications/Appium Server GUI.app/Contents/Resources/app/node_modules/appium/node_modules/appium-base-driver/lib/protocol/errors.js:804:9)
    at asyncHandler (/Applications/Appium Server GUI.app/Contents/Resources/app/node_modules/appium/node_modules/appium-base-driver/lib/protocol/protocol.js:380:37)
Build info: version: '3.141.59', revision: 'e82be7d358', time: '2018-11-14T08:17:03'
System info: host: 'Aswinikumars-MacBook-Pro.local', ip: '2401:4900:1c26:297d:15e2:7bd6:b2f1:db1c%en0', os.name: 'Mac OS X', os.arch: 'x86_64', os.version: '10.16', java.version: '1.8.0_311'
Driver info: driver.version: IOSDriver
	at io.appium.java_client.remote.AppiumCommandExecutor$1.createSession(AppiumCommandExecutor.java:208)
	at io.appium.java_client.remote.AppiumCommandExecutor.createSession(AppiumCommandExecutor.java:217)
	at io.appium.java_client.remote.AppiumCommandExecutor.execute(AppiumCommandExecutor.java:239)
	at org.openqa.selenium.remote.RemoteWebDriver.execute(RemoteWebDriver.java:552)
	at io.appium.java_client.DefaultGenericMobileDriver.execute(DefaultGenericMobileDriver.java:41)
	at io.appium.java_client.AppiumDriver.execute(AppiumDriver.java:1)
	at io.appium.java_client.ios.IOSDriver.execute(IOSDriver.java:1)
	at org.openqa.selenium.remote.RemoteWebDriver.startSession(RemoteWebDriver.java:213)
	at io.appium.java_client.AppiumDriver.startSession(AppiumDriver.java:336)
	at org.openqa.selenium.remote.RemoteWebDriver.<init>(RemoteWebDriver.java:131)
	at io.appium.java_client.DefaultGenericMobileDriver.<init>(DefaultGenericMobileDriver.java:37)
	at io.appium.java_client.AppiumDriver.<init>(AppiumDriver.java:88)
	at io.appium.java_client.AppiumDriver.<init>(AppiumDriver.java:98)
	at io.appium.java_client.ios.IOSDriver.<init>(IOSDriver.java:90)
	at com.twc.ios.app.functions.Functions.launchtheApp(Functions.java:449)
	at com.twc.ios.app.testcases.SmokeTest.beforeTest(SmokeTest.java:135)
	at sun.reflect.NativeMethodAccessorImpl.invoke0(Native Method)
	at sun.reflect.NativeMethodAccessorImpl.invoke(NativeMethodAccessorImpl.java:62)
	at sun.reflect.DelegatingMethodAccessorImpl.invoke(DelegatingMethodAccessorImpl.java:43)
	at java.lang.reflect.Method.invoke(Method.java:498)
	at org.testng.internal.MethodInvocationHelper.invokeMethod(MethodInvocationHelper.java:86)
	at org.testng.internal.Invoker.invokeMethod(Invoker.java:643)
	at org.testng.internal.Invoker.invokeTestMethod(Invoker.java:820)
	at org.testng.internal.Invoker.invokeTestMethods(Invoker.java:1128)
	at org.testng.internal.TestMethodWorker.invokeTestMethods(TestMethodWorker.java:129)
	at org.testng.internal.TestMethodWorker.run(TestMethodWorker.java:112)
	at org.testng.TestRunner.privateRun(TestRunner.java:782)
	at org.testng.TestRunner.run(TestRunner.java:632)
	at org.testng.SuiteRunner.runTest(SuiteRunner.java:366)
	at org.testng.SuiteRunner.runSequentially(SuiteRunner.java:361)
	at org.testng.SuiteRunner.privateRun(SuiteRunner.java:319)
	at org.testng.SuiteRunner.run(SuiteRunner.java:268)
	at org.testng.SuiteRunnerWorker.runSuite(SuiteRunnerWorker.java:52)
	at org.testng.SuiteRunnerWorker.run(SuiteRunnerWorker.java:86)
	at org.testng.TestNG.runSuitesSequentially(TestNG.java:1244)
	at org.testng.TestNG.runSuitesLocally(TestNG.java:1169)
	at org.testng.TestNG.run(TestNG.java:1064)
	at org.testng.remote.AbstractRemoteTestNG.run(AbstractRemoteTestNG.java:115)
	at org.testng.remote.RemoteTestNG.initAndRun(RemoteTestNG.java:251)
	at org.testng.remote.RemoteTestNG.main(RemoteTestNG.java:77)
Caused by: java.lang.reflect.InvocationTargetException
	at sun.reflect.NativeMethodAccessorImpl.invoke0(Native Method)
	at sun.reflect.NativeMethodAccessorImpl.invoke(NativeMethodAccessorImpl.java:62)
	at sun.reflect.DelegatingMethodAccessorImpl.invoke(DelegatingMethodAccessorImpl.java:43)
	at java.lang.reflect.Method.invoke(Method.java:498)
	at io.appium.java_client.remote.AppiumCommandExecutor$1.createSession(AppiumCommandExecutor.java:186)
	... 39 more
Caused by: org.openqa.selenium.WebDriverException: An unknown server-side error occurred while processing the command. Original error: Could not load a driver for automationName 'XCUITest' and platformName 'ios'. Please verify your Appium installation
Build info: version: '3.141.59', revision: 'e82be7d358', time: '2018-11-14T08:17:03'
System info: host: 'Aswinikumars-MacBook-Pro.local', ip: '2401:4900:1c26:297d:15e2:7bd6:b2f1:db1c%en0', os.name: 'Mac OS X', os.arch: 'x86_64', os.version: '10.16', java.version: '1.8.0_311'
Driver info: driver.version: IOSDriver
remote stacktrace: UnknownError: An unknown server-side error occurred while processing the command. Original error: Could not load a driver for automationName 'XCUITest' and platformName 'ios'. Please verify your Appium installation
    at getResponseForW3CError (/Applications/Appium Server GUI.app/Contents/Resources/app/node_modules/appium/node_modules/appium-base-driver/lib/protocol/errors.js:804:9)
    at asyncHandler (/Applications/Appium Server GUI.app/Contents/Resources/app/node_modules/appium/node_modules/appium-base-driver/lib/protocol/protocol.js:380:37)
	at sun.reflect.NativeConstructorAccessorImpl.newInstance0(Native Method)
	at sun.reflect.NativeConstructorAccessorImpl.newInstance(NativeConstructorAccessorImpl.java:62)
	at sun.reflect.DelegatingConstructorAccessorImpl.newInstance(DelegatingConstructorAccessorImpl.java:45)
	at java.lang.reflect.Constructor.newInstance(Constructor.java:423)
	at org.openqa.selenium.remote.W3CHandshakeResponse.lambda$errorHandler$0(W3CHandshakeResponse.java:62)
	at org.openqa.selenium.remote.HandshakeResponse.lambda$getResponseFunction$0(HandshakeResponse.java:30)
	at org.openqa.selenium.remote.ProtocolHandshake.lambda$createSession$0(ProtocolHandshake.java:126)
	at java.util.stream.ReferencePipeline$3$1.accept(ReferencePipeline.java:193)
	at java.util.Spliterators$ArraySpliterator.tryAdvance(Spliterators.java:958)
	at java.util.stream.ReferencePipeline.forEachWithCancel(ReferencePipeline.java:126)
	at java.util.stream.AbstractPipeline.copyIntoWithCancel(AbstractPipeline.java:499)
	at java.util.stream.AbstractPipeline.copyInto(AbstractPipeline.java:486)
	at java.util.stream.AbstractPipeline.wrapAndCopyInto(AbstractPipeline.java:472)
	at java.util.stream.FindOps$FindOp.evaluateSequential(FindOps.java:152)
	at java.util.stream.AbstractPipeline.evaluate(AbstractPipeline.java:234)
	at java.util.stream.ReferencePipeline.findFirst(ReferencePipeline.java:464)
	at org.openqa.selenium.remote.ProtocolHandshake.createSession(ProtocolHandshake.java:128)
	... 44 more
]]>
            </full-stacktrace>
          </exception> <!-- org.openqa.selenium.SessionNotCreatedException -->
          <reporter-output>
          </reporter-output>
        </test-method> <!-- beforeTest -->
        <test-method status="FAIL" signature="Verify_Consent_Calls_On_FTL()[pri:51, instance:com.twc.ios.app.testcases.SmokeTest@4bee18dc]" name="Verify_Consent_Calls_On_FTL" duration-ms="4" started-at="2023-01-25T16:11:19Z" finished-at="2023-01-25T16:11:19Z">
          <exception class="java.lang.NullPointerException">
            <full-stacktrace>
              <![CDATA[java.lang.NullPointerException
	at com.twc.ios.app.testcases.SmokeTest.Verify_Consent_Calls_On_FTL(SmokeTest.java:166)
	at sun.reflect.NativeMethodAccessorImpl.invoke0(Native Method)
	at sun.reflect.NativeMethodAccessorImpl.invoke(NativeMethodAccessorImpl.java:62)
	at sun.reflect.DelegatingMethodAccessorImpl.invoke(DelegatingMethodAccessorImpl.java:43)
	at java.lang.reflect.Method.invoke(Method.java:498)
	at org.testng.internal.MethodInvocationHelper.invokeMethod(MethodInvocationHelper.java:86)
	at org.testng.internal.Invoker.invokeMethod(Invoker.java:643)
	at org.testng.internal.Invoker.invokeTestMethod(Invoker.java:820)
	at org.testng.internal.Invoker.invokeTestMethods(Invoker.java:1128)
	at org.testng.internal.TestMethodWorker.invokeTestMethods(TestMethodWorker.java:129)
	at org.testng.internal.TestMethodWorker.run(TestMethodWorker.java:112)
	at org.testng.TestRunner.privateRun(TestRunner.java:782)
	at org.testng.TestRunner.run(TestRunner.java:632)
	at org.testng.SuiteRunner.runTest(SuiteRunner.java:366)
	at org.testng.SuiteRunner.runSequentially(SuiteRunner.java:361)
	at org.testng.SuiteRunner.privateRun(SuiteRunner.java:319)
	at org.testng.SuiteRunner.run(SuiteRunner.java:268)
	at org.testng.SuiteRunnerWorker.runSuite(SuiteRunnerWorker.java:52)
	at org.testng.SuiteRunnerWorker.run(SuiteRunnerWorker.java:86)
	at org.testng.TestNG.runSuitesSequentially(TestNG.java:1244)
	at org.testng.TestNG.runSuitesLocally(TestNG.java:1169)
	at org.testng.TestNG.run(TestNG.java:1064)
	at org.testng.remote.AbstractRemoteTestNG.run(AbstractRemoteTestNG.java:115)
	at org.testng.remote.RemoteTestNG.initAndRun(RemoteTestNG.java:251)
	at org.testng.remote.RemoteTestNG.main(RemoteTestNG.java:77)
]]>
            </full-stacktrace>
          </exception> <!-- java.lang.NullPointerException -->
          <reporter-output>
          </reporter-output>
        </test-method> <!-- Verify_Consent_Calls_On_FTL -->
        <test-method status="FAIL" signature="Verify_Interstitial_Ad_Call()[pri:75, instance:com.twc.ios.app.testcases.SmokeTest@4bee18dc]" name="Verify_Interstitial_Ad_Call" duration-ms="15115" started-at="2023-01-25T16:11:19Z" finished-at="2023-01-25T16:11:34Z">
          <exception class="java.lang.AssertionError">
            <message>
              <![CDATA[iu=%2F7646%2Fapp_iphone_us%2Fdb_display%2Ffeed%2Finterstitial ad call is not present]]>
            </message>
            <full-stacktrace>
              <![CDATA[java.lang.AssertionError: iu=%2F7646%2Fapp_iphone_us%2Fdb_display%2Ffeed%2Finterstitial ad call is not present
	at org.testng.Assert.fail(Assert.java:94)
	at com.twc.ios.app.general.Utils.verifyPubadCal(Utils.java:680)
	at com.twc.ios.app.testcases.SmokeTest.Verify_Interstitial_Ad_Call(SmokeTest.java:183)
	at sun.reflect.NativeMethodAccessorImpl.invoke0(Native Method)
	at sun.reflect.NativeMethodAccessorImpl.invoke(NativeMethodAccessorImpl.java:62)
	at sun.reflect.DelegatingMethodAccessorImpl.invoke(DelegatingMethodAccessorImpl.java:43)
	at java.lang.reflect.Method.invoke(Method.java:498)
	at org.testng.internal.MethodInvocationHelper.invokeMethod(MethodInvocationHelper.java:86)
	at org.testng.internal.Invoker.invokeMethod(Invoker.java:643)
	at org.testng.internal.Invoker.invokeTestMethod(Invoker.java:820)
	at org.testng.internal.Invoker.invokeTestMethods(Invoker.java:1128)
	at org.testng.internal.TestMethodWorker.invokeTestMethods(TestMethodWorker.java:129)
	at org.testng.internal.TestMethodWorker.run(TestMethodWorker.java:112)
	at org.testng.TestRunner.privateRun(TestRunner.java:782)
	at org.testng.TestRunner.run(TestRunner.java:632)
	at org.testng.SuiteRunner.runTest(SuiteRunner.java:366)
	at org.testng.SuiteRunner.runSequentially(SuiteRunner.java:361)
	at org.testng.SuiteRunner.privateRun(SuiteRunner.java:319)
	at org.testng.SuiteRunner.run(SuiteRunner.java:268)
	at org.testng.SuiteRunnerWorker.runSuite(SuiteRunnerWorker.java:52)
	at org.testng.SuiteRunnerWorker.run(SuiteRunnerWorker.java:86)
	at org.testng.TestNG.runSuitesSequentially(TestNG.java:1244)
	at org.testng.TestNG.runSuitesLocally(TestNG.java:1169)
	at org.testng.TestNG.run(TestNG.java:1064)
	at org.testng.remote.AbstractRemoteTestNG.run(AbstractRemoteTestNG.java:115)
	at org.testng.remote.RemoteTestNG.initAndRun(RemoteTestNG.java:251)
	at org.testng.remote.RemoteTestNG.main(RemoteTestNG.java:77)
]]>
            </full-stacktrace>
          </exception> <!-- java.lang.AssertionError -->
          <reporter-output>
          </reporter-output>
        </test-method> <!-- Verify_Interstitial_Ad_Call -->
        <test-method status="FAIL" signature="Validate_Interstitial_Ad_Call_pos_Custom_param()[pri:76, instance:com.twc.ios.app.testcases.SmokeTest@4bee18dc]" name="Validate_Interstitial_Ad_Call_pos_Custom_param" duration-ms="14" started-at="2023-01-25T16:11:34Z" finished-at="2023-01-25T16:11:34Z">
          <exception class="java.lang.AssertionError">
            <message>
              <![CDATA[Ad Call :iu=%2F7646%2Fapp_iphone_us%2Fdb_display%2Ffeed%2Finterstitial not found in charles session, hence Custom Parameter: pos validation skipped]]>
            </message>
            <full-stacktrace>
              <![CDATA[java.lang.AssertionError: Ad Call :iu=%2F7646%2Fapp_iphone_us%2Fdb_display%2Ffeed%2Finterstitial not found in charles session, hence Custom Parameter: pos validation skipped
	at org.testng.Assert.fail(Assert.java:94)
	at com.twc.ios.app.general.Utils.validate_custom_param_val_of_gampad(Utils.java:9391)
	at com.twc.ios.app.testcases.SmokeTest.Validate_Interstitial_Ad_Call_pos_Custom_param(SmokeTest.java:195)
	at sun.reflect.NativeMethodAccessorImpl.invoke0(Native Method)
	at sun.reflect.NativeMethodAccessorImpl.invoke(NativeMethodAccessorImpl.java:62)
	at sun.reflect.DelegatingMethodAccessorImpl.invoke(DelegatingMethodAccessorImpl.java:43)
	at java.lang.reflect.Method.invoke(Method.java:498)
	at org.testng.internal.MethodInvocationHelper.invokeMethod(MethodInvocationHelper.java:86)
	at org.testng.internal.Invoker.invokeMethod(Invoker.java:643)
	at org.testng.internal.Invoker.invokeTestMethod(Invoker.java:820)
	at org.testng.internal.Invoker.invokeTestMethods(Invoker.java:1128)
	at org.testng.internal.TestMethodWorker.invokeTestMethods(TestMethodWorker.java:129)
	at org.testng.internal.TestMethodWorker.run(TestMethodWorker.java:112)
	at org.testng.TestRunner.privateRun(TestRunner.java:782)
	at org.testng.TestRunner.run(TestRunner.java:632)
	at org.testng.SuiteRunner.runTest(SuiteRunner.java:366)
	at org.testng.SuiteRunner.runSequentially(SuiteRunner.java:361)
	at org.testng.SuiteRunner.privateRun(SuiteRunner.java:319)
	at org.testng.SuiteRunner.run(SuiteRunner.java:268)
	at org.testng.SuiteRunnerWorker.runSuite(SuiteRunnerWorker.java:52)
	at org.testng.SuiteRunnerWorker.run(SuiteRunnerWorker.java:86)
	at org.testng.TestNG.runSuitesSequentially(TestNG.java:1244)
	at org.testng.TestNG.runSuitesLocally(TestNG.java:1169)
	at org.testng.TestNG.run(TestNG.java:1064)
	at org.testng.remote.AbstractRemoteTestNG.run(AbstractRemoteTestNG.java:115)
	at org.testng.remote.RemoteTestNG.initAndRun(RemoteTestNG.java:251)
	at org.testng.remote.RemoteTestNG.main(RemoteTestNG.java:77)
]]>
            </full-stacktrace>
          </exception> <!-- java.lang.AssertionError -->
          <reporter-output>
          </reporter-output>
        </test-method> <!-- Validate_Interstitial_Ad_Call_pos_Custom_param -->
        <test-method status="FAIL" signature="Verify_Feed_Calls()[pri:100, instance:com.twc.ios.app.testcases.SmokeTest@4bee18dc]" name="Verify_Feed_Calls" duration-ms="5012" started-at="2023-01-25T16:11:34Z" finished-at="2023-01-25T16:11:39Z">
          <exception class="java.lang.NullPointerException">
            <full-stacktrace>
              <![CDATA[java.lang.NullPointerException
	at com.twc.ios.app.testcases.SmokeTest.Verify_Feed_Calls(SmokeTest.java:214)
	at sun.reflect.NativeMethodAccessorImpl.invoke0(Native Method)
	at sun.reflect.NativeMethodAccessorImpl.invoke(NativeMethodAccessorImpl.java:62)
	at sun.reflect.DelegatingMethodAccessorImpl.invoke(DelegatingMethodAccessorImpl.java:43)
	at java.lang.reflect.Method.invoke(Method.java:498)
	at org.testng.internal.MethodInvocationHelper.invokeMethod(MethodInvocationHelper.java:86)
	at org.testng.internal.Invoker.invokeMethod(Invoker.java:643)
	at org.testng.internal.Invoker.invokeTestMethod(Invoker.java:820)
	at org.testng.internal.Invoker.invokeTestMethods(Invoker.java:1128)
	at org.testng.internal.TestMethodWorker.invokeTestMethods(TestMethodWorker.java:129)
	at org.testng.internal.TestMethodWorker.run(TestMethodWorker.java:112)
	at org.testng.TestRunner.privateRun(TestRunner.java:782)
	at org.testng.TestRunner.run(TestRunner.java:632)
	at org.testng.SuiteRunner.runTest(SuiteRunner.java:366)
	at org.testng.SuiteRunner.runSequentially(SuiteRunner.java:361)
	at org.testng.SuiteRunner.privateRun(SuiteRunner.java:319)
	at org.testng.SuiteRunner.run(SuiteRunner.java:268)
	at org.testng.SuiteRunnerWorker.runSuite(SuiteRunnerWorker.java:52)
	at org.testng.SuiteRunnerWorker.run(SuiteRunnerWorker.java:86)
	at org.testng.TestNG.runSuitesSequentially(TestNG.java:1244)
	at org.testng.TestNG.runSuitesLocally(TestNG.java:1169)
	at org.testng.TestNG.run(TestNG.java:1064)
	at org.testng.remote.AbstractRemoteTestNG.run(AbstractRemoteTestNG.java:115)
	at org.testng.remote.RemoteTestNG.initAndRun(RemoteTestNG.java:251)
	at org.testng.remote.RemoteTestNG.main(RemoteTestNG.java:77)
]]>
            </full-stacktrace>
          </exception> <!-- java.lang.NullPointerException -->
          <reporter-output>
          </reporter-output>
        </test-method> <!-- Verify_Feed_Calls -->
        <test-method status="FAIL" signature="Verify_Homescreen_Adhesive_AdCall()[pri:101, instance:com.twc.ios.app.testcases.SmokeTest@4bee18dc]" name="Verify_Homescreen_Adhesive_AdCall" duration-ms="13" started-at="2023-01-25T16:11:39Z" finished-at="2023-01-25T16:11:39Z">
          <exception class="java.lang.AssertionError">
            <message>
              <![CDATA[iu=%2F7646%2Fapp_iphone_us%2Fdb_display%2Fhome_screen%2Fadhv ad call is not present]]>
            </message>
            <full-stacktrace>
              <![CDATA[java.lang.AssertionError: iu=%2F7646%2Fapp_iphone_us%2Fdb_display%2Fhome_screen%2Fadhv ad call is not present
	at org.testng.Assert.fail(Assert.java:94)
	at com.twc.ios.app.general.Utils.verifyPubadCal(Utils.java:680)
	at com.twc.ios.app.testcases.SmokeTest.Verify_Homescreen_Adhesive_AdCall(SmokeTest.java:283)
	at sun.reflect.NativeMethodAccessorImpl.invoke0(Native Method)
	at sun.reflect.NativeMethodAccessorImpl.invoke(NativeMethodAccessorImpl.java:62)
	at sun.reflect.DelegatingMethodAccessorImpl.invoke(DelegatingMethodAccessorImpl.java:43)
	at java.lang.reflect.Method.invoke(Method.java:498)
	at org.testng.internal.MethodInvocationHelper.invokeMethod(MethodInvocationHelper.java:86)
	at org.testng.internal.Invoker.invokeMethod(Invoker.java:643)
	at org.testng.internal.Invoker.invokeTestMethod(Invoker.java:820)
	at org.testng.internal.Invoker.invokeTestMethods(Invoker.java:1128)
	at org.testng.internal.TestMethodWorker.invokeTestMethods(TestMethodWorker.java:129)
	at org.testng.internal.TestMethodWorker.run(TestMethodWorker.java:112)
	at org.testng.TestRunner.privateRun(TestRunner.java:782)
	at org.testng.TestRunner.run(TestRunner.java:632)
	at org.testng.SuiteRunner.runTest(SuiteRunner.java:366)
	at org.testng.SuiteRunner.runSequentially(SuiteRunner.java:361)
	at org.testng.SuiteRunner.privateRun(SuiteRunner.java:319)
	at org.testng.SuiteRunner.run(SuiteRunner.java:268)
	at org.testng.SuiteRunnerWorker.runSuite(SuiteRunnerWorker.java:52)
	at org.testng.SuiteRunnerWorker.run(SuiteRunnerWorker.java:86)
	at org.testng.TestNG.runSuitesSequentially(TestNG.java:1244)
	at org.testng.TestNG.runSuitesLocally(TestNG.java:1169)
	at org.testng.TestNG.run(TestNG.java:1064)
	at org.testng.remote.AbstractRemoteTestNG.run(AbstractRemoteTestNG.java:115)
	at org.testng.remote.RemoteTestNG.initAndRun(RemoteTestNG.java:251)
	at org.testng.remote.RemoteTestNG.main(RemoteTestNG.java:77)
]]>
            </full-stacktrace>
          </exception> <!-- java.lang.AssertionError -->
          <reporter-output>
          </reporter-output>
        </test-method> <!-- Verify_Homescreen_Adhesive_AdCall -->
        <test-method status="FAIL" signature="Verify_NextGen_IM_AdCall()[pri:102, instance:com.twc.ios.app.testcases.SmokeTest@4bee18dc]" name="Verify_NextGen_IM_AdCall" duration-ms="14" started-at="2023-01-25T16:11:39Z" finished-at="2023-01-25T16:11:39Z">
          <exception class="java.lang.AssertionError">
            <message>
              <![CDATA[iu=%2F7646%2Fapp_iphone_us%2Fdb_display%2Fhome_screen%2Fmarquee ad call is not present]]>
            </message>
            <full-stacktrace>
              <![CDATA[java.lang.AssertionError: iu=%2F7646%2Fapp_iphone_us%2Fdb_display%2Fhome_screen%2Fmarquee ad call is not present
	at org.testng.Assert.fail(Assert.java:94)
	at com.twc.ios.app.general.Utils.verifyPubadCal(Utils.java:680)
	at com.twc.ios.app.testcases.SmokeTest.Verify_NextGen_IM_AdCall(SmokeTest.java:295)
	at sun.reflect.NativeMethodAccessorImpl.invoke0(Native Method)
	at sun.reflect.NativeMethodAccessorImpl.invoke(NativeMethodAccessorImpl.java:62)
	at sun.reflect.DelegatingMethodAccessorImpl.invoke(DelegatingMethodAccessorImpl.java:43)
	at java.lang.reflect.Method.invoke(Method.java:498)
	at org.testng.internal.MethodInvocationHelper.invokeMethod(MethodInvocationHelper.java:86)
	at org.testng.internal.Invoker.invokeMethod(Invoker.java:643)
	at org.testng.internal.Invoker.invokeTestMethod(Invoker.java:820)
	at org.testng.internal.Invoker.invokeTestMethods(Invoker.java:1128)
	at org.testng.internal.TestMethodWorker.invokeTestMethods(TestMethodWorker.java:129)
	at org.testng.internal.TestMethodWorker.run(TestMethodWorker.java:112)
	at org.testng.TestRunner.privateRun(TestRunner.java:782)
	at org.testng.TestRunner.run(TestRunner.java:632)
	at org.testng.SuiteRunner.runTest(SuiteRunner.java:366)
	at org.testng.SuiteRunner.runSequentially(SuiteRunner.java:361)
	at org.testng.SuiteRunner.privateRun(SuiteRunner.java:319)
	at org.testng.SuiteRunner.run(SuiteRunner.java:268)
	at org.testng.SuiteRunnerWorker.runSuite(SuiteRunnerWorker.java:52)
	at org.testng.SuiteRunnerWorker.run(SuiteRunnerWorker.java:86)
	at org.testng.TestNG.runSuitesSequentially(TestNG.java:1244)
	at org.testng.TestNG.runSuitesLocally(TestNG.java:1169)
	at org.testng.TestNG.run(TestNG.java:1064)
	at org.testng.remote.AbstractRemoteTestNG.run(AbstractRemoteTestNG.java:115)
	at org.testng.remote.RemoteTestNG.initAndRun(RemoteTestNG.java:251)
	at org.testng.remote.RemoteTestNG.main(RemoteTestNG.java:77)
]]>
            </full-stacktrace>
          </exception> <!-- java.lang.AssertionError -->
          <reporter-output>
          </reporter-output>
        </test-method> <!-- Verify_NextGen_IM_AdCall -->
        <test-method status="FAIL" signature="Verify_HourlyDetails_AdCall()[pri:103, instance:com.twc.ios.app.testcases.SmokeTest@4bee18dc]" name="Verify_HourlyDetails_AdCall" duration-ms="13" started-at="2023-01-25T16:11:39Z" finished-at="2023-01-25T16:11:39Z">
          <exception class="java.lang.AssertionError">
            <message>
              <![CDATA[iu=%2F7646%2Fapp_iphone_us%2Fdb_display%2Fdetails%2Fhourly ad call is not present]]>
            </message>
            <full-stacktrace>
              <![CDATA[java.lang.AssertionError: iu=%2F7646%2Fapp_iphone_us%2Fdb_display%2Fdetails%2Fhourly ad call is not present
	at org.testng.Assert.fail(Assert.java:94)
	at com.twc.ios.app.general.Utils.verifyPubadCal(Utils.java:680)
	at com.twc.ios.app.testcases.SmokeTest.Verify_HourlyDetails_AdCall(SmokeTest.java:306)
	at sun.reflect.NativeMethodAccessorImpl.invoke0(Native Method)
	at sun.reflect.NativeMethodAccessorImpl.invoke(NativeMethodAccessorImpl.java:62)
	at sun.reflect.DelegatingMethodAccessorImpl.invoke(DelegatingMethodAccessorImpl.java:43)
	at java.lang.reflect.Method.invoke(Method.java:498)
	at org.testng.internal.MethodInvocationHelper.invokeMethod(MethodInvocationHelper.java:86)
	at org.testng.internal.Invoker.invokeMethod(Invoker.java:643)
	at org.testng.internal.Invoker.invokeTestMethod(Invoker.java:820)
	at org.testng.internal.Invoker.invokeTestMethods(Invoker.java:1128)
	at org.testng.internal.TestMethodWorker.invokeTestMethods(TestMethodWorker.java:129)
	at org.testng.internal.TestMethodWorker.run(TestMethodWorker.java:112)
	at org.testng.TestRunner.privateRun(TestRunner.java:782)
	at org.testng.TestRunner.run(TestRunner.java:632)
	at org.testng.SuiteRunner.runTest(SuiteRunner.java:366)
	at org.testng.SuiteRunner.runSequentially(SuiteRunner.java:361)
	at org.testng.SuiteRunner.privateRun(SuiteRunner.java:319)
	at org.testng.SuiteRunner.run(SuiteRunner.java:268)
	at org.testng.SuiteRunnerWorker.runSuite(SuiteRunnerWorker.java:52)
	at org.testng.SuiteRunnerWorker.run(SuiteRunnerWorker.java:86)
	at org.testng.TestNG.runSuitesSequentially(TestNG.java:1244)
	at org.testng.TestNG.runSuitesLocally(TestNG.java:1169)
	at org.testng.TestNG.run(TestNG.java:1064)
	at org.testng.remote.AbstractRemoteTestNG.run(AbstractRemoteTestNG.java:115)
	at org.testng.remote.RemoteTestNG.initAndRun(RemoteTestNG.java:251)
	at org.testng.remote.RemoteTestNG.main(RemoteTestNG.java:77)
]]>
            </full-stacktrace>
          </exception> <!-- java.lang.AssertionError -->
          <reporter-output>
          </reporter-output>
        </test-method> <!-- Verify_HourlyDetails_AdCall -->
        <test-method status="PASS" signature="Verify_TrendingPage_AdCall()[pri:104, instance:com.twc.ios.app.testcases.SmokeTest@4bee18dc]" name="Verify_TrendingPage_AdCall" duration-ms="32" started-at="2023-01-25T16:11:39Z" finished-at="2023-01-25T16:11:39Z">
          <reporter-output>
          </reporter-output>
        </test-method> <!-- Verify_TrendingPage_AdCall -->
        <test-method status="FAIL" signature="Verify_Air_Quality_Details_AdCall()[pri:105, instance:com.twc.ios.app.testcases.SmokeTest@4bee18dc]" name="Verify_Air_Quality_Details_AdCall" duration-ms="16" started-at="2023-01-25T16:11:39Z" finished-at="2023-01-25T16:11:39Z">
          <exception class="java.lang.AssertionError">
            <message>
              <![CDATA[iu=%2F7646%2Fapp_iphone_us%2Fdb_display%2Fcontent%2Faq ad call is not present]]>
            </message>
            <full-stacktrace>
              <![CDATA[java.lang.AssertionError: iu=%2F7646%2Fapp_iphone_us%2Fdb_display%2Fcontent%2Faq ad call is not present
	at org.testng.Assert.fail(Assert.java:94)
	at com.twc.ios.app.general.Utils.verifyPubadCal(Utils.java:680)
	at com.twc.ios.app.testcases.SmokeTest.Verify_Air_Quality_Details_AdCall(SmokeTest.java:330)
	at sun.reflect.NativeMethodAccessorImpl.invoke0(Native Method)
	at sun.reflect.NativeMethodAccessorImpl.invoke(NativeMethodAccessorImpl.java:62)
	at sun.reflect.DelegatingMethodAccessorImpl.invoke(DelegatingMethodAccessorImpl.java:43)
	at java.lang.reflect.Method.invoke(Method.java:498)
	at org.testng.internal.MethodInvocationHelper.invokeMethod(MethodInvocationHelper.java:86)
	at org.testng.internal.Invoker.invokeMethod(Invoker.java:643)
	at org.testng.internal.Invoker.invokeTestMethod(Invoker.java:820)
	at org.testng.internal.Invoker.invokeTestMethods(Invoker.java:1128)
	at org.testng.internal.TestMethodWorker.invokeTestMethods(TestMethodWorker.java:129)
	at org.testng.internal.TestMethodWorker.run(TestMethodWorker.java:112)
	at org.testng.TestRunner.privateRun(TestRunner.java:782)
	at org.testng.TestRunner.run(TestRunner.java:632)
	at org.testng.SuiteRunner.runTest(SuiteRunner.java:366)
	at org.testng.SuiteRunner.runSequentially(SuiteRunner.java:361)
	at org.testng.SuiteRunner.privateRun(SuiteRunner.java:319)
	at org.testng.SuiteRunner.run(SuiteRunner.java:268)
	at org.testng.SuiteRunnerWorker.runSuite(SuiteRunnerWorker.java:52)
	at org.testng.SuiteRunnerWorker.run(SuiteRunnerWorker.java:86)
	at org.testng.TestNG.runSuitesSequentially(TestNG.java:1244)
	at org.testng.TestNG.runSuitesLocally(TestNG.java:1169)
	at org.testng.TestNG.run(TestNG.java:1064)
	at org.testng.remote.AbstractRemoteTestNG.run(AbstractRemoteTestNG.java:115)
	at org.testng.remote.RemoteTestNG.initAndRun(RemoteTestNG.java:251)
	at org.testng.remote.RemoteTestNG.main(RemoteTestNG.java:77)
]]>
            </full-stacktrace>
          </exception> <!-- java.lang.AssertionError -->
          <reporter-output>
          </reporter-output>
        </test-method> <!-- Verify_Air_Quality_Details_AdCall -->
        <test-method status="FAIL" signature="Verify_MapsDetails_AdCall()[pri:106, instance:com.twc.ios.app.testcases.SmokeTest@4bee18dc]" name="Verify_MapsDetails_AdCall" duration-ms="13" started-at="2023-01-25T16:11:39Z" finished-at="2023-01-25T16:11:39Z">
          <exception class="java.lang.AssertionError">
            <message>
              <![CDATA[iu=%2F7646%2Fapp_iphone_us%2Fdb_display%2Fdetails%2Fmaps ad call is not present]]>
            </message>
            <full-stacktrace>
              <![CDATA[java.lang.AssertionError: iu=%2F7646%2Fapp_iphone_us%2Fdb_display%2Fdetails%2Fmaps ad call is not present
	at org.testng.Assert.fail(Assert.java:94)
	at com.twc.ios.app.general.Utils.verifyPubadCal(Utils.java:680)
	at com.twc.ios.app.testcases.SmokeTest.Verify_MapsDetails_AdCall(SmokeTest.java:341)
	at sun.reflect.NativeMethodAccessorImpl.invoke0(Native Method)
	at sun.reflect.NativeMethodAccessorImpl.invoke(NativeMethodAccessorImpl.java:62)
	at sun.reflect.DelegatingMethodAccessorImpl.invoke(DelegatingMethodAccessorImpl.java:43)
	at java.lang.reflect.Method.invoke(Method.java:498)
	at org.testng.internal.MethodInvocationHelper.invokeMethod(MethodInvocationHelper.java:86)
	at org.testng.internal.Invoker.invokeMethod(Invoker.java:643)
	at org.testng.internal.Invoker.invokeTestMethod(Invoker.java:820)
	at org.testng.internal.Invoker.invokeTestMethods(Invoker.java:1128)
	at org.testng.internal.TestMethodWorker.invokeTestMethods(TestMethodWorker.java:129)
	at org.testng.internal.TestMethodWorker.run(TestMethodWorker.java:112)
	at org.testng.TestRunner.privateRun(TestRunner.java:782)
	at org.testng.TestRunner.run(TestRunner.java:632)
	at org.testng.SuiteRunner.runTest(SuiteRunner.java:366)
	at org.testng.SuiteRunner.runSequentially(SuiteRunner.java:361)
	at org.testng.SuiteRunner.privateRun(SuiteRunner.java:319)
	at org.testng.SuiteRunner.run(SuiteRunner.java:268)
	at org.testng.SuiteRunnerWorker.runSuite(SuiteRunnerWorker.java:52)
	at org.testng.SuiteRunnerWorker.run(SuiteRunnerWorker.java:86)
	at org.testng.TestNG.runSuitesSequentially(TestNG.java:1244)
	at org.testng.TestNG.runSuitesLocally(TestNG.java:1169)
	at org.testng.TestNG.run(TestNG.java:1064)
	at org.testng.remote.AbstractRemoteTestNG.run(AbstractRemoteTestNG.java:115)
	at org.testng.remote.RemoteTestNG.initAndRun(RemoteTestNG.java:251)
	at org.testng.remote.RemoteTestNG.main(RemoteTestNG.java:77)
]]>
            </full-stacktrace>
          </exception> <!-- java.lang.AssertionError -->
          <reporter-output>
          </reporter-output>
        </test-method> <!-- Verify_MapsDetails_AdCall -->
        <test-method status="FAIL" signature="Verify_Health_Flu_ContentPage_AdCall()[pri:107, instance:com.twc.ios.app.testcases.SmokeTest@4bee18dc]" name="Verify_Health_Flu_ContentPage_AdCall" duration-ms="12" started-at="2023-01-25T16:11:39Z" finished-at="2023-01-25T16:11:39Z">
          <exception class="java.lang.AssertionError">
            <message>
              <![CDATA[iu=%2F7646%2Fapp_iphone_us%2Fdb_display%2Fcontent%2Fflu ad call is not present]]>
            </message>
            <full-stacktrace>
              <![CDATA[java.lang.AssertionError: iu=%2F7646%2Fapp_iphone_us%2Fdb_display%2Fcontent%2Fflu ad call is not present
	at org.testng.Assert.fail(Assert.java:94)
	at com.twc.ios.app.general.Utils.verifyPubadCal(Utils.java:680)
	at com.twc.ios.app.testcases.SmokeTest.Verify_Health_Flu_ContentPage_AdCall(SmokeTest.java:354)
	at sun.reflect.NativeMethodAccessorImpl.invoke0(Native Method)
	at sun.reflect.NativeMethodAccessorImpl.invoke(NativeMethodAccessorImpl.java:62)
	at sun.reflect.DelegatingMethodAccessorImpl.invoke(DelegatingMethodAccessorImpl.java:43)
	at java.lang.reflect.Method.invoke(Method.java:498)
	at org.testng.internal.MethodInvocationHelper.invokeMethod(MethodInvocationHelper.java:86)
	at org.testng.internal.Invoker.invokeMethod(Invoker.java:643)
	at org.testng.internal.Invoker.invokeTestMethod(Invoker.java:820)
	at org.testng.internal.Invoker.invokeTestMethods(Invoker.java:1128)
	at org.testng.internal.TestMethodWorker.invokeTestMethods(TestMethodWorker.java:129)
	at org.testng.internal.TestMethodWorker.run(TestMethodWorker.java:112)
	at org.testng.TestRunner.privateRun(TestRunner.java:782)
	at org.testng.TestRunner.run(TestRunner.java:632)
	at org.testng.SuiteRunner.runTest(SuiteRunner.java:366)
	at org.testng.SuiteRunner.runSequentially(SuiteRunner.java:361)
	at org.testng.SuiteRunner.privateRun(SuiteRunner.java:319)
	at org.testng.SuiteRunner.run(SuiteRunner.java:268)
	at org.testng.SuiteRunnerWorker.runSuite(SuiteRunnerWorker.java:52)
	at org.testng.SuiteRunnerWorker.run(SuiteRunnerWorker.java:86)
	at org.testng.TestNG.runSuitesSequentially(TestNG.java:1244)
	at org.testng.TestNG.runSuitesLocally(TestNG.java:1169)
	at org.testng.TestNG.run(TestNG.java:1064)
	at org.testng.remote.AbstractRemoteTestNG.run(AbstractRemoteTestNG.java:115)
	at org.testng.remote.RemoteTestNG.initAndRun(RemoteTestNG.java:251)
	at org.testng.remote.RemoteTestNG.main(RemoteTestNG.java:77)
]]>
            </full-stacktrace>
          </exception> <!-- java.lang.AssertionError -->
          <reporter-output>
          </reporter-output>
        </test-method> <!-- Verify_Health_Flu_ContentPage_AdCall -->
        <test-method status="FAIL" signature="Verify_Health_Allergy_ContentPage_AdCall()[pri:108, instance:com.twc.ios.app.testcases.SmokeTest@4bee18dc]" name="Verify_Health_Allergy_ContentPage_AdCall" duration-ms="12" started-at="2023-01-25T16:11:39Z" finished-at="2023-01-25T16:11:39Z">
          <exception class="java.lang.AssertionError">
            <message>
              <![CDATA[iu=%2F7646%2Fapp_iphone_us%2Fdb_display%2Fcontent%2Fallergy ad call is not present]]>
            </message>
            <full-stacktrace>
              <![CDATA[java.lang.AssertionError: iu=%2F7646%2Fapp_iphone_us%2Fdb_display%2Fcontent%2Fallergy ad call is not present
	at org.testng.Assert.fail(Assert.java:94)
	at com.twc.ios.app.general.Utils.verifyPubadCal(Utils.java:680)
	at com.twc.ios.app.testcases.SmokeTest.Verify_Health_Allergy_ContentPage_AdCall(SmokeTest.java:367)
	at sun.reflect.NativeMethodAccessorImpl.invoke0(Native Method)
	at sun.reflect.NativeMethodAccessorImpl.invoke(NativeMethodAccessorImpl.java:62)
	at sun.reflect.DelegatingMethodAccessorImpl.invoke(DelegatingMethodAccessorImpl.java:43)
	at java.lang.reflect.Method.invoke(Method.java:498)
	at org.testng.internal.MethodInvocationHelper.invokeMethod(MethodInvocationHelper.java:86)
	at org.testng.internal.Invoker.invokeMethod(Invoker.java:643)
	at org.testng.internal.Invoker.invokeTestMethod(Invoker.java:820)
	at org.testng.internal.Invoker.invokeTestMethods(Invoker.java:1128)
	at org.testng.internal.TestMethodWorker.invokeTestMethods(TestMethodWorker.java:129)
	at org.testng.internal.TestMethodWorker.run(TestMethodWorker.java:112)
	at org.testng.TestRunner.privateRun(TestRunner.java:782)
	at org.testng.TestRunner.run(TestRunner.java:632)
	at org.testng.SuiteRunner.runTest(SuiteRunner.java:366)
	at org.testng.SuiteRunner.runSequentially(SuiteRunner.java:361)
	at org.testng.SuiteRunner.privateRun(SuiteRunner.java:319)
	at org.testng.SuiteRunner.run(SuiteRunner.java:268)
	at org.testng.SuiteRunnerWorker.runSuite(SuiteRunnerWorker.java:52)
	at org.testng.SuiteRunnerWorker.run(SuiteRunnerWorker.java:86)
	at org.testng.TestNG.runSuitesSequentially(TestNG.java:1244)
	at org.testng.TestNG.runSuitesLocally(TestNG.java:1169)
	at org.testng.TestNG.run(TestNG.java:1064)
	at org.testng.remote.AbstractRemoteTestNG.run(AbstractRemoteTestNG.java:115)
	at org.testng.remote.RemoteTestNG.initAndRun(RemoteTestNG.java:251)
	at org.testng.remote.RemoteTestNG.main(RemoteTestNG.java:77)
]]>
            </full-stacktrace>
          </exception> <!-- java.lang.AssertionError -->
          <reporter-output>
          </reporter-output>
        </test-method> <!-- Verify_Health_Allergy_ContentPage_AdCall -->
        <test-method status="PASS" signature="Verify_Health_Running_ContentPage_AdCall()[pri:109, instance:com.twc.ios.app.testcases.SmokeTest@4bee18dc]" name="Verify_Health_Running_ContentPage_AdCall" duration-ms="15" started-at="2023-01-25T16:11:39Z" finished-at="2023-01-25T16:11:39Z">
          <reporter-output>
          </reporter-output>
        </test-method> <!-- Verify_Health_Running_ContentPage_AdCall -->
        <test-method status="PASS" signature="Verify_Health_BoatAndBeach_ContentPage_AdCall()[pri:110, instance:com.twc.ios.app.testcases.SmokeTest@4bee18dc]" name="Verify_Health_BoatAndBeach_ContentPage_AdCall" duration-ms="13" started-at="2023-01-25T16:11:39Z" finished-at="2023-01-25T16:11:39Z">
          <reporter-output>
          </reporter-output>
        </test-method> <!-- Verify_Health_BoatAndBeach_ContentPage_AdCall -->
        <test-method status="FAIL" signature="Verify_AlertCenterAd()[pri:111, instance:com.twc.ios.app.testcases.SmokeTest@4bee18dc]" name="Verify_AlertCenterAd" duration-ms="13" started-at="2023-01-25T16:11:39Z" finished-at="2023-01-25T16:11:39Z">
          <exception class="java.lang.AssertionError">
            <message>
              <![CDATA[iu=%2F7646%2Fapp_iphone_us%2Fdb_display%2Fdetails%2Falerts%2Fcenter ad call is not present]]>
            </message>
            <full-stacktrace>
              <![CDATA[java.lang.AssertionError: iu=%2F7646%2Fapp_iphone_us%2Fdb_display%2Fdetails%2Falerts%2Fcenter ad call is not present
	at org.testng.Assert.fail(Assert.java:94)
	at com.twc.ios.app.general.Utils.verifyPubadCal(Utils.java:680)
	at com.twc.ios.app.testcases.SmokeTest.Verify_AlertCenterAd(SmokeTest.java:405)
	at sun.reflect.NativeMethodAccessorImpl.invoke0(Native Method)
	at sun.reflect.NativeMethodAccessorImpl.invoke(NativeMethodAccessorImpl.java:62)
	at sun.reflect.DelegatingMethodAccessorImpl.invoke(DelegatingMethodAccessorImpl.java:43)
	at java.lang.reflect.Method.invoke(Method.java:498)
	at org.testng.internal.MethodInvocationHelper.invokeMethod(MethodInvocationHelper.java:86)
	at org.testng.internal.Invoker.invokeMethod(Invoker.java:643)
	at org.testng.internal.Invoker.invokeTestMethod(Invoker.java:820)
	at org.testng.internal.Invoker.invokeTestMethods(Invoker.java:1128)
	at org.testng.internal.TestMethodWorker.invokeTestMethods(TestMethodWorker.java:129)
	at org.testng.internal.TestMethodWorker.run(TestMethodWorker.java:112)
	at org.testng.TestRunner.privateRun(TestRunner.java:782)
	at org.testng.TestRunner.run(TestRunner.java:632)
	at org.testng.SuiteRunner.runTest(SuiteRunner.java:366)
	at org.testng.SuiteRunner.runSequentially(SuiteRunner.java:361)
	at org.testng.SuiteRunner.privateRun(SuiteRunner.java:319)
	at org.testng.SuiteRunner.run(SuiteRunner.java:268)
	at org.testng.SuiteRunnerWorker.runSuite(SuiteRunnerWorker.java:52)
	at org.testng.SuiteRunnerWorker.run(SuiteRunnerWorker.java:86)
	at org.testng.TestNG.runSuitesSequentially(TestNG.java:1244)
	at org.testng.TestNG.runSuitesLocally(TestNG.java:1169)
	at org.testng.TestNG.run(TestNG.java:1064)
	at org.testng.remote.AbstractRemoteTestNG.run(AbstractRemoteTestNG.java:115)
	at org.testng.remote.RemoteTestNG.initAndRun(RemoteTestNG.java:251)
	at org.testng.remote.RemoteTestNG.main(RemoteTestNG.java:77)
]]>
            </full-stacktrace>
          </exception> <!-- java.lang.AssertionError -->
          <reporter-output>
          </reporter-output>
        </test-method> <!-- Verify_AlertCenterAd -->
        <test-method status="FAIL" signature="Verify_SafetyAndPreparednessCard_AdCall()[pri:115, instance:com.twc.ios.app.testcases.SmokeTest@4bee18dc]" name="Verify_SafetyAndPreparednessCard_AdCall" duration-ms="11" started-at="2023-01-25T16:11:39Z" finished-at="2023-01-25T16:11:39Z">
          <exception class="java.lang.AssertionError">
            <message>
              <![CDATA[iu=%2F7646%2Fapp_iphone_us%2Fdb_display%2Fcard%2Fsp ad call is not present]]>
            </message>
            <full-stacktrace>
              <![CDATA[java.lang.AssertionError: iu=%2F7646%2Fapp_iphone_us%2Fdb_display%2Fcard%2Fsp ad call is not present
	at org.testng.Assert.fail(Assert.java:94)
	at com.twc.ios.app.general.Utils.verifyPubadCal(Utils.java:680)
	at com.twc.ios.app.testcases.SmokeTest.Verify_SafetyAndPreparednessCard_AdCall(SmokeTest.java:416)
	at sun.reflect.NativeMethodAccessorImpl.invoke0(Native Method)
	at sun.reflect.NativeMethodAccessorImpl.invoke(NativeMethodAccessorImpl.java:62)
	at sun.reflect.DelegatingMethodAccessorImpl.invoke(DelegatingMethodAccessorImpl.java:43)
	at java.lang.reflect.Method.invoke(Method.java:498)
	at org.testng.internal.MethodInvocationHelper.invokeMethod(MethodInvocationHelper.java:86)
	at org.testng.internal.Invoker.invokeMethod(Invoker.java:643)
	at org.testng.internal.Invoker.invokeTestMethod(Invoker.java:820)
	at org.testng.internal.Invoker.invokeTestMethods(Invoker.java:1128)
	at org.testng.internal.TestMethodWorker.invokeTestMethods(TestMethodWorker.java:129)
	at org.testng.internal.TestMethodWorker.run(TestMethodWorker.java:112)
	at org.testng.TestRunner.privateRun(TestRunner.java:782)
	at org.testng.TestRunner.run(TestRunner.java:632)
	at org.testng.SuiteRunner.runTest(SuiteRunner.java:366)
	at org.testng.SuiteRunner.runSequentially(SuiteRunner.java:361)
	at org.testng.SuiteRunner.privateRun(SuiteRunner.java:319)
	at org.testng.SuiteRunner.run(SuiteRunner.java:268)
	at org.testng.SuiteRunnerWorker.runSuite(SuiteRunnerWorker.java:52)
	at org.testng.SuiteRunnerWorker.run(SuiteRunnerWorker.java:86)
	at org.testng.TestNG.runSuitesSequentially(TestNG.java:1244)
	at org.testng.TestNG.runSuitesLocally(TestNG.java:1169)
	at org.testng.TestNG.run(TestNG.java:1064)
	at org.testng.remote.AbstractRemoteTestNG.run(AbstractRemoteTestNG.java:115)
	at org.testng.remote.RemoteTestNG.initAndRun(RemoteTestNG.java:251)
	at org.testng.remote.RemoteTestNG.main(RemoteTestNG.java:77)
]]>
            </full-stacktrace>
          </exception> <!-- java.lang.AssertionError -->
          <reporter-output>
          </reporter-output>
        </test-method> <!-- Verify_SafetyAndPreparednessCard_AdCall -->
        <test-method status="PASS" signature="Verify_Seasonal_Hub_Details_AdCall()[pri:117, instance:com.twc.ios.app.testcases.SmokeTest@4bee18dc]" name="Verify_Seasonal_Hub_Details_AdCall" duration-ms="11" started-at="2023-01-25T16:11:39Z" finished-at="2023-01-25T16:11:39Z">
          <reporter-output>
          </reporter-output>
        </test-method> <!-- Verify_Seasonal_Hub_Details_AdCall -->
        <test-method status="FAIL" signature="validate_Marquee_sod_Custom_param()[pri:201, instance:com.twc.ios.app.testcases.SmokeTest@4bee18dc]" name="validate_Marquee_sod_Custom_param" duration-ms="10" started-at="2023-01-25T16:11:39Z" finished-at="2023-01-25T16:11:39Z">
          <exception class="java.lang.AssertionError">
            <message>
              <![CDATA[Ad Call :iu=%2F7646%2Fapp_iphone_us%2Fdb_display%2Fhome_screen%2Fmarquee not found in charles session, hence Custom Parameter: sod validation skipped]]>
            </message>
            <full-stacktrace>
              <![CDATA[java.lang.AssertionError: Ad Call :iu=%2F7646%2Fapp_iphone_us%2Fdb_display%2Fhome_screen%2Fmarquee not found in charles session, hence Custom Parameter: sod validation skipped
	at org.testng.Assert.fail(Assert.java:94)
	at com.twc.ios.app.general.Utils.validate_custom_param_val_of_gampad(Utils.java:9391)
	at com.twc.ios.app.testcases.SmokeTest.validate_Marquee_sod_Custom_param(SmokeTest.java:450)
	at sun.reflect.NativeMethodAccessorImpl.invoke0(Native Method)
	at sun.reflect.NativeMethodAccessorImpl.invoke(NativeMethodAccessorImpl.java:62)
	at sun.reflect.DelegatingMethodAccessorImpl.invoke(DelegatingMethodAccessorImpl.java:43)
	at java.lang.reflect.Method.invoke(Method.java:498)
	at org.testng.internal.MethodInvocationHelper.invokeMethod(MethodInvocationHelper.java:86)
	at org.testng.internal.Invoker.invokeMethod(Invoker.java:643)
	at org.testng.internal.Invoker.invokeTestMethod(Invoker.java:820)
	at org.testng.internal.Invoker.invokeTestMethods(Invoker.java:1128)
	at org.testng.internal.TestMethodWorker.invokeTestMethods(TestMethodWorker.java:129)
	at org.testng.internal.TestMethodWorker.run(TestMethodWorker.java:112)
	at org.testng.TestRunner.privateRun(TestRunner.java:782)
	at org.testng.TestRunner.run(TestRunner.java:632)
	at org.testng.SuiteRunner.runTest(SuiteRunner.java:366)
	at org.testng.SuiteRunner.runSequentially(SuiteRunner.java:361)
	at org.testng.SuiteRunner.privateRun(SuiteRunner.java:319)
	at org.testng.SuiteRunner.run(SuiteRunner.java:268)
	at org.testng.SuiteRunnerWorker.runSuite(SuiteRunnerWorker.java:52)
	at org.testng.SuiteRunnerWorker.run(SuiteRunnerWorker.java:86)
	at org.testng.TestNG.runSuitesSequentially(TestNG.java:1244)
	at org.testng.TestNG.runSuitesLocally(TestNG.java:1169)
	at org.testng.TestNG.run(TestNG.java:1064)
	at org.testng.remote.AbstractRemoteTestNG.run(AbstractRemoteTestNG.java:115)
	at org.testng.remote.RemoteTestNG.initAndRun(RemoteTestNG.java:251)
	at org.testng.remote.RemoteTestNG.main(RemoteTestNG.java:77)
]]>
            </full-stacktrace>
          </exception> <!-- java.lang.AssertionError -->
          <reporter-output>
          </reporter-output>
        </test-method> <!-- validate_Marquee_sod_Custom_param -->
        <test-method status="FAIL" signature="Validate_Feed1_sod_Custom_param()[pri:202, instance:com.twc.ios.app.testcases.SmokeTest@4bee18dc]" name="Validate_Feed1_sod_Custom_param" duration-ms="11" started-at="2023-01-25T16:11:39Z" finished-at="2023-01-25T16:11:39Z">
          <exception class="java.lang.AssertionError">
            <message>
              <![CDATA[Ad Call :iu=%2F7646%2Fapp_iphone_us%2Fdb_display%2Ffeed%2Ffeed_1 not found in charles session, hence Custom Parameter: sod validation skipped]]>
            </message>
            <full-stacktrace>
              <![CDATA[java.lang.AssertionError: Ad Call :iu=%2F7646%2Fapp_iphone_us%2Fdb_display%2Ffeed%2Ffeed_1 not found in charles session, hence Custom Parameter: sod validation skipped
	at org.testng.Assert.fail(Assert.java:94)
	at com.twc.ios.app.general.Utils.validate_custom_param_val_of_gampad(Utils.java:9391)
	at com.twc.ios.app.testcases.SmokeTest.Validate_Feed1_sod_Custom_param(SmokeTest.java:463)
	at sun.reflect.NativeMethodAccessorImpl.invoke0(Native Method)
	at sun.reflect.NativeMethodAccessorImpl.invoke(NativeMethodAccessorImpl.java:62)
	at sun.reflect.DelegatingMethodAccessorImpl.invoke(DelegatingMethodAccessorImpl.java:43)
	at java.lang.reflect.Method.invoke(Method.java:498)
	at org.testng.internal.MethodInvocationHelper.invokeMethod(MethodInvocationHelper.java:86)
	at org.testng.internal.Invoker.invokeMethod(Invoker.java:643)
	at org.testng.internal.Invoker.invokeTestMethod(Invoker.java:820)
	at org.testng.internal.Invoker.invokeTestMethods(Invoker.java:1128)
	at org.testng.internal.TestMethodWorker.invokeTestMethods(TestMethodWorker.java:129)
	at org.testng.internal.TestMethodWorker.run(TestMethodWorker.java:112)
	at org.testng.TestRunner.privateRun(TestRunner.java:782)
	at org.testng.TestRunner.run(TestRunner.java:632)
	at org.testng.SuiteRunner.runTest(SuiteRunner.java:366)
	at org.testng.SuiteRunner.runSequentially(SuiteRunner.java:361)
	at org.testng.SuiteRunner.privateRun(SuiteRunner.java:319)
	at org.testng.SuiteRunner.run(SuiteRunner.java:268)
	at org.testng.SuiteRunnerWorker.runSuite(SuiteRunnerWorker.java:52)
	at org.testng.SuiteRunnerWorker.run(SuiteRunnerWorker.java:86)
	at org.testng.TestNG.runSuitesSequentially(TestNG.java:1244)
	at org.testng.TestNG.runSuitesLocally(TestNG.java:1169)
	at org.testng.TestNG.run(TestNG.java:1064)
	at org.testng.remote.AbstractRemoteTestNG.run(AbstractRemoteTestNG.java:115)
	at org.testng.remote.RemoteTestNG.initAndRun(RemoteTestNG.java:251)
	at org.testng.remote.RemoteTestNG.main(RemoteTestNG.java:77)
]]>
            </full-stacktrace>
          </exception> <!-- java.lang.AssertionError -->
          <reporter-output>
          </reporter-output>
        </test-method> <!-- Validate_Feed1_sod_Custom_param -->
        <test-method status="FAIL" signature="Validate_Marquee_zip_Custom_param()[pri:205, instance:com.twc.ios.app.testcases.SmokeTest@4bee18dc]" name="Validate_Marquee_zip_Custom_param" duration-ms="15" started-at="2023-01-25T16:11:39Z" finished-at="2023-01-25T16:11:39Z">
          <exception class="java.lang.AssertionError">
            <message>
              <![CDATA[Either Parameter value is empty or API Call is not generated, hence Custom Parameter validation skipped]]>
            </message>
            <full-stacktrace>
              <![CDATA[java.lang.AssertionError: Either Parameter value is empty or API Call is not generated, hence Custom Parameter validation skipped
	at org.testng.Assert.fail(Assert.java:94)
	at com.twc.ios.app.general.Utils.validate_custom_param_val_of_gampad(Utils.java:9242)
	at com.twc.ios.app.testcases.SmokeTest.Validate_Marquee_zip_Custom_param(SmokeTest.java:507)
	at sun.reflect.NativeMethodAccessorImpl.invoke0(Native Method)
	at sun.reflect.NativeMethodAccessorImpl.invoke(NativeMethodAccessorImpl.java:62)
	at sun.reflect.DelegatingMethodAccessorImpl.invoke(DelegatingMethodAccessorImpl.java:43)
	at java.lang.reflect.Method.invoke(Method.java:498)
	at org.testng.internal.MethodInvocationHelper.invokeMethod(MethodInvocationHelper.java:86)
	at org.testng.internal.Invoker.invokeMethod(Invoker.java:643)
	at org.testng.internal.Invoker.invokeTestMethod(Invoker.java:820)
	at org.testng.internal.Invoker.invokeTestMethods(Invoker.java:1128)
	at org.testng.internal.TestMethodWorker.invokeTestMethods(TestMethodWorker.java:129)
	at org.testng.internal.TestMethodWorker.run(TestMethodWorker.java:112)
	at org.testng.TestRunner.privateRun(TestRunner.java:782)
	at org.testng.TestRunner.run(TestRunner.java:632)
	at org.testng.SuiteRunner.runTest(SuiteRunner.java:366)
	at org.testng.SuiteRunner.runSequentially(SuiteRunner.java:361)
	at org.testng.SuiteRunner.privateRun(SuiteRunner.java:319)
	at org.testng.SuiteRunner.run(SuiteRunner.java:268)
	at org.testng.SuiteRunnerWorker.runSuite(SuiteRunnerWorker.java:52)
	at org.testng.SuiteRunnerWorker.run(SuiteRunnerWorker.java:86)
	at org.testng.TestNG.runSuitesSequentially(TestNG.java:1244)
	at org.testng.TestNG.runSuitesLocally(TestNG.java:1169)
	at org.testng.TestNG.run(TestNG.java:1064)
	at org.testng.remote.AbstractRemoteTestNG.run(AbstractRemoteTestNG.java:115)
	at org.testng.remote.RemoteTestNG.initAndRun(RemoteTestNG.java:251)
	at org.testng.remote.RemoteTestNG.main(RemoteTestNG.java:77)
]]>
            </full-stacktrace>
          </exception> <!-- java.lang.AssertionError -->
          <reporter-output>
          </reporter-output>
        </test-method> <!-- Validate_Marquee_zip_Custom_param -->
        <test-method status="FAIL" signature="Validate_Feed1_zip_Custom_param()[pri:206, instance:com.twc.ios.app.testcases.SmokeTest@4bee18dc]" name="Validate_Feed1_zip_Custom_param" duration-ms="13" started-at="2023-01-25T16:11:39Z" finished-at="2023-01-25T16:11:39Z">
          <exception class="java.lang.AssertionError">
            <message>
              <![CDATA[Either Parameter value is empty or API Call is not generated, hence Custom Parameter validation skipped]]>
            </message>
            <full-stacktrace>
              <![CDATA[java.lang.AssertionError: Either Parameter value is empty or API Call is not generated, hence Custom Parameter validation skipped
	at org.testng.Assert.fail(Assert.java:94)
	at com.twc.ios.app.general.Utils.validate_custom_param_val_of_gampad(Utils.java:9242)
	at com.twc.ios.app.testcases.SmokeTest.Validate_Feed1_zip_Custom_param(SmokeTest.java:520)
	at sun.reflect.NativeMethodAccessorImpl.invoke0(Native Method)
	at sun.reflect.NativeMethodAccessorImpl.invoke(NativeMethodAccessorImpl.java:62)
	at sun.reflect.DelegatingMethodAccessorImpl.invoke(DelegatingMethodAccessorImpl.java:43)
	at java.lang.reflect.Method.invoke(Method.java:498)
	at org.testng.internal.MethodInvocationHelper.invokeMethod(MethodInvocationHelper.java:86)
	at org.testng.internal.Invoker.invokeMethod(Invoker.java:643)
	at org.testng.internal.Invoker.invokeTestMethod(Invoker.java:820)
	at org.testng.internal.Invoker.invokeTestMethods(Invoker.java:1128)
	at org.testng.internal.TestMethodWorker.invokeTestMethods(TestMethodWorker.java:129)
	at org.testng.internal.TestMethodWorker.run(TestMethodWorker.java:112)
	at org.testng.TestRunner.privateRun(TestRunner.java:782)
	at org.testng.TestRunner.run(TestRunner.java:632)
	at org.testng.SuiteRunner.runTest(SuiteRunner.java:366)
	at org.testng.SuiteRunner.runSequentially(SuiteRunner.java:361)
	at org.testng.SuiteRunner.privateRun(SuiteRunner.java:319)
	at org.testng.SuiteRunner.run(SuiteRunner.java:268)
	at org.testng.SuiteRunnerWorker.runSuite(SuiteRunnerWorker.java:52)
	at org.testng.SuiteRunnerWorker.run(SuiteRunnerWorker.java:86)
	at org.testng.TestNG.runSuitesSequentially(TestNG.java:1244)
	at org.testng.TestNG.runSuitesLocally(TestNG.java:1169)
	at org.testng.TestNG.run(TestNG.java:1064)
	at org.testng.remote.AbstractRemoteTestNG.run(AbstractRemoteTestNG.java:115)
	at org.testng.remote.RemoteTestNG.initAndRun(RemoteTestNG.java:251)
	at org.testng.remote.RemoteTestNG.main(RemoteTestNG.java:77)
]]>
            </full-stacktrace>
          </exception> <!-- java.lang.AssertionError -->
          <reporter-output>
          </reporter-output>
        </test-method> <!-- Validate_Feed1_zip_Custom_param -->
        <test-method status="FAIL" signature="Validate_Marquee_plat_Custom_param()[pri:208, instance:com.twc.ios.app.testcases.SmokeTest@4bee18dc]" name="Validate_Marquee_plat_Custom_param" duration-ms="14" started-at="2023-01-25T16:11:39Z" finished-at="2023-01-25T16:11:39Z">
          <exception class="java.lang.AssertionError">
            <message>
              <![CDATA[Ad Call :iu=%2F7646%2Fapp_iphone_us%2Fdb_display%2Fhome_screen%2Fmarquee not found in charles session, hence Custom Parameter: plat validation skipped]]>
            </message>
            <full-stacktrace>
              <![CDATA[java.lang.AssertionError: Ad Call :iu=%2F7646%2Fapp_iphone_us%2Fdb_display%2Fhome_screen%2Fmarquee not found in charles session, hence Custom Parameter: plat validation skipped
	at org.testng.Assert.fail(Assert.java:94)
	at com.twc.ios.app.general.Utils.validate_custom_param_val_of_gampad(Utils.java:9391)
	at com.twc.ios.app.testcases.SmokeTest.Validate_Marquee_plat_Custom_param(SmokeTest.java:546)
	at sun.reflect.NativeMethodAccessorImpl.invoke0(Native Method)
	at sun.reflect.NativeMethodAccessorImpl.invoke(NativeMethodAccessorImpl.java:62)
	at sun.reflect.DelegatingMethodAccessorImpl.invoke(DelegatingMethodAccessorImpl.java:43)
	at java.lang.reflect.Method.invoke(Method.java:498)
	at org.testng.internal.MethodInvocationHelper.invokeMethod(MethodInvocationHelper.java:86)
	at org.testng.internal.Invoker.invokeMethod(Invoker.java:643)
	at org.testng.internal.Invoker.invokeTestMethod(Invoker.java:820)
	at org.testng.internal.Invoker.invokeTestMethods(Invoker.java:1128)
	at org.testng.internal.TestMethodWorker.invokeTestMethods(TestMethodWorker.java:129)
	at org.testng.internal.TestMethodWorker.run(TestMethodWorker.java:112)
	at org.testng.TestRunner.privateRun(TestRunner.java:782)
	at org.testng.TestRunner.run(TestRunner.java:632)
	at org.testng.SuiteRunner.runTest(SuiteRunner.java:366)
	at org.testng.SuiteRunner.runSequentially(SuiteRunner.java:361)
	at org.testng.SuiteRunner.privateRun(SuiteRunner.java:319)
	at org.testng.SuiteRunner.run(SuiteRunner.java:268)
	at org.testng.SuiteRunnerWorker.runSuite(SuiteRunnerWorker.java:52)
	at org.testng.SuiteRunnerWorker.run(SuiteRunnerWorker.java:86)
	at org.testng.TestNG.runSuitesSequentially(TestNG.java:1244)
	at org.testng.TestNG.runSuitesLocally(TestNG.java:1169)
	at org.testng.TestNG.run(TestNG.java:1064)
	at org.testng.remote.AbstractRemoteTestNG.run(AbstractRemoteTestNG.java:115)
	at org.testng.remote.RemoteTestNG.initAndRun(RemoteTestNG.java:251)
	at org.testng.remote.RemoteTestNG.main(RemoteTestNG.java:77)
]]>
            </full-stacktrace>
          </exception> <!-- java.lang.AssertionError -->
          <reporter-output>
          </reporter-output>
        </test-method> <!-- Validate_Marquee_plat_Custom_param -->
        <test-method status="FAIL" signature="Validate_Feed1_plat_Custom_param()[pri:209, instance:com.twc.ios.app.testcases.SmokeTest@4bee18dc]" name="Validate_Feed1_plat_Custom_param" duration-ms="11" started-at="2023-01-25T16:11:39Z" finished-at="2023-01-25T16:11:39Z">
          <exception class="java.lang.AssertionError">
            <message>
              <![CDATA[Ad Call :iu=%2F7646%2Fapp_iphone_us%2Fdb_display%2Ffeed%2Ffeed_1 not found in charles session, hence Custom Parameter: plat validation skipped]]>
            </message>
            <full-stacktrace>
              <![CDATA[java.lang.AssertionError: Ad Call :iu=%2F7646%2Fapp_iphone_us%2Fdb_display%2Ffeed%2Ffeed_1 not found in charles session, hence Custom Parameter: plat validation skipped
	at org.testng.Assert.fail(Assert.java:94)
	at com.twc.ios.app.general.Utils.validate_custom_param_val_of_gampad(Utils.java:9391)
	at com.twc.ios.app.testcases.SmokeTest.Validate_Feed1_plat_Custom_param(SmokeTest.java:559)
	at sun.reflect.NativeMethodAccessorImpl.invoke0(Native Method)
	at sun.reflect.NativeMethodAccessorImpl.invoke(NativeMethodAccessorImpl.java:62)
	at sun.reflect.DelegatingMethodAccessorImpl.invoke(DelegatingMethodAccessorImpl.java:43)
	at java.lang.reflect.Method.invoke(Method.java:498)
	at org.testng.internal.MethodInvocationHelper.invokeMethod(MethodInvocationHelper.java:86)
	at org.testng.internal.Invoker.invokeMethod(Invoker.java:643)
	at org.testng.internal.Invoker.invokeTestMethod(Invoker.java:820)
	at org.testng.internal.Invoker.invokeTestMethods(Invoker.java:1128)
	at org.testng.internal.TestMethodWorker.invokeTestMethods(TestMethodWorker.java:129)
	at org.testng.internal.TestMethodWorker.run(TestMethodWorker.java:112)
	at org.testng.TestRunner.privateRun(TestRunner.java:782)
	at org.testng.TestRunner.run(TestRunner.java:632)
	at org.testng.SuiteRunner.runTest(SuiteRunner.java:366)
	at org.testng.SuiteRunner.runSequentially(SuiteRunner.java:361)
	at org.testng.SuiteRunner.privateRun(SuiteRunner.java:319)
	at org.testng.SuiteRunner.run(SuiteRunner.java:268)
	at org.testng.SuiteRunnerWorker.runSuite(SuiteRunnerWorker.java:52)
	at org.testng.SuiteRunnerWorker.run(SuiteRunnerWorker.java:86)
	at org.testng.TestNG.runSuitesSequentially(TestNG.java:1244)
	at org.testng.TestNG.runSuitesLocally(TestNG.java:1169)
	at org.testng.TestNG.run(TestNG.java:1064)
	at org.testng.remote.AbstractRemoteTestNG.run(AbstractRemoteTestNG.java:115)
	at org.testng.remote.RemoteTestNG.initAndRun(RemoteTestNG.java:251)
	at org.testng.remote.RemoteTestNG.main(RemoteTestNG.java:77)
]]>
            </full-stacktrace>
          </exception> <!-- java.lang.AssertionError -->
          <reporter-output>
          </reporter-output>
        </test-method> <!-- Validate_Feed1_plat_Custom_param -->
        <test-method status="FAIL" signature="Validate_Marquee_adid_Custom_param()[pri:211, instance:com.twc.ios.app.testcases.SmokeTest@4bee18dc]" name="Validate_Marquee_adid_Custom_param" duration-ms="12" started-at="2023-01-25T16:11:39Z" finished-at="2023-01-25T16:11:39Z">
          <exception class="java.lang.AssertionError">
            <message>
              <![CDATA[Ad Call :iu=%2F7646%2Fapp_iphone_us%2Fdb_display%2Fhome_screen%2Fmarquee not found in charles session, hence Custom Parameter: adid validation skipped]]>
            </message>
            <full-stacktrace>
              <![CDATA[java.lang.AssertionError: Ad Call :iu=%2F7646%2Fapp_iphone_us%2Fdb_display%2Fhome_screen%2Fmarquee not found in charles session, hence Custom Parameter: adid validation skipped
	at org.testng.Assert.fail(Assert.java:94)
	at com.twc.ios.app.general.Utils.validate_custom_param_val_of_gampad(Utils.java:9391)
	at com.twc.ios.app.testcases.SmokeTest.Validate_Marquee_adid_Custom_param(SmokeTest.java:585)
	at sun.reflect.NativeMethodAccessorImpl.invoke0(Native Method)
	at sun.reflect.NativeMethodAccessorImpl.invoke(NativeMethodAccessorImpl.java:62)
	at sun.reflect.DelegatingMethodAccessorImpl.invoke(DelegatingMethodAccessorImpl.java:43)
	at java.lang.reflect.Method.invoke(Method.java:498)
	at org.testng.internal.MethodInvocationHelper.invokeMethod(MethodInvocationHelper.java:86)
	at org.testng.internal.Invoker.invokeMethod(Invoker.java:643)
	at org.testng.internal.Invoker.invokeTestMethod(Invoker.java:820)
	at org.testng.internal.Invoker.invokeTestMethods(Invoker.java:1128)
	at org.testng.internal.TestMethodWorker.invokeTestMethods(TestMethodWorker.java:129)
	at org.testng.internal.TestMethodWorker.run(TestMethodWorker.java:112)
	at org.testng.TestRunner.privateRun(TestRunner.java:782)
	at org.testng.TestRunner.run(TestRunner.java:632)
	at org.testng.SuiteRunner.runTest(SuiteRunner.java:366)
	at org.testng.SuiteRunner.runSequentially(SuiteRunner.java:361)
	at org.testng.SuiteRunner.privateRun(SuiteRunner.java:319)
	at org.testng.SuiteRunner.run(SuiteRunner.java:268)
	at org.testng.SuiteRunnerWorker.runSuite(SuiteRunnerWorker.java:52)
	at org.testng.SuiteRunnerWorker.run(SuiteRunnerWorker.java:86)
	at org.testng.TestNG.runSuitesSequentially(TestNG.java:1244)
	at org.testng.TestNG.runSuitesLocally(TestNG.java:1169)
	at org.testng.TestNG.run(TestNG.java:1064)
	at org.testng.remote.AbstractRemoteTestNG.run(AbstractRemoteTestNG.java:115)
	at org.testng.remote.RemoteTestNG.initAndRun(RemoteTestNG.java:251)
	at org.testng.remote.RemoteTestNG.main(RemoteTestNG.java:77)
]]>
            </full-stacktrace>
          </exception> <!-- java.lang.AssertionError -->
          <reporter-output>
          </reporter-output>
        </test-method> <!-- Validate_Marquee_adid_Custom_param -->
        <test-method status="FAIL" signature="Validate_Feed1_adid_Custom_param()[pri:212, instance:com.twc.ios.app.testcases.SmokeTest@4bee18dc]" name="Validate_Feed1_adid_Custom_param" duration-ms="11" started-at="2023-01-25T16:11:39Z" finished-at="2023-01-25T16:11:39Z">
          <exception class="java.lang.AssertionError">
            <message>
              <![CDATA[Ad Call :iu=%2F7646%2Fapp_iphone_us%2Fdb_display%2Ffeed%2Ffeed_1 not found in charles session, hence Custom Parameter: adid validation skipped]]>
            </message>
            <full-stacktrace>
              <![CDATA[java.lang.AssertionError: Ad Call :iu=%2F7646%2Fapp_iphone_us%2Fdb_display%2Ffeed%2Ffeed_1 not found in charles session, hence Custom Parameter: adid validation skipped
	at org.testng.Assert.fail(Assert.java:94)
	at com.twc.ios.app.general.Utils.validate_custom_param_val_of_gampad(Utils.java:9391)
	at com.twc.ios.app.testcases.SmokeTest.Validate_Feed1_adid_Custom_param(SmokeTest.java:598)
	at sun.reflect.NativeMethodAccessorImpl.invoke0(Native Method)
	at sun.reflect.NativeMethodAccessorImpl.invoke(NativeMethodAccessorImpl.java:62)
	at sun.reflect.DelegatingMethodAccessorImpl.invoke(DelegatingMethodAccessorImpl.java:43)
	at java.lang.reflect.Method.invoke(Method.java:498)
	at org.testng.internal.MethodInvocationHelper.invokeMethod(MethodInvocationHelper.java:86)
	at org.testng.internal.Invoker.invokeMethod(Invoker.java:643)
	at org.testng.internal.Invoker.invokeTestMethod(Invoker.java:820)
	at org.testng.internal.Invoker.invokeTestMethods(Invoker.java:1128)
	at org.testng.internal.TestMethodWorker.invokeTestMethods(TestMethodWorker.java:129)
	at org.testng.internal.TestMethodWorker.run(TestMethodWorker.java:112)
	at org.testng.TestRunner.privateRun(TestRunner.java:782)
	at org.testng.TestRunner.run(TestRunner.java:632)
	at org.testng.SuiteRunner.runTest(SuiteRunner.java:366)
	at org.testng.SuiteRunner.runSequentially(SuiteRunner.java:361)
	at org.testng.SuiteRunner.privateRun(SuiteRunner.java:319)
	at org.testng.SuiteRunner.run(SuiteRunner.java:268)
	at org.testng.SuiteRunnerWorker.runSuite(SuiteRunnerWorker.java:52)
	at org.testng.SuiteRunnerWorker.run(SuiteRunnerWorker.java:86)
	at org.testng.TestNG.runSuitesSequentially(TestNG.java:1244)
	at org.testng.TestNG.runSuitesLocally(TestNG.java:1169)
	at org.testng.TestNG.run(TestNG.java:1064)
	at org.testng.remote.AbstractRemoteTestNG.run(AbstractRemoteTestNG.java:115)
	at org.testng.remote.RemoteTestNG.initAndRun(RemoteTestNG.java:251)
	at org.testng.remote.RemoteTestNG.main(RemoteTestNG.java:77)
]]>
            </full-stacktrace>
          </exception> <!-- java.lang.AssertionError -->
          <reporter-output>
          </reporter-output>
        </test-method> <!-- Validate_Feed1_adid_Custom_param -->
        <test-method status="FAIL" signature="Validate_Marquee_cnd_Custom_param()[pri:214, instance:com.twc.ios.app.testcases.SmokeTest@4bee18dc]" name="Validate_Marquee_cnd_Custom_param" duration-ms="15" started-at="2023-01-25T16:11:39Z" finished-at="2023-01-25T16:11:39Z">
          <exception class="java.lang.AssertionError">
            <message>
              <![CDATA[Either Parameter value is empty or API Call is not generated, hence Custom Parameter validation skipped]]>
            </message>
            <full-stacktrace>
              <![CDATA[java.lang.AssertionError: Either Parameter value is empty or API Call is not generated, hence Custom Parameter validation skipped
	at org.testng.Assert.fail(Assert.java:94)
	at com.twc.ios.app.general.Utils.validate_custom_param_val_of_gampad(Utils.java:9242)
	at com.twc.ios.app.testcases.SmokeTest.Validate_Marquee_cnd_Custom_param(SmokeTest.java:624)
	at sun.reflect.NativeMethodAccessorImpl.invoke0(Native Method)
	at sun.reflect.NativeMethodAccessorImpl.invoke(NativeMethodAccessorImpl.java:62)
	at sun.reflect.DelegatingMethodAccessorImpl.invoke(DelegatingMethodAccessorImpl.java:43)
	at java.lang.reflect.Method.invoke(Method.java:498)
	at org.testng.internal.MethodInvocationHelper.invokeMethod(MethodInvocationHelper.java:86)
	at org.testng.internal.Invoker.invokeMethod(Invoker.java:643)
	at org.testng.internal.Invoker.invokeTestMethod(Invoker.java:820)
	at org.testng.internal.Invoker.invokeTestMethods(Invoker.java:1128)
	at org.testng.internal.TestMethodWorker.invokeTestMethods(TestMethodWorker.java:129)
	at org.testng.internal.TestMethodWorker.run(TestMethodWorker.java:112)
	at org.testng.TestRunner.privateRun(TestRunner.java:782)
	at org.testng.TestRunner.run(TestRunner.java:632)
	at org.testng.SuiteRunner.runTest(SuiteRunner.java:366)
	at org.testng.SuiteRunner.runSequentially(SuiteRunner.java:361)
	at org.testng.SuiteRunner.privateRun(SuiteRunner.java:319)
	at org.testng.SuiteRunner.run(SuiteRunner.java:268)
	at org.testng.SuiteRunnerWorker.runSuite(SuiteRunnerWorker.java:52)
	at org.testng.SuiteRunnerWorker.run(SuiteRunnerWorker.java:86)
	at org.testng.TestNG.runSuitesSequentially(TestNG.java:1244)
	at org.testng.TestNG.runSuitesLocally(TestNG.java:1169)
	at org.testng.TestNG.run(TestNG.java:1064)
	at org.testng.remote.AbstractRemoteTestNG.run(AbstractRemoteTestNG.java:115)
	at org.testng.remote.RemoteTestNG.initAndRun(RemoteTestNG.java:251)
	at org.testng.remote.RemoteTestNG.main(RemoteTestNG.java:77)
]]>
            </full-stacktrace>
          </exception> <!-- java.lang.AssertionError -->
          <reporter-output>
          </reporter-output>
        </test-method> <!-- Validate_Marquee_cnd_Custom_param -->
        <test-method status="FAIL" signature="Validate_Feed1_cnd_Custom_param()[pri:215, instance:com.twc.ios.app.testcases.SmokeTest@4bee18dc]" name="Validate_Feed1_cnd_Custom_param" duration-ms="11" started-at="2023-01-25T16:11:39Z" finished-at="2023-01-25T16:11:39Z">
          <exception class="java.lang.AssertionError">
            <message>
              <![CDATA[Either Parameter value is empty or API Call is not generated, hence Custom Parameter validation skipped]]>
            </message>
            <full-stacktrace>
              <![CDATA[java.lang.AssertionError: Either Parameter value is empty or API Call is not generated, hence Custom Parameter validation skipped
	at org.testng.Assert.fail(Assert.java:94)
	at com.twc.ios.app.general.Utils.validate_custom_param_val_of_gampad(Utils.java:9242)
	at com.twc.ios.app.testcases.SmokeTest.Validate_Feed1_cnd_Custom_param(SmokeTest.java:637)
	at sun.reflect.NativeMethodAccessorImpl.invoke0(Native Method)
	at sun.reflect.NativeMethodAccessorImpl.invoke(NativeMethodAccessorImpl.java:62)
	at sun.reflect.DelegatingMethodAccessorImpl.invoke(DelegatingMethodAccessorImpl.java:43)
	at java.lang.reflect.Method.invoke(Method.java:498)
	at org.testng.internal.MethodInvocationHelper.invokeMethod(MethodInvocationHelper.java:86)
	at org.testng.internal.Invoker.invokeMethod(Invoker.java:643)
	at org.testng.internal.Invoker.invokeTestMethod(Invoker.java:820)
	at org.testng.internal.Invoker.invokeTestMethods(Invoker.java:1128)
	at org.testng.internal.TestMethodWorker.invokeTestMethods(TestMethodWorker.java:129)
	at org.testng.internal.TestMethodWorker.run(TestMethodWorker.java:112)
	at org.testng.TestRunner.privateRun(TestRunner.java:782)
	at org.testng.TestRunner.run(TestRunner.java:632)
	at org.testng.SuiteRunner.runTest(SuiteRunner.java:366)
	at org.testng.SuiteRunner.runSequentially(SuiteRunner.java:361)
	at org.testng.SuiteRunner.privateRun(SuiteRunner.java:319)
	at org.testng.SuiteRunner.run(SuiteRunner.java:268)
	at org.testng.SuiteRunnerWorker.runSuite(SuiteRunnerWorker.java:52)
	at org.testng.SuiteRunnerWorker.run(SuiteRunnerWorker.java:86)
	at org.testng.TestNG.runSuitesSequentially(TestNG.java:1244)
	at org.testng.TestNG.runSuitesLocally(TestNG.java:1169)
	at org.testng.TestNG.run(TestNG.java:1064)
	at org.testng.remote.AbstractRemoteTestNG.run(AbstractRemoteTestNG.java:115)
	at org.testng.remote.RemoteTestNG.initAndRun(RemoteTestNG.java:251)
	at org.testng.remote.RemoteTestNG.main(RemoteTestNG.java:77)
]]>
            </full-stacktrace>
          </exception> <!-- java.lang.AssertionError -->
          <reporter-output>
          </reporter-output>
        </test-method> <!-- Validate_Feed1_cnd_Custom_param -->
        <test-method status="FAIL" signature="Validate_Marquee_dma_Custom_param()[pri:217, instance:com.twc.ios.app.testcases.SmokeTest@4bee18dc]" name="Validate_Marquee_dma_Custom_param" duration-ms="13" started-at="2023-01-25T16:11:39Z" finished-at="2023-01-25T16:11:39Z">
          <exception class="java.lang.AssertionError">
            <message>
              <![CDATA[Either Parameter value is empty or API Call is not generated, hence Custom Parameter validation skipped]]>
            </message>
            <full-stacktrace>
              <![CDATA[java.lang.AssertionError: Either Parameter value is empty or API Call is not generated, hence Custom Parameter validation skipped
	at org.testng.Assert.fail(Assert.java:94)
	at com.twc.ios.app.general.Utils.validate_custom_param_val_of_gampad(Utils.java:9242)
	at com.twc.ios.app.testcases.SmokeTest.Validate_Marquee_dma_Custom_param(SmokeTest.java:663)
	at sun.reflect.NativeMethodAccessorImpl.invoke0(Native Method)
	at sun.reflect.NativeMethodAccessorImpl.invoke(NativeMethodAccessorImpl.java:62)
	at sun.reflect.DelegatingMethodAccessorImpl.invoke(DelegatingMethodAccessorImpl.java:43)
	at java.lang.reflect.Method.invoke(Method.java:498)
	at org.testng.internal.MethodInvocationHelper.invokeMethod(MethodInvocationHelper.java:86)
	at org.testng.internal.Invoker.invokeMethod(Invoker.java:643)
	at org.testng.internal.Invoker.invokeTestMethod(Invoker.java:820)
	at org.testng.internal.Invoker.invokeTestMethods(Invoker.java:1128)
	at org.testng.internal.TestMethodWorker.invokeTestMethods(TestMethodWorker.java:129)
	at org.testng.internal.TestMethodWorker.run(TestMethodWorker.java:112)
	at org.testng.TestRunner.privateRun(TestRunner.java:782)
	at org.testng.TestRunner.run(TestRunner.java:632)
	at org.testng.SuiteRunner.runTest(SuiteRunner.java:366)
	at org.testng.SuiteRunner.runSequentially(SuiteRunner.java:361)
	at org.testng.SuiteRunner.privateRun(SuiteRunner.java:319)
	at org.testng.SuiteRunner.run(SuiteRunner.java:268)
	at org.testng.SuiteRunnerWorker.runSuite(SuiteRunnerWorker.java:52)
	at org.testng.SuiteRunnerWorker.run(SuiteRunnerWorker.java:86)
	at org.testng.TestNG.runSuitesSequentially(TestNG.java:1244)
	at org.testng.TestNG.runSuitesLocally(TestNG.java:1169)
	at org.testng.TestNG.run(TestNG.java:1064)
	at org.testng.remote.AbstractRemoteTestNG.run(AbstractRemoteTestNG.java:115)
	at org.testng.remote.RemoteTestNG.initAndRun(RemoteTestNG.java:251)
	at org.testng.remote.RemoteTestNG.main(RemoteTestNG.java:77)
]]>
            </full-stacktrace>
          </exception> <!-- java.lang.AssertionError -->
          <reporter-output>
          </reporter-output>
        </test-method> <!-- Validate_Marquee_dma_Custom_param -->
        <test-method status="FAIL" signature="Validate_Feed1_dma_Custom_param()[pri:218, instance:com.twc.ios.app.testcases.SmokeTest@4bee18dc]" name="Validate_Feed1_dma_Custom_param" duration-ms="13" started-at="2023-01-25T16:11:39Z" finished-at="2023-01-25T16:11:39Z">
          <exception class="java.lang.AssertionError">
            <message>
              <![CDATA[Either Parameter value is empty or API Call is not generated, hence Custom Parameter validation skipped]]>
            </message>
            <full-stacktrace>
              <![CDATA[java.lang.AssertionError: Either Parameter value is empty or API Call is not generated, hence Custom Parameter validation skipped
	at org.testng.Assert.fail(Assert.java:94)
	at com.twc.ios.app.general.Utils.validate_custom_param_val_of_gampad(Utils.java:9242)
	at com.twc.ios.app.testcases.SmokeTest.Validate_Feed1_dma_Custom_param(SmokeTest.java:676)
	at sun.reflect.NativeMethodAccessorImpl.invoke0(Native Method)
	at sun.reflect.NativeMethodAccessorImpl.invoke(NativeMethodAccessorImpl.java:62)
	at sun.reflect.DelegatingMethodAccessorImpl.invoke(DelegatingMethodAccessorImpl.java:43)
	at java.lang.reflect.Method.invoke(Method.java:498)
	at org.testng.internal.MethodInvocationHelper.invokeMethod(MethodInvocationHelper.java:86)
	at org.testng.internal.Invoker.invokeMethod(Invoker.java:643)
	at org.testng.internal.Invoker.invokeTestMethod(Invoker.java:820)
	at org.testng.internal.Invoker.invokeTestMethods(Invoker.java:1128)
	at org.testng.internal.TestMethodWorker.invokeTestMethods(TestMethodWorker.java:129)
	at org.testng.internal.TestMethodWorker.run(TestMethodWorker.java:112)
	at org.testng.TestRunner.privateRun(TestRunner.java:782)
	at org.testng.TestRunner.run(TestRunner.java:632)
	at org.testng.SuiteRunner.runTest(SuiteRunner.java:366)
	at org.testng.SuiteRunner.runSequentially(SuiteRunner.java:361)
	at org.testng.SuiteRunner.privateRun(SuiteRunner.java:319)
	at org.testng.SuiteRunner.run(SuiteRunner.java:268)
	at org.testng.SuiteRunnerWorker.runSuite(SuiteRunnerWorker.java:52)
	at org.testng.SuiteRunnerWorker.run(SuiteRunnerWorker.java:86)
	at org.testng.TestNG.runSuitesSequentially(TestNG.java:1244)
	at org.testng.TestNG.runSuitesLocally(TestNG.java:1169)
	at org.testng.TestNG.run(TestNG.java:1064)
	at org.testng.remote.AbstractRemoteTestNG.run(AbstractRemoteTestNG.java:115)
	at org.testng.remote.RemoteTestNG.initAndRun(RemoteTestNG.java:251)
	at org.testng.remote.RemoteTestNG.main(RemoteTestNG.java:77)
]]>
            </full-stacktrace>
          </exception> <!-- java.lang.AssertionError -->
          <reporter-output>
          </reporter-output>
        </test-method> <!-- Validate_Feed1_dma_Custom_param -->
        <test-method status="FAIL" signature="Validate_Marquee_tmp_Custom_param()[pri:220, instance:com.twc.ios.app.testcases.SmokeTest@4bee18dc]" name="Validate_Marquee_tmp_Custom_param" duration-ms="9" started-at="2023-01-25T16:11:39Z" finished-at="2023-01-25T16:11:39Z">
          <exception class="java.lang.AssertionError">
            <message>
              <![CDATA[Ad Call :iu=%2F7646%2Fapp_iphone_us%2Fdb_display%2Fhome_screen%2Fmarquee not found in charles session, hence Custom Parameter: tmp validation skipped]]>
            </message>
            <full-stacktrace>
              <![CDATA[java.lang.AssertionError: Ad Call :iu=%2F7646%2Fapp_iphone_us%2Fdb_display%2Fhome_screen%2Fmarquee not found in charles session, hence Custom Parameter: tmp validation skipped
	at org.testng.Assert.fail(Assert.java:94)
	at com.twc.ios.app.general.Utils.validate_custom_param_val_of_gampad(Utils.java:9539)
	at com.twc.ios.app.testcases.SmokeTest.Validate_Marquee_tmp_Custom_param(SmokeTest.java:702)
[...]
	at org.testng.TestNG.run(TestNG.java:1064)
	at org.testng.remote.AbstractRemoteTestNG.run(AbstractRemoteTestNG.java:115)
	at org.testng.remote.RemoteTestNG.initAndRun(RemoteTestNG.java:251)
	at org.testng.remote.RemoteTestNG.main(RemoteTestNG.java:77)
]]>
            </full-stacktrace>
          </exception> <!-- java.lang.NullPointerException -->
          <reporter-output>
          </reporter-output>
        </test-method> <!-- Verify_Dynata_Call_us_privacy_param -->
        <test-method status="FAIL" signature="Verify_Dynata_Call_ca_param()[pri:905, instance:com.twc.ios.app.testcases.SmokeTest@4bee18dc]" name="Verify_Dynata_Call_ca_param" duration-ms="7" started-at="2023-01-25T16:11:48Z" finished-at="2023-01-25T16:11:48Z">
          <exception class="java.lang.NullPointerException">
            <full-stacktrace>
              <![CDATA[java.lang.NullPointerException
	at com.twc.ios.app.general.Utils.validate_param_val_of_Dynata_Call(Utils.java:13866)
	at com.twc.ios.app.testcases.SmokeTest.Verify_Dynata_Call_ca_param(SmokeTest.java:3562)
	at sun.reflect.NativeMethodAccessorImpl.invoke0(Native Method)
	at sun.reflect.NativeMethodAccessorImpl.invoke(NativeMethodAccessorImpl.java:62)
	at sun.reflect.DelegatingMethodAccessorImpl.invoke(DelegatingMethodAccessorImpl.java:43)
	at java.lang.reflect.Method.invoke(Method.java:498)
	at org.testng.internal.MethodInvocationHelper.invokeMethod(MethodInvocationHelper.java:86)
	at org.testng.internal.Invoker.invokeMethod(Invoker.java:643)
	at org.testng.internal.Invoker.invokeTestMethod(Invoker.java:820)
	at org.testng.internal.Invoker.invokeTestMethods(Invoker.java:1128)
	at org.testng.internal.TestMethodWorker.invokeTestMethods(TestMethodWorker.java:129)
	at org.testng.internal.TestMethodWorker.run(TestMethodWorker.java:112)
	at org.testng.TestRunner.privateRun(TestRunner.java:782)
	at org.testng.TestRunner.run(TestRunner.java:632)
	at org.testng.SuiteRunner.runTest(SuiteRunner.java:366)
	at org.testng.SuiteRunner.runSequentially(SuiteRunner.java:361)
	at org.testng.SuiteRunner.privateRun(SuiteRunner.java:319)
	at org.testng.SuiteRunner.run(SuiteRunner.java:268)
	at org.testng.SuiteRunnerWorker.runSuite(SuiteRunnerWorker.java:52)
	at org.testng.SuiteRunnerWorker.run(SuiteRunnerWorker.java:86)
	at org.testng.TestNG.runSuitesSequentially(TestNG.java:1244)
	at org.testng.TestNG.runSuitesLocally(TestNG.java:1169)
	at org.testng.TestNG.run(TestNG.java:1064)
	at org.testng.remote.AbstractRemoteTestNG.run(AbstractRemoteTestNG.java:115)
	at org.testng.remote.RemoteTestNG.initAndRun(RemoteTestNG.java:251)
	at org.testng.remote.RemoteTestNG.main(RemoteTestNG.java:77)
]]>
            </full-stacktrace>
          </exception> <!-- java.lang.NullPointerException -->
          <reporter-output>
          </reporter-output>
        </test-method> <!-- Verify_Dynata_Call_ca_param -->
        <test-method status="FAIL" signature="Verify_Dynata_Call_si_param()[pri:906, instance:com.twc.ios.app.testcases.SmokeTest@4bee18dc]" name="Verify_Dynata_Call_si_param" duration-ms="6" started-at="2023-01-25T16:11:48Z" finished-at="2023-01-25T16:11:48Z">
          <exception class="java.lang.NullPointerException">
            <full-stacktrace>
              <![CDATA[java.lang.NullPointerException
	at com.twc.ios.app.general.Utils.validate_param_val_of_Dynata_Call(Utils.java:13866)
	at com.twc.ios.app.testcases.SmokeTest.Verify_Dynata_Call_si_param(SmokeTest.java:3575)
	at sun.reflect.NativeMethodAccessorImpl.invoke0(Native Method)
	at sun.reflect.NativeMethodAccessorImpl.invoke(NativeMethodAccessorImpl.java:62)
	at sun.reflect.DelegatingMethodAccessorImpl.invoke(DelegatingMethodAccessorImpl.java:43)
	at java.lang.reflect.Method.invoke(Method.java:498)
	at org.testng.internal.MethodInvocationHelper.invokeMethod(MethodInvocationHelper.java:86)
	at org.testng.internal.Invoker.invokeMethod(Invoker.java:643)
	at org.testng.internal.Invoker.invokeTestMethod(Invoker.java:820)
	at org.testng.internal.Invoker.invokeTestMethods(Invoker.java:1128)
	at org.testng.internal.TestMethodWorker.invokeTestMethods(TestMethodWorker.java:129)
	at org.testng.internal.TestMethodWorker.run(TestMethodWorker.java:112)
	at org.testng.TestRunner.privateRun(TestRunner.java:782)
	at org.testng.TestRunner.run(TestRunner.java:632)
	at org.testng.SuiteRunner.runTest(SuiteRunner.java:366)
	at org.testng.SuiteRunner.runSequentially(SuiteRunner.java:361)
	at org.testng.SuiteRunner.privateRun(SuiteRunner.java:319)
	at org.testng.SuiteRunner.run(SuiteRunner.java:268)
	at org.testng.SuiteRunnerWorker.runSuite(SuiteRunnerWorker.java:52)
	at org.testng.SuiteRunnerWorker.run(SuiteRunnerWorker.java:86)
	at org.testng.TestNG.runSuitesSequentially(TestNG.java:1244)
	at org.testng.TestNG.runSuitesLocally(TestNG.java:1169)
	at org.testng.TestNG.run(TestNG.java:1064)
	at org.testng.remote.AbstractRemoteTestNG.run(AbstractRemoteTestNG.java:115)
	at org.testng.remote.RemoteTestNG.initAndRun(RemoteTestNG.java:251)
	at org.testng.remote.RemoteTestNG.main(RemoteTestNG.java:77)
]]>
            </full-stacktrace>
          </exception> <!-- java.lang.NullPointerException -->
          <reporter-output>
          </reporter-output>
        </test-method> <!-- Verify_Dynata_Call_si_param -->
        <test-method status="FAIL" signature="Verify_Dynata_Call_pl_param()[pri:907, instance:com.twc.ios.app.testcases.SmokeTest@4bee18dc]" name="Verify_Dynata_Call_pl_param" duration-ms="7" started-at="2023-01-25T16:11:48Z" finished-at="2023-01-25T16:11:48Z">
          <exception class="java.lang.NullPointerException">
            <full-stacktrace>
              <![CDATA[java.lang.NullPointerException
	at com.twc.ios.app.general.Utils.validate_param_val_of_Dynata_Call(Utils.java:13866)
	at com.twc.ios.app.testcases.SmokeTest.Verify_Dynata_Call_pl_param(SmokeTest.java:3588)
	at sun.reflect.NativeMethodAccessorImpl.invoke0(Native Method)
	at sun.reflect.NativeMethodAccessorImpl.invoke(NativeMethodAccessorImpl.java:62)
	at sun.reflect.DelegatingMethodAccessorImpl.invoke(DelegatingMethodAccessorImpl.java:43)
	at java.lang.reflect.Method.invoke(Method.java:498)
	at org.testng.internal.MethodInvocationHelper.invokeMethod(MethodInvocationHelper.java:86)
	at org.testng.internal.Invoker.invokeMethod(Invoker.java:643)
	at org.testng.internal.Invoker.invokeTestMethod(Invoker.java:820)
	at org.testng.internal.Invoker.invokeTestMethods(Invoker.java:1128)
	at org.testng.internal.TestMethodWorker.invokeTestMethods(TestMethodWorker.java:129)
	at org.testng.internal.TestMethodWorker.run(TestMethodWorker.java:112)
	at org.testng.TestRunner.privateRun(TestRunner.java:782)
	at org.testng.TestRunner.run(TestRunner.java:632)
	at org.testng.SuiteRunner.runTest(SuiteRunner.java:366)
	at org.testng.SuiteRunner.runSequentially(SuiteRunner.java:361)
	at org.testng.SuiteRunner.privateRun(SuiteRunner.java:319)
	at org.testng.SuiteRunner.run(SuiteRunner.java:268)
	at org.testng.SuiteRunnerWorker.runSuite(SuiteRunnerWorker.java:52)
	at org.testng.SuiteRunnerWorker.run(SuiteRunnerWorker.java:86)
	at org.testng.TestNG.runSuitesSequentially(TestNG.java:1244)
	at org.testng.TestNG.runSuitesLocally(TestNG.java:1169)
	at org.testng.TestNG.run(TestNG.java:1064)
	at org.testng.remote.AbstractRemoteTestNG.run(AbstractRemoteTestNG.java:115)
	at org.testng.remote.RemoteTestNG.initAndRun(RemoteTestNG.java:251)
	at org.testng.remote.RemoteTestNG.main(RemoteTestNG.java:77)
]]>
            </full-stacktrace>
          </exception> <!-- java.lang.NullPointerException -->
          <reporter-output>
          </reporter-output>
        </test-method> <!-- Verify_Dynata_Call_pl_param -->
        <test-method status="FAIL" signature="Verify_Dynata_Call_cr_param()[pri:908, instance:com.twc.ios.app.testcases.SmokeTest@4bee18dc]" name="Verify_Dynata_Call_cr_param" duration-ms="6" started-at="2023-01-25T16:11:48Z" finished-at="2023-01-25T16:11:48Z">
          <exception class="java.lang.NullPointerException">
            <full-stacktrace>
              <![CDATA[java.lang.NullPointerException
	at com.twc.ios.app.general.Utils.validate_param_val_of_Dynata_Call(Utils.java:13866)
	at com.twc.ios.app.testcases.SmokeTest.Verify_Dynata_Call_cr_param(SmokeTest.java:3601)
	at sun.reflect.NativeMethodAccessorImpl.invoke0(Native Method)
	at sun.reflect.NativeMethodAccessorImpl.invoke(NativeMethodAccessorImpl.java:62)
	at sun.reflect.DelegatingMethodAccessorImpl.invoke(DelegatingMethodAccessorImpl.java:43)
	at java.lang.reflect.Method.invoke(Method.java:498)
	at org.testng.internal.MethodInvocationHelper.invokeMethod(MethodInvocationHelper.java:86)
	at org.testng.internal.Invoker.invokeMethod(Invoker.java:643)
	at org.testng.internal.Invoker.invokeTestMethod(Invoker.java:820)
	at org.testng.internal.Invoker.invokeTestMethods(Invoker.java:1128)
	at org.testng.internal.TestMethodWorker.invokeTestMethods(TestMethodWorker.java:129)
	at org.testng.internal.TestMethodWorker.run(TestMethodWorker.java:112)
	at org.testng.TestRunner.privateRun(TestRunner.java:782)
	at org.testng.TestRunner.run(TestRunner.java:632)
	at org.testng.SuiteRunner.runTest(SuiteRunner.java:366)
	at org.testng.SuiteRunner.runSequentially(SuiteRunner.java:361)
	at org.testng.SuiteRunner.privateRun(SuiteRunner.java:319)
	at org.testng.SuiteRunner.run(SuiteRunner.java:268)
	at org.testng.SuiteRunnerWorker.runSuite(SuiteRunnerWorker.java:52)
	at org.testng.SuiteRunnerWorker.run(SuiteRunnerWorker.java:86)
	at org.testng.TestNG.runSuitesSequentially(TestNG.java:1244)
	at org.testng.TestNG.runSuitesLocally(TestNG.java:1169)
	at org.testng.TestNG.run(TestNG.java:1064)
	at org.testng.remote.AbstractRemoteTestNG.run(AbstractRemoteTestNG.java:115)
	at org.testng.remote.RemoteTestNG.initAndRun(RemoteTestNG.java:251)
	at org.testng.remote.RemoteTestNG.main(RemoteTestNG.java:77)
]]>
            </full-stacktrace>
          </exception> <!-- java.lang.NullPointerException -->
          <reporter-output>
          </reporter-output>
        </test-method> <!-- Verify_Dynata_Call_cr_param -->
        <test-method status="FAIL" signature="Verify_Dynata_Call_did_param()[pri:909, instance:com.twc.ios.app.testcases.SmokeTest@4bee18dc]" name="Verify_Dynata_Call_did_param" duration-ms="6" started-at="2023-01-25T16:11:48Z" finished-at="2023-01-25T16:11:48Z">
          <exception class="java.lang.NullPointerException">
            <full-stacktrace>
              <![CDATA[java.lang.NullPointerException
	at com.twc.ios.app.general.Utils.validate_param_val_of_Dynata_Call(Utils.java:13866)
	at com.twc.ios.app.testcases.SmokeTest.Verify_Dynata_Call_did_param(SmokeTest.java:3614)
	at sun.reflect.NativeMethodAccessorImpl.invoke0(Native Method)
	at sun.reflect.NativeMethodAccessorImpl.invoke(NativeMethodAccessorImpl.java:62)
	at sun.reflect.DelegatingMethodAccessorImpl.invoke(DelegatingMethodAccessorImpl.java:43)
	at java.lang.reflect.Method.invoke(Method.java:498)
	at org.testng.internal.MethodInvocationHelper.invokeMethod(MethodInvocationHelper.java:86)
	at org.testng.internal.Invoker.invokeMethod(Invoker.java:643)
	at org.testng.internal.Invoker.invokeTestMethod(Invoker.java:820)
	at org.testng.internal.Invoker.invokeTestMethods(Invoker.java:1128)
	at org.testng.internal.TestMethodWorker.invokeTestMethods(TestMethodWorker.java:129)
	at org.testng.internal.TestMethodWorker.run(TestMethodWorker.java:112)
	at org.testng.TestRunner.privateRun(TestRunner.java:782)
	at org.testng.TestRunner.run(TestRunner.java:632)
	at org.testng.SuiteRunner.runTest(SuiteRunner.java:366)
	at org.testng.SuiteRunner.runSequentially(SuiteRunner.java:361)
	at org.testng.SuiteRunner.privateRun(SuiteRunner.java:319)
	at org.testng.SuiteRunner.run(SuiteRunner.java:268)
	at org.testng.SuiteRunnerWorker.runSuite(SuiteRunnerWorker.java:52)
	at org.testng.SuiteRunnerWorker.run(SuiteRunnerWorker.java:86)
	at org.testng.TestNG.runSuitesSequentially(TestNG.java:1244)
	at org.testng.TestNG.runSuitesLocally(TestNG.java:1169)
	at org.testng.TestNG.run(TestNG.java:1064)
	at org.testng.remote.AbstractRemoteTestNG.run(AbstractRemoteTestNG.java:115)
	at org.testng.remote.RemoteTestNG.initAndRun(RemoteTestNG.java:251)
	at org.testng.remote.RemoteTestNG.main(RemoteTestNG.java:77)
]]>
            </full-stacktrace>
          </exception> <!-- java.lang.NullPointerException -->
          <reporter-output>
          </reporter-output>
        </test-method> <!-- Verify_Dynata_Call_did_param -->
        <test-method status="FAIL" signature="Verify_Dynata_Call_eid_param()[pri:910, instance:com.twc.ios.app.testcases.SmokeTest@4bee18dc]" name="Verify_Dynata_Call_eid_param" duration-ms="8" started-at="2023-01-25T16:11:48Z" finished-at="2023-01-25T16:11:48Z">
          <exception class="java.lang.NullPointerException">
            <full-stacktrace>
              <![CDATA[java.lang.NullPointerException
	at com.twc.ios.app.general.Utils.validate_param_val_of_Dynata_Call(Utils.java:13866)
	at com.twc.ios.app.testcases.SmokeTest.Verify_Dynata_Call_eid_param(SmokeTest.java:3627)
	at sun.reflect.NativeMethodAccessorImpl.invoke0(Native Method)
	at sun.reflect.NativeMethodAccessorImpl.invoke(NativeMethodAccessorImpl.java:62)
	at sun.reflect.DelegatingMethodAccessorImpl.invoke(DelegatingMethodAccessorImpl.java:43)
	at java.lang.reflect.Method.invoke(Method.java:498)
	at org.testng.internal.MethodInvocationHelper.invokeMethod(MethodInvocationHelper.java:86)
	at org.testng.internal.Invoker.invokeMethod(Invoker.java:643)
	at org.testng.internal.Invoker.invokeTestMethod(Invoker.java:820)
	at org.testng.internal.Invoker.invokeTestMethods(Invoker.java:1128)
	at org.testng.internal.TestMethodWorker.invokeTestMethods(TestMethodWorker.java:129)
	at org.testng.internal.TestMethodWorker.run(TestMethodWorker.java:112)
	at org.testng.TestRunner.privateRun(TestRunner.java:782)
	at org.testng.TestRunner.run(TestRunner.java:632)
	at org.testng.SuiteRunner.runTest(SuiteRunner.java:366)
	at org.testng.SuiteRunner.runSequentially(SuiteRunner.java:361)
	at org.testng.SuiteRunner.privateRun(SuiteRunner.java:319)
	at org.testng.SuiteRunner.run(SuiteRunner.java:268)
	at org.testng.SuiteRunnerWorker.runSuite(SuiteRunnerWorker.java:52)
	at org.testng.SuiteRunnerWorker.run(SuiteRunnerWorker.java:86)
	at org.testng.TestNG.runSuitesSequentially(TestNG.java:1244)
	at org.testng.TestNG.runSuitesLocally(TestNG.java:1169)
	at org.testng.TestNG.run(TestNG.java:1064)
	at org.testng.remote.AbstractRemoteTestNG.run(AbstractRemoteTestNG.java:115)
	at org.testng.remote.RemoteTestNG.initAndRun(RemoteTestNG.java:251)
	at org.testng.remote.RemoteTestNG.main(RemoteTestNG.java:77)
]]>
            </full-stacktrace>
          </exception> <!-- java.lang.NullPointerException -->
          <reporter-output>
          </reporter-output>
        </test-method> <!-- Verify_Dynata_Call_eid_param -->
        <test-method status="FAIL" signature="Verify_Dynata_Call_ord_param()[pri:911, instance:com.twc.ios.app.testcases.SmokeTest@4bee18dc]" name="Verify_Dynata_Call_ord_param" duration-ms="7" started-at="2023-01-25T16:11:48Z" finished-at="2023-01-25T16:11:48Z">
          <exception class="java.lang.NullPointerException">
            <full-stacktrace>
              <![CDATA[java.lang.NullPointerException
	at com.twc.ios.app.general.Utils.validate_param_val_of_Dynata_Call(Utils.java:13866)
	at com.twc.ios.app.testcases.SmokeTest.Verify_Dynata_Call_ord_param(SmokeTest.java:3640)
	at sun.reflect.NativeMethodAccessorImpl.invoke0(Native Method)
	at sun.reflect.NativeMethodAccessorImpl.invoke(NativeMethodAccessorImpl.java:62)
	at sun.reflect.DelegatingMethodAccessorImpl.invoke(DelegatingMethodAccessorImpl.java:43)
	at java.lang.reflect.Method.invoke(Method.java:498)
	at org.testng.internal.MethodInvocationHelper.invokeMethod(MethodInvocationHelper.java:86)
	at org.testng.internal.Invoker.invokeMethod(Invoker.java:643)
	at org.testng.internal.Invoker.invokeTestMethod(Invoker.java:820)
	at org.testng.internal.Invoker.invokeTestMethods(Invoker.java:1128)
	at org.testng.internal.TestMethodWorker.invokeTestMethods(TestMethodWorker.java:129)
	at org.testng.internal.TestMethodWorker.run(TestMethodWorker.java:112)
	at org.testng.TestRunner.privateRun(TestRunner.java:782)
	at org.testng.TestRunner.run(TestRunner.java:632)
	at org.testng.SuiteRunner.runTest(SuiteRunner.java:366)
	at org.testng.SuiteRunner.runSequentially(SuiteRunner.java:361)
	at org.testng.SuiteRunner.privateRun(SuiteRunner.java:319)
	at org.testng.SuiteRunner.run(SuiteRunner.java:268)
	at org.testng.SuiteRunnerWorker.runSuite(SuiteRunnerWorker.java:52)
	at org.testng.SuiteRunnerWorker.run(SuiteRunnerWorker.java:86)
	at org.testng.TestNG.runSuitesSequentially(TestNG.java:1244)
	at org.testng.TestNG.runSuitesLocally(TestNG.java:1169)
	at org.testng.TestNG.run(TestNG.java:1064)
	at org.testng.remote.AbstractRemoteTestNG.run(AbstractRemoteTestNG.java:115)
	at org.testng.remote.RemoteTestNG.initAndRun(RemoteTestNG.java:251)
	at org.testng.remote.RemoteTestNG.main(RemoteTestNG.java:77)
]]>
            </full-stacktrace>
          </exception> <!-- java.lang.NullPointerException -->
          <reporter-output>
          </reporter-output>
        </test-method> <!-- Verify_Dynata_Call_ord_param -->
        <test-method status="PASS" signature="launchAppFromWidget()[pri:1000, instance:com.twc.ios.app.testcases.SmokeTest@4bee18dc]" name="launchAppFromWidget" duration-ms="297" started-at="2023-01-25T16:11:48Z" finished-at="2023-01-25T16:11:49Z">
          <reporter-output>
          </reporter-output>
        </test-method> <!-- launchAppFromWidget -->
        <test-method status="FAIL" signature="afterClass()[pri:0, instance:com.twc.ios.app.testcases.SmokeTest@4bee18dc]" name="afterClass" is-config="true" duration-ms="0" started-at="2023-01-25T16:11:49Z" finished-at="2023-01-25T16:11:49Z">
          <exception class="java.lang.NullPointerException">
            <full-stacktrace>
              <![CDATA[java.lang.NullPointerException
	at com.twc.ios.app.testcases.SmokeTest.afterClass(SmokeTest.java:84)
	at sun.reflect.NativeMethodAccessorImpl.invoke0(Native Method)
	at sun.reflect.NativeMethodAccessorImpl.invoke(NativeMethodAccessorImpl.java:62)
	at sun.reflect.DelegatingMethodAccessorImpl.invoke(DelegatingMethodAccessorImpl.java:43)
	at java.lang.reflect.Method.invoke(Method.java:498)
	at org.testng.internal.MethodInvocationHelper.invokeMethod(MethodInvocationHelper.java:86)
	at org.testng.internal.Invoker.invokeConfigurationMethod(Invoker.java:514)
	at org.testng.internal.Invoker.invokeConfigurations(Invoker.java:215)
	at org.testng.internal.Invoker.invokeConfigurations(Invoker.java:142)
	at org.testng.internal.TestMethodWorker.invokeAfterClassMethods(TestMethodWorker.java:232)
	at org.testng.internal.TestMethodWorker.run(TestMethodWorker.java:115)
	at org.testng.TestRunner.privateRun(TestRunner.java:782)
	at org.testng.TestRunner.run(TestRunner.java:632)
	at org.testng.SuiteRunner.runTest(SuiteRunner.java:366)
	at org.testng.SuiteRunner.runSequentially(SuiteRunner.java:361)
	at org.testng.SuiteRunner.privateRun(SuiteRunner.java:319)
	at org.testng.SuiteRunner.run(SuiteRunner.java:268)
	at org.testng.SuiteRunnerWorker.runSuite(SuiteRunnerWorker.java:52)
	at org.testng.SuiteRunnerWorker.run(SuiteRunnerWorker.java:86)
	at org.testng.TestNG.runSuitesSequentially(TestNG.java:1244)
	at org.testng.TestNG.runSuitesLocally(TestNG.java:1169)
	at org.testng.TestNG.run(TestNG.java:1064)
	at org.testng.remote.AbstractRemoteTestNG.run(AbstractRemoteTestNG.java:115)
	at org.testng.remote.RemoteTestNG.initAndRun(RemoteTestNG.java:251)
	at org.testng.remote.RemoteTestNG.main(RemoteTestNG.java:77)
]]>
            </full-stacktrace>
          </exception> <!-- java.lang.NullPointerException -->
          <reporter-output>
          </reporter-output>
        </test-method> <!-- afterClass -->
      </class> <!-- com.twc.ios.app.testcases.SmokeTest -->
    </test> <!-- Default test -->
  </suite> <!-- Default suite -->
</testng-results>
