<?xml version="1.0" encoding="UTF-8"?>
<testng-results skipped="0" failed="0" total="97" passed="97">
  <reporter-output>
  </reporter-output>
  <suite name="Default suite" duration-ms="3833769" started-at="2023-03-14T11:33:44Z" finished-at="2023-03-14T12:37:38Z">
    <groups>
    </groups>
    <test name="Default test" duration-ms="3833769" started-at="2023-03-14T11:33:44Z" finished-at="2023-03-14T12:37:38Z">
      <class name="com.twc.ios.app.testcases.AndroidUSACCPAPrivacyTest">
        <test-method status="PASS" signature="beforeClass()[pri:0, instance:com.twc.ios.app.testcases.AndroidUSACCPAPrivacyTest@27f74733]" name="beforeClass" is-config="true" duration-ms="30301" started-at="2023-03-14T17:03:44Z" finished-at="2023-03-14T17:04:14Z">
          <reporter-output>
          </reporter-output>
        </test-method> <!-- beforeClass -->
        <test-method status="PASS" signature="preConditionsTest_for_USACCPA()[pri:0, instance:com.twc.ios.app.testcases.AndroidUSACCPAPrivacyTest@27f74733]" name="preConditionsTest_for_USACCPA" duration-ms="321794" started-at="2023-03-14T17:04:14Z" finished-at="2023-03-14T17:09:36Z">
          <reporter-output>
          </reporter-output>
        </test-method> <!-- preConditionsTest_for_USACCPA -->
        <test-method status="PASS" signature="verify_enabling_Privacy_optin_for_USACCPA()[pri:10, instance:com.twc.ios.app.testcases.AndroidUSACCPAPrivacyTest@27f74733]" name="verify_enabling_Privacy_optin_for_USACCPA" duration-ms="250050" started-at="2023-03-14T17:09:36Z" finished-at="2023-03-14T17:13:46Z">
          <reporter-output>
          </reporter-output>
        </test-method> <!-- verify_enabling_Privacy_optin_for_USACCPA -->
        <test-method status="PASS" signature="navigate_To_Feed_Cards_when_Privacy_optin_for_USACCPA()[pri:11, instance:com.twc.ios.app.testcases.AndroidUSACCPAPrivacyTest@27f74733]" name="navigate_To_Feed_Cards_when_Privacy_optin_for_USACCPA" duration-ms="101330" started-at="2023-03-14T17:13:46Z" finished-at="2023-03-14T17:15:28Z">
          <reporter-output>
          </reporter-output>
        </test-method> <!-- navigate_To_Feed_Cards_when_Privacy_optin_for_USACCPA -->
        <test-method status="PASS" signature="validate_NextGen_IM_Adcall_sod_val_privacy_optin_for_USACCPA()[pri:19, instance:com.twc.ios.app.testcases.AndroidUSACCPAPrivacyTest@27f74733]" name="validate_NextGen_IM_Adcall_sod_val_privacy_optin_for_USACCPA" duration-ms="154" started-at="2023-03-14T17:15:28Z" finished-at="2023-03-14T17:15:28Z">
          <reporter-output>
          </reporter-output>
        </test-method> <!-- validate_NextGen_IM_Adcall_sod_val_privacy_optin_for_USACCPA -->
        <test-method status="PASS" signature="verify_Daily_details_call_sod_val_privacy_optin_for_USACCPA()[pri:21, instance:com.twc.ios.app.testcases.AndroidUSACCPAPrivacyTest@27f74733]" name="verify_Daily_details_call_sod_val_privacy_optin_for_USACCPA" duration-ms="73" started-at="2023-03-14T17:15:28Z" finished-at="2023-03-14T17:15:28Z">
          <reporter-output>
          </reporter-output>
        </test-method> <!-- verify_Daily_details_call_sod_val_privacy_optin_for_USACCPA -->
        <test-method status="PASS" signature="Verify_Amazon_Call_for_USACCPA()[pri:26, instance:com.twc.ios.app.testcases.AndroidUSACCPAPrivacyTest@27f74733]" name="Verify_Amazon_Call_for_USACCPA" duration-ms="80" started-at="2023-03-14T17:15:28Z" finished-at="2023-03-14T17:15:28Z">
          <reporter-output>
          </reporter-output>
        </test-method> <!-- Verify_Amazon_Call_for_USACCPA -->
        <test-method status="PASS" signature="Verify_Lotame_call_privacy_optin_for_USACCPA()[pri:38, instance:com.twc.ios.app.testcases.AndroidUSACCPAPrivacyTest@27f74733]" name="Verify_Lotame_call_privacy_optin_for_USACCPA" duration-ms="80" started-at="2023-03-14T17:15:28Z" finished-at="2023-03-14T17:15:28Z">
          <reporter-output>
          </reporter-output>
        </test-method> <!-- Verify_Lotame_call_privacy_optin_for_USACCPA -->
        <test-method status="PASS" signature="Verify_LocationWFXTriggers_Call_privacy_optin_for_USACCPA()[pri:39, instance:com.twc.ios.app.testcases.AndroidUSACCPAPrivacyTest@27f74733]" name="Verify_LocationWFXTriggers_Call_privacy_optin_for_USACCPA" duration-ms="100" started-at="2023-03-14T17:15:28Z" finished-at="2023-03-14T17:15:28Z">
          <reporter-output>
          </reporter-output>
        </test-method> <!-- Verify_LocationWFXTriggers_Call_privacy_optin_for_USACCPA -->
        <test-method status="PASS" signature="Verify_WFXTriggers_Call_privacy_optin_for_USACCPA()[pri:40, instance:com.twc.ios.app.testcases.AndroidUSACCPAPrivacyTest@27f74733]" name="Verify_WFXTriggers_Call_privacy_optin_for_USACCPA" duration-ms="75" started-at="2023-03-14T17:15:28Z" finished-at="2023-03-14T17:15:28Z">
          <reporter-output>
          </reporter-output>
        </test-method> <!-- Verify_WFXTriggers_Call_privacy_optin_for_USACCPA -->
        <test-method status="PASS" signature="validate_NextGen_IM_call_rdp_val_privacy_optin_for_USACCPA()[pri:42, instance:com.twc.ios.app.testcases.AndroidUSACCPAPrivacyTest@27f74733]" name="validate_NextGen_IM_call_rdp_val_privacy_optin_for_USACCPA" duration-ms="83" started-at="2023-03-14T17:15:28Z" finished-at="2023-03-14T17:15:28Z">
          <reporter-output>
          </reporter-output>
        </test-method> <!-- validate_NextGen_IM_call_rdp_val_privacy_optin_for_USACCPA -->
        <test-method status="PASS" signature="Verify_Criteo_SDK_inapp_v2_Call_privacy_optin_for_USACCPA()[pri:51, instance:com.twc.ios.app.testcases.AndroidUSACCPAPrivacyTest@27f74733]" name="Verify_Criteo_SDK_inapp_v2_Call_privacy_optin_for_USACCPA" duration-ms="72" started-at="2023-03-14T17:15:28Z" finished-at="2023-03-14T17:15:28Z">
          <reporter-output>
          </reporter-output>
        </test-method> <!-- Verify_Criteo_SDK_inapp_v2_Call_privacy_optin_for_USACCPA -->
        <test-method status="PASS" signature="Verify_Criteo_SDK_config_app_Call_privacy_optin_for_USACCPA()[pri:52, instance:com.twc.ios.app.testcases.AndroidUSACCPAPrivacyTest@27f74733]" name="Verify_Criteo_SDK_config_app_Call_privacy_optin_for_USACCPA" duration-ms="67" started-at="2023-03-14T17:15:28Z" finished-at="2023-03-14T17:15:28Z">
          <reporter-output>
          </reporter-output>
        </test-method> <!-- Verify_Criteo_SDK_config_app_Call_privacy_optin_for_USACCPA -->
        <test-method status="PASS" signature="derive_VideoCall_IU_when_Privacy_optin_for_USACCPA()[pri:75, instance:com.twc.ios.app.testcases.AndroidUSACCPAPrivacyTest@27f74733]" name="derive_VideoCall_IU_when_Privacy_optin_for_USACCPA" duration-ms="76058" started-at="2023-03-14T17:15:28Z" finished-at="2023-03-14T17:16:44Z">
          <reporter-output>
          </reporter-output>
        </test-method> <!-- derive_VideoCall_IU_when_Privacy_optin_for_USACCPA -->
        <test-method status="PASS" signature="verify_PrerollAd_call_sod_val_privacy_optin_for_USACCPA()[pri:76, instance:com.twc.ios.app.testcases.AndroidUSACCPAPrivacyTest@27f74733]" name="verify_PrerollAd_call_sod_val_privacy_optin_for_USACCPA" duration-ms="314" started-at="2023-03-14T17:16:44Z" finished-at="2023-03-14T17:16:45Z">
          <reporter-output>
          </reporter-output>
        </test-method> <!-- verify_PrerollAd_call_sod_val_privacy_optin_for_USACCPA -->
        <test-method status="PASS" signature="validate_PrerollVideo_call_rdp_val_privacy_optin_for_USACCPA()[pri:77, instance:com.twc.ios.app.testcases.AndroidUSACCPAPrivacyTest@27f74733]" name="validate_PrerollVideo_call_rdp_val_privacy_optin_for_USACCPA" duration-ms="122" started-at="2023-03-14T17:16:45Z" finished-at="2023-03-14T17:16:45Z">
          <reporter-output>
          </reporter-output>
        </test-method> <!-- validate_PrerollVideo_call_rdp_val_privacy_optin_for_USACCPA -->
        <test-method status="PASS" signature="verify_enabling_Privacy_optout_for_USACCPA()[pri:101, instance:com.twc.ios.app.testcases.AndroidUSACCPAPrivacyTest@27f74733]" name="verify_enabling_Privacy_optout_for_USACCPA" duration-ms="263846" started-at="2023-03-14T17:16:45Z" finished-at="2023-03-14T17:21:09Z">
          <reporter-output>
          </reporter-output>
        </test-method> <!-- verify_enabling_Privacy_optout_for_USACCPA -->
        <test-method status="PASS" signature="navigate_To_Feed_Cards_when_Privacy_optout_for_USACCPA()[pri:102, instance:com.twc.ios.app.testcases.AndroidUSACCPAPrivacyTest@27f74733]" name="navigate_To_Feed_Cards_when_Privacy_optout_for_USACCPA" duration-ms="102150" started-at="2023-03-14T17:21:09Z" finished-at="2023-03-14T17:22:51Z">
          <reporter-output>
          </reporter-output>
        </test-method> <!-- navigate_To_Feed_Cards_when_Privacy_optout_for_USACCPA -->
        <test-method status="PASS" signature="validate_NextGen_IM_Adcall_sod_val_privacy_optout_for_USACCPA()[pri:105, instance:com.twc.ios.app.testcases.AndroidUSACCPAPrivacyTest@27f74733]" name="validate_NextGen_IM_Adcall_sod_val_privacy_optout_for_USACCPA" duration-ms="55" started-at="2023-03-14T17:22:51Z" finished-at="2023-03-14T17:22:51Z">
          <reporter-output>
          </reporter-output>
        </test-method> <!-- validate_NextGen_IM_Adcall_sod_val_privacy_optout_for_USACCPA -->
        <test-method status="PASS" signature="verify_Daily_details_call_sod_val_privacy_optout_for_USACCPA()[pri:107, instance:com.twc.ios.app.testcases.AndroidUSACCPAPrivacyTest@27f74733]" name="verify_Daily_details_call_sod_val_privacy_optout_for_USACCPA" duration-ms="56" started-at="2023-03-14T17:22:51Z" finished-at="2023-03-14T17:22:51Z">
          <reporter-output>
          </reporter-output>
        </test-method> <!-- verify_Daily_details_call_sod_val_privacy_optout_for_USACCPA -->
        <test-method status="PASS" signature="Verify_Amazon_Call_privacy_optout_for_USACCPA()[pri:111, instance:com.twc.ios.app.testcases.AndroidUSACCPAPrivacyTest@27f74733]" name="Verify_Amazon_Call_privacy_optout_for_USACCPA" duration-ms="56" started-at="2023-03-14T17:22:51Z" finished-at="2023-03-14T17:22:51Z">
          <reporter-output>
          </reporter-output>
        </test-method> <!-- Verify_Amazon_Call_privacy_optout_for_USACCPA -->
        <test-method status="PASS" signature="Verify_Lotame_Call_privacy_optout_for_USACCPA()[pri:131, instance:com.twc.ios.app.testcases.AndroidUSACCPAPrivacyTest@27f74733]" name="Verify_Lotame_Call_privacy_optout_for_USACCPA" duration-ms="63" started-at="2023-03-14T17:22:51Z" finished-at="2023-03-14T17:22:51Z">
          <reporter-output>
          </reporter-output>
        </test-method> <!-- Verify_Lotame_Call_privacy_optout_for_USACCPA -->
        <test-method status="PASS" signature="Verify_LocationWFXTriggers_Call_privacy_optout_for_USACCPA()[pri:132, instance:com.twc.ios.app.testcases.AndroidUSACCPAPrivacyTest@27f74733]" name="Verify_LocationWFXTriggers_Call_privacy_optout_for_USACCPA" duration-ms="60" started-at="2023-03-14T17:22:51Z" finished-at="2023-03-14T17:22:51Z">
          <reporter-output>
          </reporter-output>
        </test-method> <!-- Verify_LocationWFXTriggers_Call_privacy_optout_for_USACCPA -->
        <test-method status="PASS" signature="Verify_WFXTriggers_Call_privacy_optout_for_USACCPA()[pri:133, instance:com.twc.ios.app.testcases.AndroidUSACCPAPrivacyTest@27f74733]" name="Verify_WFXTriggers_Call_privacy_optout_for_USACCPA" duration-ms="58" started-at="2023-03-14T17:22:51Z" finished-at="2023-03-14T17:22:51Z">
          <reporter-output>
          </reporter-output>
        </test-method> <!-- Verify_WFXTriggers_Call_privacy_optout_for_USACCPA -->
        <test-method status="PASS" signature="validate_NextGen_IM_call_rdp_val_privacy_optout_for_USACCPA()[pri:135, instance:com.twc.ios.app.testcases.AndroidUSACCPAPrivacyTest@27f74733]" name="validate_NextGen_IM_call_rdp_val_privacy_optout_for_USACCPA" duration-ms="62" started-at="2023-03-14T17:22:51Z" finished-at="2023-03-14T17:22:51Z">
          <reporter-output>
          </reporter-output>
        </test-method> <!-- validate_NextGen_IM_call_rdp_val_privacy_optout_for_USACCPA -->
        <test-method status="PASS" signature="Verify_Criteo_SDK_inapp_v2_Call_privacy_optout_for_USACCPA()[pri:140, instance:com.twc.ios.app.testcases.AndroidUSACCPAPrivacyTest@27f74733]" name="Verify_Criteo_SDK_inapp_v2_Call_privacy_optout_for_USACCPA" duration-ms="62" started-at="2023-03-14T17:22:51Z" finished-at="2023-03-14T17:22:51Z">
          <reporter-output>
          </reporter-output>
        </test-method> <!-- Verify_Criteo_SDK_inapp_v2_Call_privacy_optout_for_USACCPA -->
        <test-method status="PASS" signature="Verify_Criteo_SDK_config_app_Call_privacy_optout_for_USACCPA()[pri:141, instance:com.twc.ios.app.testcases.AndroidUSACCPAPrivacyTest@27f74733]" name="Verify_Criteo_SDK_config_app_Call_privacy_optout_for_USACCPA" duration-ms="66" started-at="2023-03-14T17:22:51Z" finished-at="2023-03-14T17:22:51Z">
          <reporter-output>
          </reporter-output>
        </test-method> <!-- Verify_Criteo_SDK_config_app_Call_privacy_optout_for_USACCPA -->
        <test-method status="PASS" signature="derive_VideoCall_IU_when_Privacy_optout_for_USACCPA()[pri:175, instance:com.twc.ios.app.testcases.AndroidUSACCPAPrivacyTest@27f74733]" name="derive_VideoCall_IU_when_Privacy_optout_for_USACCPA" duration-ms="75287" started-at="2023-03-14T17:22:51Z" finished-at="2023-03-14T17:24:07Z">
          <reporter-output>
          </reporter-output>
        </test-method> <!-- derive_VideoCall_IU_when_Privacy_optout_for_USACCPA -->
        <test-method status="PASS" signature="verify_PrerollAd_call_sod_val_privacy_optout_for_USACCPA()[pri:176, instance:com.twc.ios.app.testcases.AndroidUSACCPAPrivacyTest@27f74733]" name="verify_PrerollAd_call_sod_val_privacy_optout_for_USACCPA" duration-ms="236" started-at="2023-03-14T17:24:07Z" finished-at="2023-03-14T17:24:07Z">
          <reporter-output>
          </reporter-output>
        </test-method> <!-- verify_PrerollAd_call_sod_val_privacy_optout_for_USACCPA -->
        <test-method status="PASS" signature="validate_PrerollVideo_call_rdp_val_privacy_optout_for_USACCPA()[pri:177, instance:com.twc.ios.app.testcases.AndroidUSACCPAPrivacyTest@27f74733]" name="validate_PrerollVideo_call_rdp_val_privacy_optout_for_USACCPA" duration-ms="240088" started-at="2023-03-14T17:24:07Z" finished-at="2023-03-14T17:28:07Z">
          <reporter-output>
          </reporter-output>
        </test-method> <!-- validate_PrerollVideo_call_rdp_val_privacy_optout_for_USACCPA -->
        <test-method status="PASS" signature="enable_PreConfiguration_for_USACCPA_To_LGPD_Travel_Scenario()[pri:200, instance:com.twc.ios.app.testcases.AndroidUSACCPAPrivacyTest@27f74733]" name="enable_PreConfiguration_for_USACCPA_To_LGPD_Travel_Scenario" duration-ms="161234" started-at="2023-03-14T17:28:07Z" finished-at="2023-03-14T17:30:48Z">
          <reporter-output>
          </reporter-output>
        </test-method> <!-- enable_PreConfiguration_for_USACCPA_To_LGPD_Travel_Scenario -->
        <test-method status="PASS" signature="navigate_To_Feed_Cards_when_Privacy_optout_for_USACCPA_To_LGPD_Travel_Scenario()[pri:201, instance:com.twc.ios.app.testcases.AndroidUSACCPAPrivacyTest@27f74733]" name="navigate_To_Feed_Cards_when_Privacy_optout_for_USACCPA_To_LGPD_Travel_Scenario" duration-ms="67852" started-at="2023-03-14T17:30:48Z" finished-at="2023-03-14T17:31:56Z">
          <reporter-output>
          </reporter-output>
        </test-method> <!-- navigate_To_Feed_Cards_when_Privacy_optout_for_USACCPA_To_LGPD_Travel_Scenario -->
        <test-method status="PASS" signature="validate_NextGen_IM_Adcall_sod_val_privacy_optout_for_USACCPA_To_LGPD_Travel_Scenario()[pri:210, instance:com.twc.ios.app.testcases.AndroidUSACCPAPrivacyTest@27f74733]" name="validate_NextGen_IM_Adcall_sod_val_privacy_optout_for_USACCPA_To_LGPD_Travel_Scenario" duration-ms="22" started-at="2023-03-14T17:31:56Z" finished-at="2023-03-14T17:31:56Z">
          <reporter-output>
          </reporter-output>
        </test-method> <!-- validate_NextGen_IM_Adcall_sod_val_privacy_optout_for_USACCPA_To_LGPD_Travel_Scenario -->
        <test-method status="PASS" signature="Verify_Amazon_Call_privacy_optout_for_USACCPA_To_LGPD_Travel_Scenario()[pri:213, instance:com.twc.ios.app.testcases.AndroidUSACCPAPrivacyTest@27f74733]" name="Verify_Amazon_Call_privacy_optout_for_USACCPA_To_LGPD_Travel_Scenario" duration-ms="20" started-at="2023-03-14T17:31:56Z" finished-at="2023-03-14T17:31:56Z">
          <reporter-output>
          </reporter-output>
        </test-method> <!-- Verify_Amazon_Call_privacy_optout_for_USACCPA_To_LGPD_Travel_Scenario -->
        <test-method status="PASS" signature="Verify_Lotame_Call_privacy_optout_for_USACCPA_To_LGPD_Travel_Scenario()[pri:231, instance:com.twc.ios.app.testcases.AndroidUSACCPAPrivacyTest@27f74733]" name="Verify_Lotame_Call_privacy_optout_for_USACCPA_To_LGPD_Travel_Scenario" duration-ms="19" started-at="2023-03-14T17:31:56Z" finished-at="2023-03-14T17:31:56Z">
          <reporter-output>
          </reporter-output>
        </test-method> <!-- Verify_Lotame_Call_privacy_optout_for_USACCPA_To_LGPD_Travel_Scenario -->
        <test-method status="PASS" signature="Verify_LocationWFXTriggers_Call_privacy_optout_for_USACCPA_To_LGPD_Travel_Scenario()[pri:232, instance:com.twc.ios.app.testcases.AndroidUSACCPAPrivacyTest@27f74733]" name="Verify_LocationWFXTriggers_Call_privacy_optout_for_USACCPA_To_LGPD_Travel_Scenario" duration-ms="22" started-at="2023-03-14T17:31:56Z" finished-at="2023-03-14T17:31:56Z">
          <reporter-output>
          </reporter-output>
        </test-method> <!-- Verify_LocationWFXTriggers_Call_privacy_optout_for_USACCPA_To_LGPD_Travel_Scenario -->
        <test-method status="PASS" signature="validate_NextGen_IM_call_rdp_val_privacy_optout_for_USACCPA_To_LGPD_Travel_Scenario()[pri:235, instance:com.twc.ios.app.testcases.AndroidUSACCPAPrivacyTest@27f74733]" name="validate_NextGen_IM_call_rdp_val_privacy_optout_for_USACCPA_To_LGPD_Travel_Scenario" duration-ms="22" started-at="2023-03-14T17:31:56Z" finished-at="2023-03-14T17:31:56Z">
          <reporter-output>
          </reporter-output>
        </test-method> <!-- validate_NextGen_IM_call_rdp_val_privacy_optout_for_USACCPA_To_LGPD_Travel_Scenario -->
        <test-method status="PASS" signature="validate_NextGen_IM_call_npa_val_privacy_optout_for_USACCPA_To_LGPD_Travel_Scenario()[pri:241, instance:com.twc.ios.app.testcases.AndroidUSACCPAPrivacyTest@27f74733]" name="validate_NextGen_IM_call_npa_val_privacy_optout_for_USACCPA_To_LGPD_Travel_Scenario" duration-ms="21" started-at="2023-03-14T17:31:56Z" finished-at="2023-03-14T17:31:56Z">
          <reporter-output>
          </reporter-output>
        </test-method> <!-- validate_NextGen_IM_call_npa_val_privacy_optout_for_USACCPA_To_LGPD_Travel_Scenario -->
        <test-method status="PASS" signature="Verify_Criteo_SDK_inapp_v2_Call_privacy_optout_for_USACCPA_To_LGPD_Travel_Scenario()[pri:250, instance:com.twc.ios.app.testcases.AndroidUSACCPAPrivacyTest@27f74733]" name="Verify_Criteo_SDK_inapp_v2_Call_privacy_optout_for_USACCPA_To_LGPD_Travel_Scenario" duration-ms="22" started-at="2023-03-14T17:31:56Z" finished-at="2023-03-14T17:31:56Z">
          <reporter-output>
          </reporter-output>
        </test-method> <!-- Verify_Criteo_SDK_inapp_v2_Call_privacy_optout_for_USACCPA_To_LGPD_Travel_Scenario -->
        <test-method status="PASS" signature="Verify_Criteo_SDK_config_app_Call_privacy_optout_for_USACCPA_To_LGPD_Travel_Scenario()[pri:251, instance:com.twc.ios.app.testcases.AndroidUSACCPAPrivacyTest@27f74733]" name="Verify_Criteo_SDK_config_app_Call_privacy_optout_for_USACCPA_To_LGPD_Travel_Scenario" duration-ms="22" started-at="2023-03-14T17:31:56Z" finished-at="2023-03-14T17:31:56Z">
          <reporter-output>
          </reporter-output>
        </test-method> <!-- Verify_Criteo_SDK_config_app_Call_privacy_optout_for_USACCPA_To_LGPD_Travel_Scenario -->
        <test-method status="PASS" signature="derive_VideoCall_IU_when_Privacy_optout_for_USACCPA_To_LGPD_Travel_Scenario()[pri:275, instance:com.twc.ios.app.testcases.AndroidUSACCPAPrivacyTest@27f74733]" name="derive_VideoCall_IU_when_Privacy_optout_for_USACCPA_To_LGPD_Travel_Scenario" duration-ms="76302" started-at="2023-03-14T17:31:56Z" finished-at="2023-03-14T17:33:13Z">
          <reporter-output>
          </reporter-output>
        </test-method> <!-- derive_VideoCall_IU_when_Privacy_optout_for_USACCPA_To_LGPD_Travel_Scenario -->
        <test-method status="PASS" signature="verify_PrerollAd_call_sod_val_privacy_optout_for_USACCPA_To_LGPD_Travel_Scenario()[pri:276, instance:com.twc.ios.app.testcases.AndroidUSACCPAPrivacyTest@27f74733]" name="verify_PrerollAd_call_sod_val_privacy_optout_for_USACCPA_To_LGPD_Travel_Scenario" duration-ms="288" started-at="2023-03-14T17:33:13Z" finished-at="2023-03-14T17:33:13Z">
          <reporter-output>
          </reporter-output>
        </test-method> <!-- verify_PrerollAd_call_sod_val_privacy_optout_for_USACCPA_To_LGPD_Travel_Scenario -->
        <test-method status="PASS" signature="validate_Video_call_npa_val_privacy_optout_for_USACCPA_To_LGPD_Travel_Scenario()[pri:277, instance:com.twc.ios.app.testcases.AndroidUSACCPAPrivacyTest@27f74733]" name="validate_Video_call_npa_val_privacy_optout_for_USACCPA_To_LGPD_Travel_Scenario" duration-ms="125" started-at="2023-03-14T17:33:13Z" finished-at="2023-03-14T17:33:13Z">
          <reporter-output>
          </reporter-output>
        </test-method> <!-- validate_Video_call_npa_val_privacy_optout_for_USACCPA_To_LGPD_Travel_Scenario -->
        <test-method status="PASS" signature="validate_PrerollVideo_call_rdp_val_privacy_optout_for_USACCPA_To_LGPD_Travel_Scenario()[pri:278, instance:com.twc.ios.app.testcases.AndroidUSACCPAPrivacyTest@27f74733]" name="validate_PrerollVideo_call_rdp_val_privacy_optout_for_USACCPA_To_LGPD_Travel_Scenario" duration-ms="240119" started-at="2023-03-14T17:33:13Z" finished-at="2023-03-14T17:37:13Z">
          <reporter-output>
          </reporter-output>
        </test-method> <!-- validate_PrerollVideo_call_rdp_val_privacy_optout_for_USACCPA_To_LGPD_Travel_Scenario -->
        <test-method status="PASS" signature="enable_PreConfiguration_for_USACCPA_To_GDPR_Travel_Scenario()[pri:300, instance:com.twc.ios.app.testcases.AndroidUSACCPAPrivacyTest@27f74733]" name="enable_PreConfiguration_for_USACCPA_To_GDPR_Travel_Scenario" duration-ms="65093" started-at="2023-03-14T17:37:13Z" finished-at="2023-03-14T17:38:18Z">
          <reporter-output>
          </reporter-output>
        </test-method> <!-- enable_PreConfiguration_for_USACCPA_To_GDPR_Travel_Scenario -->
        <test-method status="PASS" signature="navigate_To_Feed_Cards_when_Privacy_optout_for_USACCPA_To_GDPR_Travel_Scenario()[pri:301, instance:com.twc.ios.app.testcases.AndroidUSACCPAPrivacyTest@27f74733]" name="navigate_To_Feed_Cards_when_Privacy_optout_for_USACCPA_To_GDPR_Travel_Scenario" duration-ms="66892" started-at="2023-03-14T17:38:18Z" finished-at="2023-03-14T17:39:25Z">
          <reporter-output>
          </reporter-output>
        </test-method> <!-- navigate_To_Feed_Cards_when_Privacy_optout_for_USACCPA_To_GDPR_Travel_Scenario -->
        <test-method status="PASS" signature="validate_NextGen_IM_Adcall_sod_val_privacy_optout_for_USACCPA_To_GDPR_Travel_Scenario()[pri:310, instance:com.twc.ios.app.testcases.AndroidUSACCPAPrivacyTest@27f74733]" name="validate_NextGen_IM_Adcall_sod_val_privacy_optout_for_USACCPA_To_GDPR_Travel_Scenario" duration-ms="164" started-at="2023-03-14T17:39:25Z" finished-at="2023-03-14T17:39:25Z">
          <reporter-output>
          </reporter-output>
        </test-method> <!-- validate_NextGen_IM_Adcall_sod_val_privacy_optout_for_USACCPA_To_GDPR_Travel_Scenario -->
        <test-method status="PASS" signature="Verify_Amazon_Call_privacy_optout_for_USACCPA_To_GDPR_Travel_Scenario()[pri:313, instance:com.twc.ios.app.testcases.AndroidUSACCPAPrivacyTest@27f74733]" name="Verify_Amazon_Call_privacy_optout_for_USACCPA_To_GDPR_Travel_Scenario" duration-ms="21" started-at="2023-03-14T17:39:25Z" finished-at="2023-03-14T17:39:25Z">
          <reporter-output>
          </reporter-output>
        </test-method> <!-- Verify_Amazon_Call_privacy_optout_for_USACCPA_To_GDPR_Travel_Scenario -->
        <test-method status="PASS" signature="Verify_Lotame_Call_privacy_optout_for_USACCPA_To_GDPR_Travel_Scenario()[pri:331, instance:com.twc.ios.app.testcases.AndroidUSACCPAPrivacyTest@27f74733]" name="Verify_Lotame_Call_privacy_optout_for_USACCPA_To_GDPR_Travel_Scenario" duration-ms="22" started-at="2023-03-14T17:39:25Z" finished-at="2023-03-14T17:39:25Z">
          <reporter-output>
          </reporter-output>
        </test-method> <!-- Verify_Lotame_Call_privacy_optout_for_USACCPA_To_GDPR_Travel_Scenario -->
        <test-method status="PASS" signature="Verify_LocationWFXTriggers_Call_privacy_optout_for_USACCPA_To_GDPR_Travel_Scenario()[pri:332, instance:com.twc.ios.app.testcases.AndroidUSACCPAPrivacyTest@27f74733]" name="Verify_LocationWFXTriggers_Call_privacy_optout_for_USACCPA_To_GDPR_Travel_Scenario" duration-ms="21" started-at="2023-03-14T17:39:25Z" finished-at="2023-03-14T17:39:25Z">
          <reporter-output>
          </reporter-output>
        </test-method> <!-- Verify_LocationWFXTriggers_Call_privacy_optout_for_USACCPA_To_GDPR_Travel_Scenario -->
        <test-method status="PASS" signature="validate_NextGen_IM_call_rdp_val_privacy_optout_for_USACCPA_To_GDPR_Travel_Scenario()[pri:335, instance:com.twc.ios.app.testcases.AndroidUSACCPAPrivacyTest@27f74733]" name="validate_NextGen_IM_call_rdp_val_privacy_optout_for_USACCPA_To_GDPR_Travel_Scenario" duration-ms="23" started-at="2023-03-14T17:39:25Z" finished-at="2023-03-14T17:39:25Z">
          <reporter-output>
          </reporter-output>
        </test-method> <!-- validate_NextGen_IM_call_rdp_val_privacy_optout_for_USACCPA_To_GDPR_Travel_Scenario -->
        <test-method status="PASS" signature="validate_NextGen_IM_call_npa_val_privacy_optout_for_USACCPA_To_GDPR_Travel_Scenario()[pri:341, instance:com.twc.ios.app.testcases.AndroidUSACCPAPrivacyTest@27f74733]" name="validate_NextGen_IM_call_npa_val_privacy_optout_for_USACCPA_To_GDPR_Travel_Scenario" duration-ms="22" started-at="2023-03-14T17:39:25Z" finished-at="2023-03-14T17:39:25Z">
          <reporter-output>
          </reporter-output>
        </test-method> <!-- validate_NextGen_IM_call_npa_val_privacy_optout_for_USACCPA_To_GDPR_Travel_Scenario -->
        <test-method status="PASS" signature="Verify_Criteo_SDK_inapp_v2_Call_privacy_optout_for_USACCPA_To_GDPR_Travel_Scenario()[pri:350, instance:com.twc.ios.app.testcases.AndroidUSACCPAPrivacyTest@27f74733]" name="Verify_Criteo_SDK_inapp_v2_Call_privacy_optout_for_USACCPA_To_GDPR_Travel_Scenario" duration-ms="23" started-at="2023-03-14T17:39:25Z" finished-at="2023-03-14T17:39:25Z">
          <reporter-output>
          </reporter-output>
        </test-method> <!-- Verify_Criteo_SDK_inapp_v2_Call_privacy_optout_for_USACCPA_To_GDPR_Travel_Scenario -->
        <test-method status="PASS" signature="Verify_Criteo_SDK_config_app_Call_privacy_optout_for_USACCPA_To_GDPR_Travel_Scenario()[pri:351, instance:com.twc.ios.app.testcases.AndroidUSACCPAPrivacyTest@27f74733]" name="Verify_Criteo_SDK_config_app_Call_privacy_optout_for_USACCPA_To_GDPR_Travel_Scenario" duration-ms="24" started-at="2023-03-14T17:39:25Z" finished-at="2023-03-14T17:39:25Z">
          <reporter-output>
          </reporter-output>
        </test-method> <!-- Verify_Criteo_SDK_config_app_Call_privacy_optout_for_USACCPA_To_GDPR_Travel_Scenario -->
        <test-method status="PASS" signature="derive_VideoCall_IU_when_Privacy_optout_for_USACCPA_To_GDPR_Travel_Scenario()[pri:375, instance:com.twc.ios.app.testcases.AndroidUSACCPAPrivacyTest@27f74733]" name="derive_VideoCall_IU_when_Privacy_optout_for_USACCPA_To_GDPR_Travel_Scenario" duration-ms="75741" started-at="2023-03-14T17:39:26Z" finished-at="2023-03-14T17:40:41Z">
          <reporter-output>
          </reporter-output>
        </test-method> <!-- derive_VideoCall_IU_when_Privacy_optout_for_USACCPA_To_GDPR_Travel_Scenario -->
        <test-method status="PASS" signature="verify_PrerollAd_call_sod_val_privacy_optout_for_USACCPA_To_GDPR_Travel_Scenario()[pri:376, instance:com.twc.ios.app.testcases.AndroidUSACCPAPrivacyTest@27f74733]" name="verify_PrerollAd_call_sod_val_privacy_optout_for_USACCPA_To_GDPR_Travel_Scenario" duration-ms="98" started-at="2023-03-14T17:40:41Z" finished-at="2023-03-14T17:40:41Z">
          <reporter-output>
          </reporter-output>
        </test-method> <!-- verify_PrerollAd_call_sod_val_privacy_optout_for_USACCPA_To_GDPR_Travel_Scenario -->
        <test-method status="PASS" signature="validate_Video_call_npa_val_privacy_optout_for_USACCPA_To_GDPR_Travel_Scenario()[pri:377, instance:com.twc.ios.app.testcases.AndroidUSACCPAPrivacyTest@27f74733]" name="validate_Video_call_npa_val_privacy_optout_for_USACCPA_To_GDPR_Travel_Scenario" duration-ms="105" started-at="2023-03-14T17:40:41Z" finished-at="2023-03-14T17:40:41Z">
          <reporter-output>
          </reporter-output>
        </test-method> <!-- validate_Video_call_npa_val_privacy_optout_for_USACCPA_To_GDPR_Travel_Scenario -->
        <test-method status="PASS" signature="validate_PrerollVideo_call_rdp_val_privacy_optout_for_USACCPA_To_GDPR_Travel_Scenario()[pri:378, instance:com.twc.ios.app.testcases.AndroidUSACCPAPrivacyTest@27f74733]" name="validate_PrerollVideo_call_rdp_val_privacy_optout_for_USACCPA_To_GDPR_Travel_Scenario" duration-ms="240089" started-at="2023-03-14T17:40:41Z" finished-at="2023-03-14T17:44:42Z">
          <reporter-output>
          </reporter-output>
        </test-method> <!-- validate_PrerollVideo_call_rdp_val_privacy_optout_for_USACCPA_To_GDPR_Travel_Scenario -->
        <test-method status="PASS" signature="enable_PreConfiguration_for_USACCPA_To_SERBIA_Travel_Scenario()[pri:400, instance:com.twc.ios.app.testcases.AndroidUSACCPAPrivacyTest@27f74733]" name="enable_PreConfiguration_for_USACCPA_To_SERBIA_Travel_Scenario" duration-ms="66418" started-at="2023-03-14T17:44:42Z" finished-at="2023-03-14T17:45:48Z">
          <reporter-output>
          </reporter-output>
        </test-method> <!-- enable_PreConfiguration_for_USACCPA_To_SERBIA_Travel_Scenario -->
        <test-method status="PASS" signature="navigate_To_Feed_Cards_when_Privacy_optout_for_USACCPA_To_SERBIA_Travel_Scenario()[pri:401, instance:com.twc.ios.app.testcases.AndroidUSACCPAPrivacyTest@27f74733]" name="navigate_To_Feed_Cards_when_Privacy_optout_for_USACCPA_To_SERBIA_Travel_Scenario" duration-ms="66926" started-at="2023-03-14T17:45:48Z" finished-at="2023-03-14T17:46:55Z">
          <reporter-output>
          </reporter-output>
        </test-method> <!-- navigate_To_Feed_Cards_when_Privacy_optout_for_USACCPA_To_SERBIA_Travel_Scenario -->
        <test-method status="PASS" signature="validate_NextGen_IM_Adcall_sod_val_privacy_optout_for_USACCPA_To_SERBIA_Travel_Scenario()[pri:410, instance:com.twc.ios.app.testcases.AndroidUSACCPAPrivacyTest@27f74733]" name="validate_NextGen_IM_Adcall_sod_val_privacy_optout_for_USACCPA_To_SERBIA_Travel_Scenario" duration-ms="152" started-at="2023-03-14T17:46:55Z" finished-at="2023-03-14T17:46:55Z">
          <reporter-output>
          </reporter-output>
        </test-method> <!-- validate_NextGen_IM_Adcall_sod_val_privacy_optout_for_USACCPA_To_SERBIA_Travel_Scenario -->
        <test-method status="PASS" signature="Verify_Amazon_Call_privacy_optout_for_USACCPA_To_SERBIA_Travel_Scenario()[pri:413, instance:com.twc.ios.app.testcases.AndroidUSACCPAPrivacyTest@27f74733]" name="Verify_Amazon_Call_privacy_optout_for_USACCPA_To_SERBIA_Travel_Scenario" duration-ms="21" started-at="2023-03-14T17:46:55Z" finished-at="2023-03-14T17:46:55Z">
          <reporter-output>
          </reporter-output>
        </test-method> <!-- Verify_Amazon_Call_privacy_optout_for_USACCPA_To_SERBIA_Travel_Scenario -->
        <test-method status="PASS" signature="Verify_Lotame_Call_privacy_optout_for_USACCPA_To_SERBIA_Travel_Scenario()[pri:431, instance:com.twc.ios.app.testcases.AndroidUSACCPAPrivacyTest@27f74733]" name="Verify_Lotame_Call_privacy_optout_for_USACCPA_To_SERBIA_Travel_Scenario" duration-ms="21" started-at="2023-03-14T17:46:55Z" finished-at="2023-03-14T17:46:55Z">
          <reporter-output>
          </reporter-output>
        </test-method> <!-- Verify_Lotame_Call_privacy_optout_for_USACCPA_To_SERBIA_Travel_Scenario -->
        <test-method status="PASS" signature="Verify_LocationWFXTriggers_Call_privacy_optout_for_USACCPA_To_SERBIA_Travel_Scenario()[pri:432, instance:com.twc.ios.app.testcases.AndroidUSACCPAPrivacyTest@27f74733]" name="Verify_LocationWFXTriggers_Call_privacy_optout_for_USACCPA_To_SERBIA_Travel_Scenario" duration-ms="21" started-at="2023-03-14T17:46:55Z" finished-at="2023-03-14T17:46:55Z">
          <reporter-output>
          </reporter-output>
        </test-method> <!-- Verify_LocationWFXTriggers_Call_privacy_optout_for_USACCPA_To_SERBIA_Travel_Scenario -->
        <test-method status="PASS" signature="validate_NextGen_IM_call_rdp_val_privacy_optout_for_USACCPA_To_SERBIA_Travel_Scenario()[pri:435, instance:com.twc.ios.app.testcases.AndroidUSACCPAPrivacyTest@27f74733]" name="validate_NextGen_IM_call_rdp_val_privacy_optout_for_USACCPA_To_SERBIA_Travel_Scenario" duration-ms="21" started-at="2023-03-14T17:46:55Z" finished-at="2023-03-14T17:46:55Z">
          <reporter-output>
          </reporter-output>
        </test-method> <!-- validate_NextGen_IM_call_rdp_val_privacy_optout_for_USACCPA_To_SERBIA_Travel_Scenario -->
        <test-method status="PASS" signature="validate_NextGen_IM_call_npa_val_privacy_optout_for_USACCPA_To_SERBIA_Travel_Scenario()[pri:441, instance:com.twc.ios.app.testcases.AndroidUSACCPAPrivacyTest@27f74733]" name="validate_NextGen_IM_call_npa_val_privacy_optout_for_USACCPA_To_SERBIA_Travel_Scenario" duration-ms="22" started-at="2023-03-14T17:46:55Z" finished-at="2023-03-14T17:46:55Z">
          <reporter-output>
          </reporter-output>
        </test-method> <!-- validate_NextGen_IM_call_npa_val_privacy_optout_for_USACCPA_To_SERBIA_Travel_Scenario -->
        <test-method status="PASS" signature="Verify_Criteo_SDK_inapp_v2_Call_privacy_optout_for_USACCPA_To_SERBIA_Travel_Scenario()[pri:450, instance:com.twc.ios.app.testcases.AndroidUSACCPAPrivacyTest@27f74733]" name="Verify_Criteo_SDK_inapp_v2_Call_privacy_optout_for_USACCPA_To_SERBIA_Travel_Scenario" duration-ms="21" started-at="2023-03-14T17:46:55Z" finished-at="2023-03-14T17:46:55Z">
          <reporter-output>
          </reporter-output>
        </test-method> <!-- Verify_Criteo_SDK_inapp_v2_Call_privacy_optout_for_USACCPA_To_SERBIA_Travel_Scenario -->
        <test-method status="PASS" signature="Verify_Criteo_SDK_config_app_Call_privacy_optout_for_USACCPA_To_SERBIA_Travel_Scenario()[pri:451, instance:com.twc.ios.app.testcases.AndroidUSACCPAPrivacyTest@27f74733]" name="Verify_Criteo_SDK_config_app_Call_privacy_optout_for_USACCPA_To_SERBIA_Travel_Scenario" duration-ms="21" started-at="2023-03-14T17:46:55Z" finished-at="2023-03-14T17:46:55Z">
          <reporter-output>
          </reporter-output>
        </test-method> <!-- Verify_Criteo_SDK_config_app_Call_privacy_optout_for_USACCPA_To_SERBIA_Travel_Scenario -->
        <test-method status="PASS" signature="derive_VideoCall_IU_when_Privacy_optout_for_USACCPA_To_SERBIA_Travel_Scenario()[pri:475, instance:com.twc.ios.app.testcases.AndroidUSACCPAPrivacyTest@27f74733]" name="derive_VideoCall_IU_when_Privacy_optout_for_USACCPA_To_SERBIA_Travel_Scenario" duration-ms="76284" started-at="2023-03-14T17:46:55Z" finished-at="2023-03-14T17:48:11Z">
          <reporter-output>
          </reporter-output>
        </test-method> <!-- derive_VideoCall_IU_when_Privacy_optout_for_USACCPA_To_SERBIA_Travel_Scenario -->
        <test-method status="PASS" signature="verify_PrerollAd_call_sod_val_privacy_optout_for_USACCPA_To_SERBIA_Travel_Scenario()[pri:476, instance:com.twc.ios.app.testcases.AndroidUSACCPAPrivacyTest@27f74733]" name="verify_PrerollAd_call_sod_val_privacy_optout_for_USACCPA_To_SERBIA_Travel_Scenario" duration-ms="148" started-at="2023-03-14T17:48:11Z" finished-at="2023-03-14T17:48:12Z">
          <reporter-output>
          </reporter-output>
        </test-method> <!-- verify_PrerollAd_call_sod_val_privacy_optout_for_USACCPA_To_SERBIA_Travel_Scenario -->
        <test-method status="PASS" signature="validate_Video_call_npa_val_privacy_optout_for_USACCPA_To_SERBIA_Travel_Scenario()[pri:477, instance:com.twc.ios.app.testcases.AndroidUSACCPAPrivacyTest@27f74733]" name="validate_Video_call_npa_val_privacy_optout_for_USACCPA_To_SERBIA_Travel_Scenario" duration-ms="146" started-at="2023-03-14T17:48:12Z" finished-at="2023-03-14T17:48:12Z">
          <reporter-output>
          </reporter-output>
        </test-method> <!-- validate_Video_call_npa_val_privacy_optout_for_USACCPA_To_SERBIA_Travel_Scenario -->
        <test-method status="PASS" signature="validate_PrerollVideo_call_rdp_val_privacy_optout_for_USACCPA_To_SERBIA_Travel_Scenario()[pri:478, instance:com.twc.ios.app.testcases.AndroidUSACCPAPrivacyTest@27f74733]" name="validate_PrerollVideo_call_rdp_val_privacy_optout_for_USACCPA_To_SERBIA_Travel_Scenario" duration-ms="240154" started-at="2023-03-14T17:48:12Z" finished-at="2023-03-14T17:52:12Z">
          <reporter-output>
          </reporter-output>
        </test-method> <!-- validate_PrerollVideo_call_rdp_val_privacy_optout_for_USACCPA_To_SERBIA_Travel_Scenario -->
        <test-method status="PASS" signature="enable_PreConfiguration_for_USACCPA_To_LATAMCO_Travel_Scenario()[pri:500, instance:com.twc.ios.app.testcases.AndroidUSACCPAPrivacyTest@27f74733]" name="enable_PreConfiguration_for_USACCPA_To_LATAMCO_Travel_Scenario" duration-ms="68747" started-at="2023-03-14T17:52:12Z" finished-at="2023-03-14T17:53:21Z">
          <reporter-output>
          </reporter-output>
        </test-method> <!-- enable_PreConfiguration_for_USACCPA_To_LATAMCO_Travel_Scenario -->
        <test-method status="PASS" signature="navigate_To_Feed_Cards_when_Privacy_optout_for_USACCPA_To_LATAMCO_Travel_Scenario()[pri:501, instance:com.twc.ios.app.testcases.AndroidUSACCPAPrivacyTest@27f74733]" name="navigate_To_Feed_Cards_when_Privacy_optout_for_USACCPA_To_LATAMCO_Travel_Scenario" duration-ms="67257" started-at="2023-03-14T17:53:21Z" finished-at="2023-03-14T17:54:28Z">
          <reporter-output>
          </reporter-output>
        </test-method> <!-- navigate_To_Feed_Cards_when_Privacy_optout_for_USACCPA_To_LATAMCO_Travel_Scenario -->
        <test-method status="PASS" signature="validate_NextGen_IM_Adcall_sod_val_privacy_optout_for_USACCPA_To_LATAMCO_Travel_Scenario()[pri:510, instance:com.twc.ios.app.testcases.AndroidUSACCPAPrivacyTest@27f74733]" name="validate_NextGen_IM_Adcall_sod_val_privacy_optout_for_USACCPA_To_LATAMCO_Travel_Scenario" duration-ms="201" started-at="2023-03-14T17:54:28Z" finished-at="2023-03-14T17:54:28Z">
          <reporter-output>
          </reporter-output>
        </test-method> <!-- validate_NextGen_IM_Adcall_sod_val_privacy_optout_for_USACCPA_To_LATAMCO_Travel_Scenario -->
        <test-method status="PASS" signature="Verify_Amazon_Call_privacy_optout_for_USACCPA_To_LATAMCO_Travel_Scenario()[pri:513, instance:com.twc.ios.app.testcases.AndroidUSACCPAPrivacyTest@27f74733]" name="Verify_Amazon_Call_privacy_optout_for_USACCPA_To_LATAMCO_Travel_Scenario" duration-ms="32" started-at="2023-03-14T17:54:28Z" finished-at="2023-03-14T17:54:28Z">
          <reporter-output>
          </reporter-output>
        </test-method> <!-- Verify_Amazon_Call_privacy_optout_for_USACCPA_To_LATAMCO_Travel_Scenario -->
        <test-method status="PASS" signature="Verify_Lotame_Call_privacy_optout_for_USACCPA_To_LATAMCO_Travel_Scenario()[pri:531, instance:com.twc.ios.app.testcases.AndroidUSACCPAPrivacyTest@27f74733]" name="Verify_Lotame_Call_privacy_optout_for_USACCPA_To_LATAMCO_Travel_Scenario" duration-ms="34" started-at="2023-03-14T17:54:28Z" finished-at="2023-03-14T17:54:28Z">
          <reporter-output>
          </reporter-output>
        </test-method> <!-- Verify_Lotame_Call_privacy_optout_for_USACCPA_To_LATAMCO_Travel_Scenario -->
        <test-method status="PASS" signature="Verify_LocationWFXTriggers_Call_privacy_optout_for_USACCPA_To_LATAMCO_Travel_Scenario()[pri:532, instance:com.twc.ios.app.testcases.AndroidUSACCPAPrivacyTest@27f74733]" name="Verify_LocationWFXTriggers_Call_privacy_optout_for_USACCPA_To_LATAMCO_Travel_Scenario" duration-ms="35" started-at="2023-03-14T17:54:28Z" finished-at="2023-03-14T17:54:28Z">
          <reporter-output>
          </reporter-output>
        </test-method> <!-- Verify_LocationWFXTriggers_Call_privacy_optout_for_USACCPA_To_LATAMCO_Travel_Scenario -->
        <test-method status="PASS" signature="validate_NextGen_IM_call_rdp_val_privacy_optout_for_USACCPA_To_LATAMCO_Travel_Scenario()[pri:535, instance:com.twc.ios.app.testcases.AndroidUSACCPAPrivacyTest@27f74733]" name="validate_NextGen_IM_call_rdp_val_privacy_optout_for_USACCPA_To_LATAMCO_Travel_Scenario" duration-ms="36" started-at="2023-03-14T17:54:28Z" finished-at="2023-03-14T17:54:28Z">
          <reporter-output>
          </reporter-output>
        </test-method> <!-- validate_NextGen_IM_call_rdp_val_privacy_optout_for_USACCPA_To_LATAMCO_Travel_Scenario -->
        <test-method status="PASS" signature="validate_NextGen_IM_call_npa_val_privacy_optout_for_USACCPA_To_LATAMCO_Travel_Scenario()[pri:541, instance:com.twc.ios.app.testcases.AndroidUSACCPAPrivacyTest@27f74733]" name="validate_NextGen_IM_call_npa_val_privacy_optout_for_USACCPA_To_LATAMCO_Travel_Scenario" duration-ms="34" started-at="2023-03-14T17:54:28Z" finished-at="2023-03-14T17:54:28Z">
          <reporter-output>
          </reporter-output>
        </test-method> <!-- validate_NextGen_IM_call_npa_val_privacy_optout_for_USACCPA_To_LATAMCO_Travel_Scenario -->
        <test-method status="PASS" signature="Verify_Criteo_SDK_inapp_v2_Call_privacy_optout_for_USACCPA_To_LATAMCO_Travel_Scenario()[pri:550, instance:com.twc.ios.app.testcases.AndroidUSACCPAPrivacyTest@27f74733]" name="Verify_Criteo_SDK_inapp_v2_Call_privacy_optout_for_USACCPA_To_LATAMCO_Travel_Scenario" duration-ms="33" started-at="2023-03-14T17:54:28Z" finished-at="2023-03-14T17:54:28Z">
          <reporter-output>
          </reporter-output>
        </test-method> <!-- Verify_Criteo_SDK_inapp_v2_Call_privacy_optout_for_USACCPA_To_LATAMCO_Travel_Scenario -->
        <test-method status="PASS" signature="Verify_Criteo_SDK_config_app_Call_privacy_optout_for_USACCPA_To_LATAMCO_Travel_Scenario()[pri:551, instance:com.twc.ios.app.testcases.AndroidUSACCPAPrivacyTest@27f74733]" name="Verify_Criteo_SDK_config_app_Call_privacy_optout_for_USACCPA_To_LATAMCO_Travel_Scenario" duration-ms="35" started-at="2023-03-14T17:54:28Z" finished-at="2023-03-14T17:54:28Z">
          <reporter-output>
          </reporter-output>
        </test-method> <!-- Verify_Criteo_SDK_config_app_Call_privacy_optout_for_USACCPA_To_LATAMCO_Travel_Scenario -->
        <test-method status="PASS" signature="derive_VideoCall_IU_when_Privacy_optout_for_USACCPA_To_LATAMCO_Travel_Scenario()[pri:575, instance:com.twc.ios.app.testcases.AndroidUSACCPAPrivacyTest@27f74733]" name="derive_VideoCall_IU_when_Privacy_optout_for_USACCPA_To_LATAMCO_Travel_Scenario" duration-ms="77683" started-at="2023-03-14T17:54:28Z" finished-at="2023-03-14T17:55:46Z">
          <reporter-output>
          </reporter-output>
        </test-method> <!-- derive_VideoCall_IU_when_Privacy_optout_for_USACCPA_To_LATAMCO_Travel_Scenario -->
        <test-method status="PASS" signature="verify_PrerollAd_call_sod_val_privacy_optout_for_USACCPA_To_LATAMCO_Travel_Scenario()[pri:576, instance:com.twc.ios.app.testcases.AndroidUSACCPAPrivacyTest@27f74733]" name="verify_PrerollAd_call_sod_val_privacy_optout_for_USACCPA_To_LATAMCO_Travel_Scenario" duration-ms="111" started-at="2023-03-14T17:55:46Z" finished-at="2023-03-14T17:55:46Z">
          <reporter-output>
          </reporter-output>
        </test-method> <!-- verify_PrerollAd_call_sod_val_privacy_optout_for_USACCPA_To_LATAMCO_Travel_Scenario -->
        <test-method status="PASS" signature="validate_Video_call_npa_val_privacy_optout_for_USACCPA_To_LATAMCO_Travel_Scenario()[pri:577, instance:com.twc.ios.app.testcases.AndroidUSACCPAPrivacyTest@27f74733]" name="validate_Video_call_npa_val_privacy_optout_for_USACCPA_To_LATAMCO_Travel_Scenario" duration-ms="97" started-at="2023-03-14T17:55:46Z" finished-at="2023-03-14T17:55:46Z">
          <reporter-output>
          </reporter-output>
        </test-method> <!-- validate_Video_call_npa_val_privacy_optout_for_USACCPA_To_LATAMCO_Travel_Scenario -->
        <test-method status="PASS" signature="validate_PrerollVideo_call_rdp_val_privacy_optout_for_USACCPA_To_LATAMCO_Travel_Scenario()[pri:578, instance:com.twc.ios.app.testcases.AndroidUSACCPAPrivacyTest@27f74733]" name="validate_PrerollVideo_call_rdp_val_privacy_optout_for_USACCPA_To_LATAMCO_Travel_Scenario" duration-ms="240091" started-at="2023-03-14T17:55:46Z" finished-at="2023-03-14T17:59:46Z">
          <reporter-output>
          </reporter-output>
        </test-method> <!-- validate_PrerollVideo_call_rdp_val_privacy_optout_for_USACCPA_To_LATAMCO_Travel_Scenario -->
        <test-method status="PASS" signature="enable_PreConfiguration_for_USACCPA_To_USA_Travel_Scenario()[pri:800, instance:com.twc.ios.app.testcases.AndroidUSACCPAPrivacyTest@27f74733]" name="enable_PreConfiguration_for_USACCPA_To_USA_Travel_Scenario" duration-ms="86397" started-at="2023-03-14T17:59:46Z" finished-at="2023-03-14T18:01:13Z">
          <reporter-output>
          </reporter-output>
        </test-method> <!-- enable_PreConfiguration_for_USACCPA_To_USA_Travel_Scenario -->
        <test-method status="PASS" signature="navigate_To_Feed_Cards_when_Privacy_optout_for_USACCPA_To_USA_Travel_Scenario()[pri:801, instance:com.twc.ios.app.testcases.AndroidUSACCPAPrivacyTest@27f74733]" name="navigate_To_Feed_Cards_when_Privacy_optout_for_USACCPA_To_USA_Travel_Scenario" duration-ms="67122" started-at="2023-03-14T18:01:13Z" finished-at="2023-03-14T18:02:20Z">
          <reporter-output>
          </reporter-output>
        </test-method> <!-- navigate_To_Feed_Cards_when_Privacy_optout_for_USACCPA_To_USA_Travel_Scenario -->
        <test-method status="PASS" signature="validate_NextGen_IM_Adcall_sod_val_privacy_optout_for_USACCPA_To_USA_Travel_Scenario()[pri:810, instance:com.twc.ios.app.testcases.AndroidUSACCPAPrivacyTest@27f74733]" name="validate_NextGen_IM_Adcall_sod_val_privacy_optout_for_USACCPA_To_USA_Travel_Scenario" duration-ms="208" started-at="2023-03-14T18:02:20Z" finished-at="2023-03-14T18:02:20Z">
          <reporter-output>
          </reporter-output>
        </test-method> <!-- validate_NextGen_IM_Adcall_sod_val_privacy_optout_for_USACCPA_To_USA_Travel_Scenario -->
        <test-method status="PASS" signature="Verify_Amazon_Call_privacy_optout_for_USACCPA_To_USA_Travel_Scenario()[pri:813, instance:com.twc.ios.app.testcases.AndroidUSACCPAPrivacyTest@27f74733]" name="Verify_Amazon_Call_privacy_optout_for_USACCPA_To_USA_Travel_Scenario" duration-ms="44" started-at="2023-03-14T18:02:20Z" finished-at="2023-03-14T18:02:20Z">
          <reporter-output>
          </reporter-output>
        </test-method> <!-- Verify_Amazon_Call_privacy_optout_for_USACCPA_To_USA_Travel_Scenario -->
        <test-method status="PASS" signature="Verify_Lotame_Call_privacy_optout_for_USACCPA_To_USA_Travel_Scenario()[pri:831, instance:com.twc.ios.app.testcases.AndroidUSACCPAPrivacyTest@27f74733]" name="Verify_Lotame_Call_privacy_optout_for_USACCPA_To_USA_Travel_Scenario" duration-ms="47" started-at="2023-03-14T18:02:20Z" finished-at="2023-03-14T18:02:20Z">
          <reporter-output>
          </reporter-output>
        </test-method> <!-- Verify_Lotame_Call_privacy_optout_for_USACCPA_To_USA_Travel_Scenario -->
        <test-method status="PASS" signature="Verify_LocationWFXTriggers_Call_privacy_optout_for_USACCPA_To_USA_Travel_Scenario()[pri:832, instance:com.twc.ios.app.testcases.AndroidUSACCPAPrivacyTest@27f74733]" name="Verify_LocationWFXTriggers_Call_privacy_optout_for_USACCPA_To_USA_Travel_Scenario" duration-ms="47" started-at="2023-03-14T18:02:20Z" finished-at="2023-03-14T18:02:20Z">
          <reporter-output>
          </reporter-output>
        </test-method> <!-- Verify_LocationWFXTriggers_Call_privacy_optout_for_USACCPA_To_USA_Travel_Scenario -->
        <test-method status="PASS" signature="validate_NextGen_IM_call_rdp_val_privacy_optout_for_USACCPA_To_USA_Travel_Scenario()[pri:835, instance:com.twc.ios.app.testcases.AndroidUSACCPAPrivacyTest@27f74733]" name="validate_NextGen_IM_call_rdp_val_privacy_optout_for_USACCPA_To_USA_Travel_Scenario" duration-ms="48" started-at="2023-03-14T18:02:20Z" finished-at="2023-03-14T18:02:20Z">
          <reporter-output>
          </reporter-output>
        </test-method> <!-- validate_NextGen_IM_call_rdp_val_privacy_optout_for_USACCPA_To_USA_Travel_Scenario -->
        <test-method status="PASS" signature="Verify_Criteo_SDK_inapp_v2_Call_privacy_optout_for_USACCPA_To_USA_Travel_Scenario()[pri:850, instance:com.twc.ios.app.testcases.AndroidUSACCPAPrivacyTest@27f74733]" name="Verify_Criteo_SDK_inapp_v2_Call_privacy_optout_for_USACCPA_To_USA_Travel_Scenario" duration-ms="48" started-at="2023-03-14T18:02:20Z" finished-at="2023-03-14T18:02:20Z">
          <reporter-output>
          </reporter-output>
        </test-method> <!-- Verify_Criteo_SDK_inapp_v2_Call_privacy_optout_for_USACCPA_To_USA_Travel_Scenario -->
        <test-method status="PASS" signature="Verify_Criteo_SDK_config_app_Call_privacy_optout_for_USACCPA_To_USA_Travel_Scenario()[pri:851, instance:com.twc.ios.app.testcases.AndroidUSACCPAPrivacyTest@27f74733]" name="Verify_Criteo_SDK_config_app_Call_privacy_optout_for_USACCPA_To_USA_Travel_Scenario" duration-ms="47" started-at="2023-03-14T18:02:20Z" finished-at="2023-03-14T18:02:20Z">
          <reporter-output>
          </reporter-output>
        </test-method> <!-- Verify_Criteo_SDK_config_app_Call_privacy_optout_for_USACCPA_To_USA_Travel_Scenario -->
        <test-method status="PASS" signature="derive_VideoCall_IU_when_Privacy_optout_for_USACCPA_To_USA_Travel_Scenario()[pri:875, instance:com.twc.ios.app.testcases.AndroidUSACCPAPrivacyTest@27f74733]" name="derive_VideoCall_IU_when_Privacy_optout_for_USACCPA_To_USA_Travel_Scenario" duration-ms="76550" started-at="2023-03-14T18:02:20Z" finished-at="2023-03-14T18:03:37Z">
          <reporter-output>
          </reporter-output>
        </test-method> <!-- derive_VideoCall_IU_when_Privacy_optout_for_USACCPA_To_USA_Travel_Scenario -->
        <test-method status="PASS" signature="verify_PrerollAd_call_sod_val_privacy_optout_for_USACCPA_To_USA_Travel_Scenario()[pri:876, instance:com.twc.ios.app.testcases.AndroidUSACCPAPrivacyTest@27f74733]" name="verify_PrerollAd_call_sod_val_privacy_optout_for_USACCPA_To_USA_Travel_Scenario" duration-ms="130" started-at="2023-03-14T18:03:37Z" finished-at="2023-03-14T18:03:37Z">
          <reporter-output>
          </reporter-output>
        </test-method> <!-- verify_PrerollAd_call_sod_val_privacy_optout_for_USACCPA_To_USA_Travel_Scenario -->
        <test-method status="PASS" signature="validate_PrerollVideo_call_rdp_val_privacy_optout_for_USACCPA_To_USA_Travel_Scenario()[pri:878, instance:com.twc.ios.app.testcases.AndroidUSACCPAPrivacyTest@27f74733]" name="validate_PrerollVideo_call_rdp_val_privacy_optout_for_USACCPA_To_USA_Travel_Scenario" duration-ms="140" started-at="2023-03-14T18:03:37Z" finished-at="2023-03-14T18:03:37Z">
          <reporter-output>
          </reporter-output>
        </test-method> <!-- validate_PrerollVideo_call_rdp_val_privacy_optout_for_USACCPA_To_USA_Travel_Scenario -->
        <test-method status="PASS" signature="afterClass()[pri:0, instance:com.twc.ios.app.testcases.AndroidUSACCPAPrivacyTest@27f74733]" name="afterClass" is-config="true" duration-ms="240538" started-at="2023-03-14T18:03:37Z" finished-at="2023-03-14T18:07:38Z">
          <reporter-output>
          </reporter-output>
        </test-method> <!-- afterClass -->
      </class> <!-- com.twc.ios.app.testcases.AndroidUSACCPAPrivacyTest -->
    </test> <!-- Default test -->
  </suite> <!-- Default suite -->
</testng-results>
